[2023-03-22 03:57:27,323] {taskinstance.py:1179} INFO - Dependencies all met for <TaskInstance: download_stock.download_price scheduled__2023-03-22T03:52:25.916668+00:00 [queued]>
[2023-03-22 03:57:27,332] {taskinstance.py:1179} INFO - Dependencies all met for <TaskInstance: download_stock.download_price scheduled__2023-03-22T03:52:25.916668+00:00 [queued]>
[2023-03-22 03:57:27,332] {taskinstance.py:1376} INFO - 
--------------------------------------------------------------------------------
[2023-03-22 03:57:27,333] {taskinstance.py:1377} INFO - Starting attempt 1 of 2
[2023-03-22 03:57:27,333] {taskinstance.py:1378} INFO - 
--------------------------------------------------------------------------------
[2023-03-22 03:57:27,345] {taskinstance.py:1397} INFO - Executing <Task(PythonOperator): download_price> on 2023-03-22 03:52:25.916668+00:00
[2023-03-22 03:57:27,350] {standard_task_runner.py:52} INFO - Started process 698 to run task
[2023-03-22 03:57:27,354] {standard_task_runner.py:79} INFO - Running: ['***', 'tasks', 'run', 'download_stock', 'download_price', 'scheduled__2023-03-22T03:52:25.916668+00:00', '--job-id', '221', '--raw', '--subdir', 'DAGS_FOLDER/download_stock_price.py', '--cfg-path', '/tmp/tmpw9_i1spz', '--error-file', '/tmp/tmplq_3oh6l']
[2023-03-22 03:57:27,356] {standard_task_runner.py:80} INFO - Job 221: Subtask download_price
[2023-03-22 03:57:27,427] {task_command.py:371} INFO - Running <TaskInstance: download_stock.download_price scheduled__2023-03-22T03:52:25.916668+00:00 [running]> on host f5fe9057b95b
[2023-03-22 03:57:27,497] {taskinstance.py:1591} INFO - Exporting the following env vars:
AIRFLOW_CTX_DAG_EMAIL=***@example.com
AIRFLOW_CTX_DAG_OWNER=***
AIRFLOW_CTX_DAG_ID=download_stock
AIRFLOW_CTX_TASK_ID=download_price
AIRFLOW_CTX_EXECUTION_DATE=2023-03-22T03:52:25.916668+00:00
AIRFLOW_CTX_TRY_NUMBER=1
AIRFLOW_CTX_DAG_RUN_ID=scheduled__2023-03-22T03:52:25.916668+00:00
[2023-03-22 03:57:27,507] {logging_mixin.py:115} INFO - None
[2023-03-22 03:57:28,613] {logging_mixin.py:115} INFO - Finished downloading IBM data.
[2023-03-22 03:57:29,653] {logging_mixin.py:115} INFO - Finished downloading GE data.
[2023-03-22 03:57:30,409] {logging_mixin.py:115} INFO - Finished downloading AAPL data.
[2023-03-22 03:57:31,085] {logging_mixin.py:115} INFO - Finished downloading MSFT data.
[2023-03-22 03:57:31,086] {python.py:173} INFO - Done. Returned value was: None
[2023-03-22 03:57:31,098] {taskinstance.py:1420} INFO - Marking task as SUCCESS. dag_id=download_stock, task_id=download_price, execution_date=20230322T035225, start_date=20230322T035727, end_date=20230322T035731
[2023-03-22 03:57:31,167] {local_task_job.py:156} INFO - Task exited with return code 0
[2023-03-22 03:57:31,208] {local_task_job.py:273} INFO - 0 downstream tasks scheduled from follow-on schedule check
