[2023-03-21 06:59:48,574] {taskinstance.py:1179} INFO - Dependencies all met for <TaskInstance: download_stock.download_price scheduled__2023-03-21T06:54:47.491033+00:00 [queued]>
[2023-03-21 06:59:48,583] {taskinstance.py:1179} INFO - Dependencies all met for <TaskInstance: download_stock.download_price scheduled__2023-03-21T06:54:47.491033+00:00 [queued]>
[2023-03-21 06:59:48,583] {taskinstance.py:1376} INFO - 
--------------------------------------------------------------------------------
[2023-03-21 06:59:48,584] {taskinstance.py:1377} INFO - Starting attempt 1 of 2
[2023-03-21 06:59:48,584] {taskinstance.py:1378} INFO - 
--------------------------------------------------------------------------------
[2023-03-21 06:59:48,596] {taskinstance.py:1397} INFO - Executing <Task(PythonOperator): download_price> on 2023-03-21 06:54:47.491033+00:00
[2023-03-21 06:59:48,601] {standard_task_runner.py:52} INFO - Started process 3589 to run task
[2023-03-21 06:59:48,605] {standard_task_runner.py:79} INFO - Running: ['***', 'tasks', 'run', 'download_stock', 'download_price', 'scheduled__2023-03-21T06:54:47.491033+00:00', '--job-id', '188', '--raw', '--subdir', 'DAGS_FOLDER/download_stock_price.py', '--cfg-path', '/tmp/tmpc20vz4e0', '--error-file', '/tmp/tmpubqxrl1v']
[2023-03-21 06:59:48,607] {standard_task_runner.py:80} INFO - Job 188: Subtask download_price
[2023-03-21 06:59:48,676] {task_command.py:371} INFO - Running <TaskInstance: download_stock.download_price scheduled__2023-03-21T06:54:47.491033+00:00 [running]> on host 6b2dd5cdd356
[2023-03-21 06:59:48,747] {taskinstance.py:1591} INFO - Exporting the following env vars:
AIRFLOW_CTX_DAG_EMAIL=***@example.com
AIRFLOW_CTX_DAG_OWNER=***
AIRFLOW_CTX_DAG_ID=download_stock
AIRFLOW_CTX_TASK_ID=download_price
AIRFLOW_CTX_EXECUTION_DATE=2023-03-21T06:54:47.491033+00:00
AIRFLOW_CTX_TRY_NUMBER=1
AIRFLOW_CTX_DAG_RUN_ID=scheduled__2023-03-21T06:54:47.491033+00:00
[2023-03-21 06:59:48,756] {logging_mixin.py:115} INFO - None
[2023-03-21 06:59:50,127] {logging_mixin.py:115} INFO - Finished downloading IBM data.
[2023-03-21 06:59:51,091] {logging_mixin.py:115} INFO - Finished downloading GE data.
[2023-03-21 06:59:51,731] {logging_mixin.py:115} INFO - Finished downloading AAPL data.
[2023-03-21 06:59:52,397] {logging_mixin.py:115} INFO - Finished downloading MSFT data.
[2023-03-21 06:59:52,398] {python.py:173} INFO - Done. Returned value was: None
[2023-03-21 06:59:52,411] {taskinstance.py:1420} INFO - Marking task as SUCCESS. dag_id=download_stock, task_id=download_price, execution_date=20230321T065447, start_date=20230321T065948, end_date=20230321T065952
[2023-03-21 06:59:52,471] {local_task_job.py:156} INFO - Task exited with return code 0
[2023-03-21 06:59:52,507] {local_task_job.py:273} INFO - 0 downstream tasks scheduled from follow-on schedule check
