[2023-03-22 02:42:27,645] {taskinstance.py:1179} INFO - Dependencies all met for <TaskInstance: download_stock.download_price scheduled__2023-03-22T02:37:25.916668+00:00 [queued]>
[2023-03-22 02:42:27,655] {taskinstance.py:1179} INFO - Dependencies all met for <TaskInstance: download_stock.download_price scheduled__2023-03-22T02:37:25.916668+00:00 [queued]>
[2023-03-22 02:42:27,656] {taskinstance.py:1376} INFO - 
--------------------------------------------------------------------------------
[2023-03-22 02:42:27,656] {taskinstance.py:1377} INFO - Starting attempt 1 of 2
[2023-03-22 02:42:27,657] {taskinstance.py:1378} INFO - 
--------------------------------------------------------------------------------
[2023-03-22 02:42:27,782] {taskinstance.py:1397} INFO - Executing <Task(PythonOperator): download_price> on 2023-03-22 02:37:25.916668+00:00
[2023-03-22 02:42:27,789] {standard_task_runner.py:52} INFO - Started process 157 to run task
[2023-03-22 02:42:27,794] {standard_task_runner.py:79} INFO - Running: ['***', 'tasks', 'run', 'download_stock', 'download_price', 'scheduled__2023-03-22T02:37:25.916668+00:00', '--job-id', '200', '--raw', '--subdir', 'DAGS_FOLDER/download_stock_price.py', '--cfg-path', '/tmp/tmp4h45wscc', '--error-file', '/tmp/tmpxti6z27g']
[2023-03-22 02:42:27,797] {standard_task_runner.py:80} INFO - Job 200: Subtask download_price
[2023-03-22 02:42:27,875] {task_command.py:371} INFO - Running <TaskInstance: download_stock.download_price scheduled__2023-03-22T02:37:25.916668+00:00 [running]> on host b83d0a86610b
[2023-03-22 02:42:27,947] {taskinstance.py:1591} INFO - Exporting the following env vars:
AIRFLOW_CTX_DAG_EMAIL=***@example.com
AIRFLOW_CTX_DAG_OWNER=***
AIRFLOW_CTX_DAG_ID=download_stock
AIRFLOW_CTX_TASK_ID=download_price
AIRFLOW_CTX_EXECUTION_DATE=2023-03-22T02:37:25.916668+00:00
AIRFLOW_CTX_TRY_NUMBER=1
AIRFLOW_CTX_DAG_RUN_ID=scheduled__2023-03-22T02:37:25.916668+00:00
[2023-03-22 02:42:27,956] {logging_mixin.py:115} INFO - None
[2023-03-22 02:42:29,029] {logging_mixin.py:115} INFO - Finished downloading IBM data.
[2023-03-22 02:42:30,006] {logging_mixin.py:115} INFO - Finished downloading GE data.
[2023-03-22 02:42:31,130] {logging_mixin.py:115} INFO - Finished downloading AAPL data.
[2023-03-22 02:42:31,694] {logging_mixin.py:115} INFO - Finished downloading MSFT data.
[2023-03-22 02:42:31,695] {python.py:173} INFO - Done. Returned value was: None
[2023-03-22 02:42:31,707] {taskinstance.py:1420} INFO - Marking task as SUCCESS. dag_id=download_stock, task_id=download_price, execution_date=20230322T023725, start_date=20230322T024227, end_date=20230322T024231
[2023-03-22 02:42:31,763] {local_task_job.py:156} INFO - Task exited with return code 0
[2023-03-22 02:42:31,800] {local_task_job.py:273} INFO - 0 downstream tasks scheduled from follow-on schedule check
