[2023-03-21 07:19:48,797] {taskinstance.py:1179} INFO - Dependencies all met for <TaskInstance: download_stock.download_price scheduled__2023-03-21T07:14:47.491033+00:00 [queued]>
[2023-03-21 07:19:48,806] {taskinstance.py:1179} INFO - Dependencies all met for <TaskInstance: download_stock.download_price scheduled__2023-03-21T07:14:47.491033+00:00 [queued]>
[2023-03-21 07:19:48,807] {taskinstance.py:1376} INFO - 
--------------------------------------------------------------------------------
[2023-03-21 07:19:48,807] {taskinstance.py:1377} INFO - Starting attempt 1 of 2
[2023-03-21 07:19:48,808] {taskinstance.py:1378} INFO - 
--------------------------------------------------------------------------------
[2023-03-21 07:19:48,820] {taskinstance.py:1397} INFO - Executing <Task(PythonOperator): download_price> on 2023-03-21 07:14:47.491033+00:00
[2023-03-21 07:19:48,825] {standard_task_runner.py:52} INFO - Started process 3943 to run task
[2023-03-21 07:19:48,829] {standard_task_runner.py:79} INFO - Running: ['***', 'tasks', 'run', 'download_stock', 'download_price', 'scheduled__2023-03-21T07:14:47.491033+00:00', '--job-id', '192', '--raw', '--subdir', 'DAGS_FOLDER/download_stock_price.py', '--cfg-path', '/tmp/tmp7ayom800', '--error-file', '/tmp/tmpfeww45ah']
[2023-03-21 07:19:48,831] {standard_task_runner.py:80} INFO - Job 192: Subtask download_price
[2023-03-21 07:19:48,904] {task_command.py:371} INFO - Running <TaskInstance: download_stock.download_price scheduled__2023-03-21T07:14:47.491033+00:00 [running]> on host 6b2dd5cdd356
[2023-03-21 07:19:48,975] {taskinstance.py:1591} INFO - Exporting the following env vars:
AIRFLOW_CTX_DAG_EMAIL=***@example.com
AIRFLOW_CTX_DAG_OWNER=***
AIRFLOW_CTX_DAG_ID=download_stock
AIRFLOW_CTX_TASK_ID=download_price
AIRFLOW_CTX_EXECUTION_DATE=2023-03-21T07:14:47.491033+00:00
AIRFLOW_CTX_TRY_NUMBER=1
AIRFLOW_CTX_DAG_RUN_ID=scheduled__2023-03-21T07:14:47.491033+00:00
[2023-03-21 07:19:48,985] {logging_mixin.py:115} INFO - None
[2023-03-21 07:19:50,088] {logging_mixin.py:115} INFO - Finished downloading IBM data.
[2023-03-21 07:19:51,141] {logging_mixin.py:115} INFO - Finished downloading GE data.
[2023-03-21 07:19:51,905] {logging_mixin.py:115} INFO - Finished downloading AAPL data.
[2023-03-21 07:19:52,558] {logging_mixin.py:115} INFO - Finished downloading MSFT data.
[2023-03-21 07:19:52,559] {python.py:173} INFO - Done. Returned value was: None
[2023-03-21 07:19:52,571] {taskinstance.py:1420} INFO - Marking task as SUCCESS. dag_id=download_stock, task_id=download_price, execution_date=20230321T071447, start_date=20230321T071948, end_date=20230321T071952
[2023-03-21 07:19:52,640] {local_task_job.py:156} INFO - Task exited with return code 0
[2023-03-21 07:19:52,676] {local_task_job.py:273} INFO - 0 downstream tasks scheduled from follow-on schedule check
