[2023-03-22T07:17:37.401+0000] {taskinstance.py:1084} INFO - Dependencies all met for dep_context=non-requeueable deps ti=<TaskInstance: download_stock.download_price scheduled__2023-03-22T07:12:26.644964+00:00 [queued]>
[2023-03-22T07:17:37.427+0000] {taskinstance.py:1084} INFO - Dependencies all met for dep_context=requeueable deps ti=<TaskInstance: download_stock.download_price scheduled__2023-03-22T07:12:26.644964+00:00 [queued]>
[2023-03-22T07:17:37.429+0000] {taskinstance.py:1282} INFO - 
--------------------------------------------------------------------------------
[2023-03-22T07:17:37.430+0000] {taskinstance.py:1283} INFO - Starting attempt 1 of 2
[2023-03-22T07:17:37.432+0000] {taskinstance.py:1284} INFO - 
--------------------------------------------------------------------------------
[2023-03-22T07:17:38.045+0000] {taskinstance.py:1303} INFO - Executing <Task(PythonOperator): download_price> on 2023-03-22 07:12:26.644964+00:00
[2023-03-22T07:17:38.059+0000] {standard_task_runner.py:55} INFO - Started process 68 to run task
[2023-03-22T07:17:38.066+0000] {standard_task_runner.py:82} INFO - Running: ['***', 'tasks', 'run', 'download_stock', 'download_price', 'scheduled__2023-03-22T07:12:26.644964+00:00', '--job-id', '327', '--raw', '--subdir', 'DAGS_FOLDER/download_stock_price.py', '--cfg-path', '/tmp/tmp0ayizlu6']
[2023-03-22T07:17:38.068+0000] {standard_task_runner.py:83} INFO - Job 327: Subtask download_price
[2023-03-22T07:17:38.277+0000] {task_command.py:388} INFO - Running <TaskInstance: download_stock.download_price scheduled__2023-03-22T07:12:26.644964+00:00 [running]> on host aeff5136c067
[2023-03-22T07:17:38.465+0000] {taskinstance.py:1511} INFO - Exporting the following env vars:
AIRFLOW_CTX_DAG_EMAIL=***@example.com
AIRFLOW_CTX_DAG_OWNER=***
AIRFLOW_CTX_DAG_ID=download_stock
AIRFLOW_CTX_TASK_ID=download_price
AIRFLOW_CTX_EXECUTION_DATE=2023-03-22T07:12:26.644964+00:00
AIRFLOW_CTX_TRY_NUMBER=1
AIRFLOW_CTX_DAG_RUN_ID=scheduled__2023-03-22T07:12:26.644964+00:00
[2023-03-22T07:17:38.498+0000] {logging_mixin.py:137} INFO - None
[2023-03-22T07:17:41.801+0000] {logging_mixin.py:137} INFO - Finished downloading IBM data.
[2023-03-22T07:17:43.497+0000] {logging_mixin.py:137} INFO - Finished downloading GE data.
[2023-03-22T07:17:45.109+0000] {logging_mixin.py:137} INFO - Finished downloading AAPL data.
[2023-03-22T07:17:46.465+0000] {logging_mixin.py:137} INFO - Finished downloading MSFT data.
[2023-03-22T07:17:46.469+0000] {python.py:177} INFO - Done. Returned value was: None
[2023-03-22T07:17:46.488+0000] {taskinstance.py:1326} INFO - Marking task as SUCCESS. dag_id=download_stock, task_id=download_price, execution_date=20230322T071226, start_date=20230322T071737, end_date=20230322T071746
[2023-03-22T07:17:46.562+0000] {local_task_job.py:212} INFO - Task exited with return code 0
[2023-03-22T07:17:46.587+0000] {taskinstance.py:2585} INFO - 0 downstream tasks scheduled from follow-on schedule check
