[2023-03-22 02:42:10,447] {taskinstance.py:1179} INFO - Dependencies all met for <TaskInstance: download_stock.download_price scheduled__2023-03-22T02:37:08.923948+00:00 [queued]>
[2023-03-22 02:42:10,460] {taskinstance.py:1179} INFO - Dependencies all met for <TaskInstance: download_stock.download_price scheduled__2023-03-22T02:37:08.923948+00:00 [queued]>
[2023-03-22 02:42:10,461] {taskinstance.py:1376} INFO - 
--------------------------------------------------------------------------------
[2023-03-22 02:42:10,461] {taskinstance.py:1377} INFO - Starting attempt 1 of 2
[2023-03-22 02:42:10,462] {taskinstance.py:1378} INFO - 
--------------------------------------------------------------------------------
[2023-03-22 02:42:10,611] {taskinstance.py:1397} INFO - Executing <Task(PythonOperator): download_price> on 2023-03-22 02:37:08.923948+00:00
[2023-03-22 02:42:10,618] {standard_task_runner.py:52} INFO - Started process 142 to run task
[2023-03-22 02:42:10,623] {standard_task_runner.py:79} INFO - Running: ['***', 'tasks', 'run', 'download_stock', 'download_price', 'scheduled__2023-03-22T02:37:08.923948+00:00', '--job-id', '198', '--raw', '--subdir', 'DAGS_FOLDER/download_stock_price.py', '--cfg-path', '/tmp/tmpcz670x2o', '--error-file', '/tmp/tmp_4yw1bv1']
[2023-03-22 02:42:10,625] {standard_task_runner.py:80} INFO - Job 198: Subtask download_price
[2023-03-22 02:42:10,703] {task_command.py:371} INFO - Running <TaskInstance: download_stock.download_price scheduled__2023-03-22T02:37:08.923948+00:00 [running]> on host b83d0a86610b
[2023-03-22 02:42:10,776] {taskinstance.py:1591} INFO - Exporting the following env vars:
AIRFLOW_CTX_DAG_EMAIL=***@example.com
AIRFLOW_CTX_DAG_OWNER=***
AIRFLOW_CTX_DAG_ID=download_stock
AIRFLOW_CTX_TASK_ID=download_price
AIRFLOW_CTX_EXECUTION_DATE=2023-03-22T02:37:08.923948+00:00
AIRFLOW_CTX_TRY_NUMBER=1
AIRFLOW_CTX_DAG_RUN_ID=scheduled__2023-03-22T02:37:08.923948+00:00
[2023-03-22 02:42:10,788] {logging_mixin.py:115} INFO - None
[2023-03-22 02:42:11,876] {logging_mixin.py:115} INFO - Finished downloading IBM data.
[2023-03-22 02:42:12,959] {logging_mixin.py:115} INFO - Finished downloading GE data.
[2023-03-22 02:42:13,683] {logging_mixin.py:115} INFO - Finished downloading AAPL data.
[2023-03-22 02:42:14,294] {logging_mixin.py:115} INFO - Finished downloading MSFT data.
[2023-03-22 02:42:14,295] {python.py:173} INFO - Done. Returned value was: None
[2023-03-22 02:42:14,309] {taskinstance.py:1420} INFO - Marking task as SUCCESS. dag_id=download_stock, task_id=download_price, execution_date=20230322T023708, start_date=20230322T024210, end_date=20230322T024214
[2023-03-22 02:42:14,344] {local_task_job.py:156} INFO - Task exited with return code 0
[2023-03-22 02:42:14,377] {local_task_job.py:273} INFO - 0 downstream tasks scheduled from follow-on schedule check
