[2023-03-17 08:27:36,544] {taskinstance.py:1179} INFO - Dependencies all met for <TaskInstance: download_stock.download_price scheduled__2023-03-17T08:22:35.682729+00:00 [queued]>
[2023-03-17 08:27:36,553] {taskinstance.py:1179} INFO - Dependencies all met for <TaskInstance: download_stock.download_price scheduled__2023-03-17T08:22:35.682729+00:00 [queued]>
[2023-03-17 08:27:36,553] {taskinstance.py:1376} INFO - 
--------------------------------------------------------------------------------
[2023-03-17 08:27:36,554] {taskinstance.py:1377} INFO - Starting attempt 1 of 2
[2023-03-17 08:27:36,554] {taskinstance.py:1378} INFO - 
--------------------------------------------------------------------------------
[2023-03-17 08:27:36,566] {taskinstance.py:1397} INFO - Executing <Task(PythonOperator): download_price> on 2023-03-17 08:22:35.682729+00:00
[2023-03-17 08:27:36,571] {standard_task_runner.py:52} INFO - Started process 1443 to run task
[2023-03-17 08:27:36,574] {standard_task_runner.py:79} INFO - Running: ['***', 'tasks', 'run', 'download_stock', 'download_price', 'scheduled__2023-03-17T08:22:35.682729+00:00', '--job-id', '62', '--raw', '--subdir', 'DAGS_FOLDER/download_stock_price.py', '--cfg-path', '/tmp/tmp7lqt8say', '--error-file', '/tmp/tmpn9duxs18']
[2023-03-17 08:27:36,577] {standard_task_runner.py:80} INFO - Job 62: Subtask download_price
[2023-03-17 08:27:36,644] {task_command.py:371} INFO - Running <TaskInstance: download_stock.download_price scheduled__2023-03-17T08:22:35.682729+00:00 [running]> on host 6b2dd5cdd356
[2023-03-17 08:27:36,709] {taskinstance.py:1591} INFO - Exporting the following env vars:
AIRFLOW_CTX_DAG_EMAIL=***@example.com
AIRFLOW_CTX_DAG_OWNER=***
AIRFLOW_CTX_DAG_ID=download_stock
AIRFLOW_CTX_TASK_ID=download_price
AIRFLOW_CTX_EXECUTION_DATE=2023-03-17T08:22:35.682729+00:00
AIRFLOW_CTX_TRY_NUMBER=1
AIRFLOW_CTX_DAG_RUN_ID=scheduled__2023-03-17T08:22:35.682729+00:00
[2023-03-17 08:27:37,279] {logging_mixin.py:115} INFO - <class 'pandas.core.frame.DataFrame'>
[2023-03-17 08:27:37,280] {logging_mixin.py:115} INFO - (9328, 7)
[2023-03-17 08:27:37,281] {python.py:173} INFO - Done. Returned value was: None
[2023-03-17 08:27:37,294] {taskinstance.py:1420} INFO - Marking task as SUCCESS. dag_id=download_stock, task_id=download_price, execution_date=20230317T082235, start_date=20230317T082736, end_date=20230317T082737
[2023-03-17 08:27:37,361] {local_task_job.py:156} INFO - Task exited with return code 0
[2023-03-17 08:27:37,395] {local_task_job.py:273} INFO - 0 downstream tasks scheduled from follow-on schedule check
