[2023-03-22T21:03:42.591+0000] {taskinstance.py:1084} INFO - Dependencies all met for dep_context=non-requeueable deps ti=<TaskInstance: sql_dags.write_to_mysql scheduled__2023-03-22T20:57:39.076123+00:00 [queued]>
[2023-03-22T21:03:43.548+0000] {taskinstance.py:1084} INFO - Dependencies all met for dep_context=requeueable deps ti=<TaskInstance: sql_dags.write_to_mysql scheduled__2023-03-22T20:57:39.076123+00:00 [queued]>
[2023-03-22T21:03:43.584+0000] {taskinstance.py:1282} INFO - 
--------------------------------------------------------------------------------
[2023-03-22T21:03:43.713+0000] {taskinstance.py:1283} INFO - Starting attempt 1 of 2
[2023-03-22T21:03:43.754+0000] {taskinstance.py:1284} INFO - 
--------------------------------------------------------------------------------
[2023-03-22T21:03:45.587+0000] {taskinstance.py:1303} INFO - Executing <Task(PythonOperator): write_to_mysql> on 2023-03-22 20:57:39.076123+00:00
[2023-03-22T21:03:45.807+0000] {standard_task_runner.py:55} INFO - Started process 3166 to run task
[2023-03-22T21:03:46.021+0000] {standard_task_runner.py:82} INFO - Running: ['***', 'tasks', 'run', 'sql_dags', 'write_to_mysql', 'scheduled__2023-03-22T20:57:39.076123+00:00', '--job-id', '446', '--raw', '--subdir', 'DAGS_FOLDER/sql_dags.py', '--cfg-path', '/tmp/tmp68jwxyxl']
[2023-03-22T21:03:46.031+0000] {standard_task_runner.py:83} INFO - Job 446: Subtask write_to_mysql
[2023-03-22T21:03:47.111+0000] {task_command.py:388} INFO - Running <TaskInstance: sql_dags.write_to_mysql scheduled__2023-03-22T20:57:39.076123+00:00 [running]> on host aeff5136c067
[2023-03-22T21:03:47.904+0000] {taskinstance.py:1511} INFO - Exporting the following env vars:
AIRFLOW_CTX_DAG_EMAIL=***@example.com
AIRFLOW_CTX_DAG_OWNER=***
AIRFLOW_CTX_DAG_ID=sql_dags
AIRFLOW_CTX_TASK_ID=write_to_mysql
AIRFLOW_CTX_EXECUTION_DATE=2023-03-22T20:57:39.076123+00:00
AIRFLOW_CTX_TRY_NUMBER=1
AIRFLOW_CTX_DAG_RUN_ID=scheduled__2023-03-22T20:57:39.076123+00:00
[2023-03-23T00:00:07.669+0000] {logging_mixin.py:137} INFO - IBM: No data found for this date range, symbol may be delisted
[2023-03-23T00:00:07.882+0000] {logging_mixin.py:137} INFO - Index(['stock_name', 'open', 'high', 'low', 'close', 'adj close', 'volume'], dtype='object')
[2023-03-23T00:00:07.888+0000] {logging_mixin.py:137} INFO - Finished downloading IBM data.
[2023-03-23T00:00:07.944+0000] {logging_mixin.py:137} INFO - GE: No data found for this date range, symbol may be delisted
[2023-03-23T00:00:07.951+0000] {logging_mixin.py:137} INFO - Index(['stock_name', 'open', 'high', 'low', 'close', 'adj close', 'volume'], dtype='object')
[2023-03-23T00:00:07.952+0000] {logging_mixin.py:137} INFO - Finished downloading GE data.
[2023-03-23T00:00:08.002+0000] {logging_mixin.py:137} INFO - AAPL: No data found for this date range, symbol may be delisted
[2023-03-23T00:00:08.013+0000] {logging_mixin.py:137} INFO - Index(['stock_name', 'open', 'high', 'low', 'close', 'adj close', 'volume'], dtype='object')
[2023-03-23T00:00:08.036+0000] {logging_mixin.py:137} INFO - Finished downloading AAPL data.
[2023-03-23T00:00:08.073+0000] {logging_mixin.py:137} INFO - MSFT: No data found for this date range, symbol may be delisted
[2023-03-23T00:00:08.095+0000] {logging_mixin.py:137} INFO - Index(['stock_name', 'open', 'high', 'low', 'close', 'adj close', 'volume'], dtype='object')
[2023-03-23T00:00:08.102+0000] {logging_mixin.py:137} INFO - Finished downloading MSFT data.
[2023-03-23T00:00:08.117+0000] {python.py:177} INFO - Done. Returned value was: None
[2023-03-23T00:00:08.728+0000] {taskinstance.py:1326} INFO - Marking task as SUCCESS. dag_id=sql_dags, task_id=write_to_mysql, execution_date=20230322T205739, start_date=20230322T210342, end_date=20230323T000008
[2023-03-23T00:25:16.726+0000] {local_task_job.py:212} INFO - Task exited with return code 0
[2023-03-23T00:25:17.203+0000] {taskinstance.py:2585} INFO - 0 downstream tasks scheduled from follow-on schedule check
