[2023-03-23T00:30:29.189+0000] {taskinstance.py:1084} INFO - Dependencies all met for dep_context=non-requeueable deps ti=<TaskInstance: sql_dags.write_to_mysql scheduled__2023-03-23T00:25:27.239509+00:00 [queued]>
[2023-03-23T00:30:29.200+0000] {taskinstance.py:1084} INFO - Dependencies all met for dep_context=requeueable deps ti=<TaskInstance: sql_dags.write_to_mysql scheduled__2023-03-23T00:25:27.239509+00:00 [queued]>
[2023-03-23T00:30:29.201+0000] {taskinstance.py:1282} INFO - 
--------------------------------------------------------------------------------
[2023-03-23T00:30:29.202+0000] {taskinstance.py:1283} INFO - Starting attempt 1 of 2
[2023-03-23T00:30:29.202+0000] {taskinstance.py:1284} INFO - 
--------------------------------------------------------------------------------
[2023-03-23T00:30:29.218+0000] {taskinstance.py:1303} INFO - Executing <Task(PythonOperator): write_to_mysql> on 2023-03-23 00:25:27.239509+00:00
[2023-03-23T00:30:29.225+0000] {standard_task_runner.py:55} INFO - Started process 3330 to run task
[2023-03-23T00:30:29.230+0000] {standard_task_runner.py:82} INFO - Running: ['***', 'tasks', 'run', 'sql_dags', 'write_to_mysql', 'scheduled__2023-03-23T00:25:27.239509+00:00', '--job-id', '454', '--raw', '--subdir', 'DAGS_FOLDER/sql_dags.py', '--cfg-path', '/tmp/tmp0q1nt7_c']
[2023-03-23T00:30:29.231+0000] {standard_task_runner.py:83} INFO - Job 454: Subtask write_to_mysql
[2023-03-23T00:30:29.518+0000] {task_command.py:388} INFO - Running <TaskInstance: sql_dags.write_to_mysql scheduled__2023-03-23T00:25:27.239509+00:00 [running]> on host aeff5136c067
[2023-03-23T00:30:29.605+0000] {taskinstance.py:1511} INFO - Exporting the following env vars:
AIRFLOW_CTX_DAG_EMAIL=***@example.com
AIRFLOW_CTX_DAG_OWNER=***
AIRFLOW_CTX_DAG_ID=sql_dags
AIRFLOW_CTX_TASK_ID=write_to_mysql
AIRFLOW_CTX_EXECUTION_DATE=2023-03-23T00:25:27.239509+00:00
AIRFLOW_CTX_TRY_NUMBER=1
AIRFLOW_CTX_DAG_RUN_ID=scheduled__2023-03-23T00:25:27.239509+00:00
[2023-03-23T00:30:30.278+0000] {logging_mixin.py:137} INFO - Index(['stock_name', 'open', 'high', 'low', 'close', 'volume', 'dividends',
       'stock splits'],
      dtype='object')
[2023-03-23T00:30:30.279+0000] {logging_mixin.py:137} INFO - Finished downloading IBM data.
[2023-03-23T00:30:30.928+0000] {logging_mixin.py:137} INFO - Index(['stock_name', 'open', 'high', 'low', 'close', 'volume', 'dividends',
       'stock splits'],
      dtype='object')
[2023-03-23T00:30:30.929+0000] {logging_mixin.py:137} INFO - Finished downloading GE data.
[2023-03-23T00:30:31.399+0000] {logging_mixin.py:137} INFO - Index(['stock_name', 'open', 'high', 'low', 'close', 'volume', 'dividends',
       'stock splits'],
      dtype='object')
[2023-03-23T00:30:31.400+0000] {logging_mixin.py:137} INFO - Finished downloading AAPL data.
[2023-03-23T00:30:31.862+0000] {logging_mixin.py:137} INFO - Index(['stock_name', 'open', 'high', 'low', 'close', 'volume', 'dividends',
       'stock splits'],
      dtype='object')
[2023-03-23T00:30:31.863+0000] {logging_mixin.py:137} INFO - Finished downloading MSFT data.
[2023-03-23T00:30:31.864+0000] {python.py:177} INFO - Done. Returned value was: None
[2023-03-23T00:30:31.874+0000] {taskinstance.py:1326} INFO - Marking task as SUCCESS. dag_id=sql_dags, task_id=write_to_mysql, execution_date=20230323T002527, start_date=20230323T003029, end_date=20230323T003031
[2023-03-23T00:30:31.942+0000] {local_task_job.py:212} INFO - Task exited with return code 0
[2023-03-23T00:30:32.128+0000] {taskinstance.py:2585} INFO - 0 downstream tasks scheduled from follow-on schedule check
