[2023-03-22 02:52:26,924] {taskinstance.py:1179} INFO - Dependencies all met for <TaskInstance: download_stock.download_price scheduled__2023-03-22T02:47:25.916668+00:00 [queued]>
[2023-03-22 02:52:26,938] {taskinstance.py:1179} INFO - Dependencies all met for <TaskInstance: download_stock.download_price scheduled__2023-03-22T02:47:25.916668+00:00 [queued]>
[2023-03-22 02:52:26,939] {taskinstance.py:1376} INFO - 
--------------------------------------------------------------------------------
[2023-03-22 02:52:26,940] {taskinstance.py:1377} INFO - Starting attempt 1 of 2
[2023-03-22 02:52:26,940] {taskinstance.py:1378} INFO - 
--------------------------------------------------------------------------------
[2023-03-22 02:52:27,088] {taskinstance.py:1397} INFO - Executing <Task(PythonOperator): download_price> on 2023-03-22 02:47:25.916668+00:00
[2023-03-22 02:52:27,094] {standard_task_runner.py:52} INFO - Started process 334 to run task
[2023-03-22 02:52:27,099] {standard_task_runner.py:79} INFO - Running: ['***', 'tasks', 'run', 'download_stock', 'download_price', 'scheduled__2023-03-22T02:47:25.916668+00:00', '--job-id', '202', '--raw', '--subdir', 'DAGS_FOLDER/download_stock_price.py', '--cfg-path', '/tmp/tmpo2u462xg', '--error-file', '/tmp/tmp0hlvy7ne']
[2023-03-22 02:52:27,102] {standard_task_runner.py:80} INFO - Job 202: Subtask download_price
[2023-03-22 02:52:27,178] {task_command.py:371} INFO - Running <TaskInstance: download_stock.download_price scheduled__2023-03-22T02:47:25.916668+00:00 [running]> on host b83d0a86610b
[2023-03-22 02:52:27,258] {taskinstance.py:1591} INFO - Exporting the following env vars:
AIRFLOW_CTX_DAG_EMAIL=***@example.com
AIRFLOW_CTX_DAG_OWNER=***
AIRFLOW_CTX_DAG_ID=download_stock
AIRFLOW_CTX_TASK_ID=download_price
AIRFLOW_CTX_EXECUTION_DATE=2023-03-22T02:47:25.916668+00:00
AIRFLOW_CTX_TRY_NUMBER=1
AIRFLOW_CTX_DAG_RUN_ID=scheduled__2023-03-22T02:47:25.916668+00:00
[2023-03-22 02:52:27,269] {logging_mixin.py:115} INFO - None
[2023-03-22 02:52:28,243] {logging_mixin.py:115} INFO - Finished downloading IBM data.
[2023-03-22 02:52:29,869] {logging_mixin.py:115} INFO - Finished downloading GE data.
[2023-03-22 02:52:30,680] {logging_mixin.py:115} INFO - Finished downloading AAPL data.
[2023-03-22 02:52:31,290] {logging_mixin.py:115} INFO - Finished downloading MSFT data.
[2023-03-22 02:52:31,291] {python.py:173} INFO - Done. Returned value was: None
[2023-03-22 02:52:31,304] {taskinstance.py:1420} INFO - Marking task as SUCCESS. dag_id=download_stock, task_id=download_price, execution_date=20230322T024725, start_date=20230322T025226, end_date=20230322T025231
[2023-03-22 02:52:31,342] {local_task_job.py:156} INFO - Task exited with return code 0
[2023-03-22 02:52:31,376] {local_task_job.py:273} INFO - 0 downstream tasks scheduled from follow-on schedule check
