[2023-03-21 06:39:48,697] {taskinstance.py:1179} INFO - Dependencies all met for <TaskInstance: download_stock.download_price scheduled__2023-03-21T06:34:47.491033+00:00 [queued]>
[2023-03-21 06:39:48,710] {taskinstance.py:1179} INFO - Dependencies all met for <TaskInstance: download_stock.download_price scheduled__2023-03-21T06:34:47.491033+00:00 [queued]>
[2023-03-21 06:39:48,710] {taskinstance.py:1376} INFO - 
--------------------------------------------------------------------------------
[2023-03-21 06:39:48,711] {taskinstance.py:1377} INFO - Starting attempt 1 of 2
[2023-03-21 06:39:48,711] {taskinstance.py:1378} INFO - 
--------------------------------------------------------------------------------
[2023-03-21 06:39:48,732] {taskinstance.py:1397} INFO - Executing <Task(PythonOperator): download_price> on 2023-03-21 06:34:47.491033+00:00
[2023-03-21 06:39:48,739] {standard_task_runner.py:52} INFO - Started process 3235 to run task
[2023-03-21 06:39:48,744] {standard_task_runner.py:79} INFO - Running: ['***', 'tasks', 'run', 'download_stock', 'download_price', 'scheduled__2023-03-21T06:34:47.491033+00:00', '--job-id', '184', '--raw', '--subdir', 'DAGS_FOLDER/download_stock_price.py', '--cfg-path', '/tmp/tmp5tsqc0q6', '--error-file', '/tmp/tmp__vh5t5q']
[2023-03-21 06:39:48,747] {standard_task_runner.py:80} INFO - Job 184: Subtask download_price
[2023-03-21 06:39:48,847] {task_command.py:371} INFO - Running <TaskInstance: download_stock.download_price scheduled__2023-03-21T06:34:47.491033+00:00 [running]> on host 6b2dd5cdd356
[2023-03-21 06:39:48,940] {taskinstance.py:1591} INFO - Exporting the following env vars:
AIRFLOW_CTX_DAG_EMAIL=***@example.com
AIRFLOW_CTX_DAG_OWNER=***
AIRFLOW_CTX_DAG_ID=download_stock
AIRFLOW_CTX_TASK_ID=download_price
AIRFLOW_CTX_EXECUTION_DATE=2023-03-21T06:34:47.491033+00:00
AIRFLOW_CTX_TRY_NUMBER=1
AIRFLOW_CTX_DAG_RUN_ID=scheduled__2023-03-21T06:34:47.491033+00:00
[2023-03-21 06:39:48,951] {logging_mixin.py:115} INFO - None
[2023-03-21 06:39:50,277] {logging_mixin.py:115} INFO - Finished downloading IBM data.
[2023-03-21 06:39:51,409] {logging_mixin.py:115} INFO - Finished downloading GE data.
[2023-03-21 06:39:52,226] {logging_mixin.py:115} INFO - Finished downloading AAPL data.
[2023-03-21 06:39:52,983] {logging_mixin.py:115} INFO - Finished downloading MSFT data.
[2023-03-21 06:39:52,984] {python.py:173} INFO - Done. Returned value was: None
[2023-03-21 06:39:53,005] {taskinstance.py:1420} INFO - Marking task as SUCCESS. dag_id=download_stock, task_id=download_price, execution_date=20230321T063447, start_date=20230321T063948, end_date=20230321T063953
[2023-03-21 06:39:53,069] {local_task_job.py:156} INFO - Task exited with return code 0
[2023-03-21 06:39:53,137] {local_task_job.py:273} INFO - 0 downstream tasks scheduled from follow-on schedule check
