[2023-03-22T08:15:48.262+0000] {taskinstance.py:1084} INFO - Dependencies all met for dep_context=non-requeueable deps ti=<TaskInstance: sql_dags.write_to_mysql scheduled__2023-03-22T08:10:46.224422+00:00 [queued]>
[2023-03-22T08:15:48.271+0000] {taskinstance.py:1084} INFO - Dependencies all met for dep_context=requeueable deps ti=<TaskInstance: sql_dags.write_to_mysql scheduled__2023-03-22T08:10:46.224422+00:00 [queued]>
[2023-03-22T08:15:48.272+0000] {taskinstance.py:1282} INFO - 
--------------------------------------------------------------------------------
[2023-03-22T08:15:48.273+0000] {taskinstance.py:1283} INFO - Starting attempt 1 of 2
[2023-03-22T08:15:48.273+0000] {taskinstance.py:1284} INFO - 
--------------------------------------------------------------------------------
[2023-03-22T08:15:48.286+0000] {taskinstance.py:1303} INFO - Executing <Task(PythonOperator): write_to_mysql> on 2023-03-22 08:10:46.224422+00:00
[2023-03-22T08:15:48.292+0000] {standard_task_runner.py:55} INFO - Started process 1893 to run task
[2023-03-22T08:15:48.296+0000] {standard_task_runner.py:82} INFO - Running: ['***', 'tasks', 'run', 'sql_dags', 'write_to_mysql', 'scheduled__2023-03-22T08:10:46.224422+00:00', '--job-id', '430', '--raw', '--subdir', 'DAGS_FOLDER/sql_dags.py', '--cfg-path', '/tmp/tmpkai9pb0b']
[2023-03-22T08:15:48.297+0000] {standard_task_runner.py:83} INFO - Job 430: Subtask write_to_mysql
[2023-03-22T08:15:48.546+0000] {task_command.py:388} INFO - Running <TaskInstance: sql_dags.write_to_mysql scheduled__2023-03-22T08:10:46.224422+00:00 [running]> on host aeff5136c067
[2023-03-22T08:15:48.619+0000] {taskinstance.py:1511} INFO - Exporting the following env vars:
AIRFLOW_CTX_DAG_EMAIL=***@example.com
AIRFLOW_CTX_DAG_OWNER=***
AIRFLOW_CTX_DAG_ID=sql_dags
AIRFLOW_CTX_TASK_ID=write_to_mysql
AIRFLOW_CTX_EXECUTION_DATE=2023-03-22T08:10:46.224422+00:00
AIRFLOW_CTX_TRY_NUMBER=1
AIRFLOW_CTX_DAG_RUN_ID=scheduled__2023-03-22T08:10:46.224422+00:00
[2023-03-22T08:15:49.285+0000] {logging_mixin.py:137} INFO - Index(['stock_name', 'open', 'high', 'low', 'close', 'volume', 'dividends',
       'stock splits'],
      dtype='object')
[2023-03-22T08:15:49.286+0000] {logging_mixin.py:137} INFO - Finished downloading IBM data.
[2023-03-22T08:15:49.819+0000] {logging_mixin.py:137} INFO - Index(['stock_name', 'open', 'high', 'low', 'close', 'volume', 'dividends',
       'stock splits'],
      dtype='object')
[2023-03-22T08:15:49.820+0000] {logging_mixin.py:137} INFO - Finished downloading GE data.
[2023-03-22T08:15:50.286+0000] {logging_mixin.py:137} INFO - Index(['stock_name', 'open', 'high', 'low', 'close', 'volume', 'dividends',
       'stock splits'],
      dtype='object')
[2023-03-22T08:15:50.287+0000] {logging_mixin.py:137} INFO - Finished downloading AAPL data.
[2023-03-22T08:15:50.706+0000] {logging_mixin.py:137} INFO - Index(['stock_name', 'open', 'high', 'low', 'close', 'volume', 'dividends',
       'stock splits'],
      dtype='object')
[2023-03-22T08:15:50.707+0000] {logging_mixin.py:137} INFO - Finished downloading MSFT data.
[2023-03-22T08:15:50.708+0000] {python.py:177} INFO - Done. Returned value was: None
[2023-03-22T08:15:50.722+0000] {taskinstance.py:1326} INFO - Marking task as SUCCESS. dag_id=sql_dags, task_id=write_to_mysql, execution_date=20230322T081046, start_date=20230322T081548, end_date=20230322T081550
[2023-03-22T08:15:50.796+0000] {local_task_job.py:212} INFO - Task exited with return code 0
[2023-03-22T08:15:50.969+0000] {taskinstance.py:2585} INFO - 0 downstream tasks scheduled from follow-on schedule check
