[2023-03-23T00:27:25.032+0000] {taskinstance.py:1084} INFO - Dependencies all met for dep_context=non-requeueable deps ti=<TaskInstance: sql_dags.write_to_mysql manual__2023-03-23T00:27:22.959528+00:00 [queued]>
[2023-03-23T00:27:25.043+0000] {taskinstance.py:1084} INFO - Dependencies all met for dep_context=requeueable deps ti=<TaskInstance: sql_dags.write_to_mysql manual__2023-03-23T00:27:22.959528+00:00 [queued]>
[2023-03-23T00:27:25.044+0000] {taskinstance.py:1282} INFO - 
--------------------------------------------------------------------------------
[2023-03-23T00:27:25.045+0000] {taskinstance.py:1283} INFO - Starting attempt 1 of 2
[2023-03-23T00:27:25.045+0000] {taskinstance.py:1284} INFO - 
--------------------------------------------------------------------------------
[2023-03-23T00:27:25.062+0000] {taskinstance.py:1303} INFO - Executing <Task(PythonOperator): write_to_mysql> on 2023-03-23 00:27:22.959528+00:00
[2023-03-23T00:27:25.070+0000] {standard_task_runner.py:55} INFO - Started process 3244 to run task
[2023-03-23T00:27:25.075+0000] {standard_task_runner.py:82} INFO - Running: ['***', 'tasks', 'run', 'sql_dags', 'write_to_mysql', 'manual__2023-03-23T00:27:22.959528+00:00', '--job-id', '451', '--raw', '--subdir', 'DAGS_FOLDER/sql_dags.py', '--cfg-path', '/tmp/tmp3ur7oi5n']
[2023-03-23T00:27:25.076+0000] {standard_task_runner.py:83} INFO - Job 451: Subtask write_to_mysql
[2023-03-23T00:27:25.381+0000] {task_command.py:388} INFO - Running <TaskInstance: sql_dags.write_to_mysql manual__2023-03-23T00:27:22.959528+00:00 [running]> on host aeff5136c067
[2023-03-23T00:27:25.468+0000] {taskinstance.py:1511} INFO - Exporting the following env vars:
AIRFLOW_CTX_DAG_EMAIL=***@example.com
AIRFLOW_CTX_DAG_OWNER=***
AIRFLOW_CTX_DAG_ID=sql_dags
AIRFLOW_CTX_TASK_ID=write_to_mysql
AIRFLOW_CTX_EXECUTION_DATE=2023-03-23T00:27:22.959528+00:00
AIRFLOW_CTX_TRY_NUMBER=1
AIRFLOW_CTX_DAG_RUN_ID=manual__2023-03-23T00:27:22.959528+00:00
[2023-03-23T00:27:26.261+0000] {logging_mixin.py:137} INFO - Index(['stock_name', 'open', 'high', 'low', 'close', 'volume', 'dividends',
       'stock splits'],
      dtype='object')
[2023-03-23T00:27:26.262+0000] {logging_mixin.py:137} INFO - Finished downloading IBM data.
[2023-03-23T00:27:27.041+0000] {logging_mixin.py:137} INFO - Index(['stock_name', 'open', 'high', 'low', 'close', 'volume', 'dividends',
       'stock splits'],
      dtype='object')
[2023-03-23T00:27:27.043+0000] {logging_mixin.py:137} INFO - Finished downloading GE data.
[2023-03-23T00:27:27.559+0000] {logging_mixin.py:137} INFO - Index(['stock_name', 'open', 'high', 'low', 'close', 'volume', 'dividends',
       'stock splits'],
      dtype='object')
[2023-03-23T00:27:27.560+0000] {logging_mixin.py:137} INFO - Finished downloading AAPL data.
[2023-03-23T00:27:28.078+0000] {logging_mixin.py:137} INFO - Index(['stock_name', 'open', 'high', 'low', 'close', 'volume', 'dividends',
       'stock splits'],
      dtype='object')
[2023-03-23T00:27:28.079+0000] {logging_mixin.py:137} INFO - Finished downloading MSFT data.
[2023-03-23T00:27:28.080+0000] {python.py:177} INFO - Done. Returned value was: None
[2023-03-23T00:27:28.096+0000] {taskinstance.py:1326} INFO - Marking task as SUCCESS. dag_id=sql_dags, task_id=write_to_mysql, execution_date=20230323T002722, start_date=20230323T002725, end_date=20230323T002728
[2023-03-23T00:27:28.186+0000] {local_task_job.py:212} INFO - Task exited with return code 0
[2023-03-23T00:27:28.425+0000] {taskinstance.py:2585} INFO - 0 downstream tasks scheduled from follow-on schedule check
