[2023-03-22 04:12:27,566] {taskinstance.py:1179} INFO - Dependencies all met for <TaskInstance: download_stock.download_price scheduled__2023-03-22T04:07:25.916668+00:00 [queued]>
[2023-03-22 04:12:27,575] {taskinstance.py:1179} INFO - Dependencies all met for <TaskInstance: download_stock.download_price scheduled__2023-03-22T04:07:25.916668+00:00 [queued]>
[2023-03-22 04:12:27,575] {taskinstance.py:1376} INFO - 
--------------------------------------------------------------------------------
[2023-03-22 04:12:27,576] {taskinstance.py:1377} INFO - Starting attempt 1 of 2
[2023-03-22 04:12:27,576] {taskinstance.py:1378} INFO - 
--------------------------------------------------------------------------------
[2023-03-22 04:12:27,588] {taskinstance.py:1397} INFO - Executing <Task(PythonOperator): download_price> on 2023-03-22 04:07:25.916668+00:00
[2023-03-22 04:12:27,593] {standard_task_runner.py:52} INFO - Started process 968 to run task
[2023-03-22 04:12:27,597] {standard_task_runner.py:79} INFO - Running: ['***', 'tasks', 'run', 'download_stock', 'download_price', 'scheduled__2023-03-22T04:07:25.916668+00:00', '--job-id', '224', '--raw', '--subdir', 'DAGS_FOLDER/download_stock_price.py', '--cfg-path', '/tmp/tmpure7vd23', '--error-file', '/tmp/tmpe4tqfeyi']
[2023-03-22 04:12:27,599] {standard_task_runner.py:80} INFO - Job 224: Subtask download_price
[2023-03-22 04:12:27,669] {task_command.py:371} INFO - Running <TaskInstance: download_stock.download_price scheduled__2023-03-22T04:07:25.916668+00:00 [running]> on host f5fe9057b95b
[2023-03-22 04:12:27,738] {taskinstance.py:1591} INFO - Exporting the following env vars:
AIRFLOW_CTX_DAG_EMAIL=***@example.com
AIRFLOW_CTX_DAG_OWNER=***
AIRFLOW_CTX_DAG_ID=download_stock
AIRFLOW_CTX_TASK_ID=download_price
AIRFLOW_CTX_EXECUTION_DATE=2023-03-22T04:07:25.916668+00:00
AIRFLOW_CTX_TRY_NUMBER=1
AIRFLOW_CTX_DAG_RUN_ID=scheduled__2023-03-22T04:07:25.916668+00:00
[2023-03-22 04:12:27,748] {logging_mixin.py:115} INFO - None
[2023-03-22 04:12:28,954] {logging_mixin.py:115} INFO - Finished downloading IBM data.
[2023-03-22 04:12:30,046] {logging_mixin.py:115} INFO - Finished downloading GE data.
[2023-03-22 04:12:30,805] {logging_mixin.py:115} INFO - Finished downloading AAPL data.
[2023-03-22 04:12:31,560] {logging_mixin.py:115} INFO - Finished downloading MSFT data.
[2023-03-22 04:12:31,561] {python.py:173} INFO - Done. Returned value was: None
[2023-03-22 04:12:31,573] {taskinstance.py:1420} INFO - Marking task as SUCCESS. dag_id=download_stock, task_id=download_price, execution_date=20230322T040725, start_date=20230322T041227, end_date=20230322T041231
[2023-03-22 04:12:31,602] {local_task_job.py:156} INFO - Task exited with return code 0
[2023-03-22 04:12:31,635] {local_task_job.py:273} INFO - 0 downstream tasks scheduled from follow-on schedule check
