[2023-03-22T09:00:55.408+0000] {taskinstance.py:1084} INFO - Dependencies all met for dep_context=non-requeueable deps ti=<TaskInstance: sql_dags.write_to_mysql scheduled__2023-03-22T08:55:46.224422+00:00 [queued]>
[2023-03-22T09:00:55.418+0000] {taskinstance.py:1084} INFO - Dependencies all met for dep_context=requeueable deps ti=<TaskInstance: sql_dags.write_to_mysql scheduled__2023-03-22T08:55:46.224422+00:00 [queued]>
[2023-03-22T09:00:55.419+0000] {taskinstance.py:1282} INFO - 
--------------------------------------------------------------------------------
[2023-03-22T09:00:55.419+0000] {taskinstance.py:1283} INFO - Starting attempt 1 of 2
[2023-03-22T09:00:55.420+0000] {taskinstance.py:1284} INFO - 
--------------------------------------------------------------------------------
[2023-03-22T09:00:55.437+0000] {taskinstance.py:1303} INFO - Executing <Task(PythonOperator): write_to_mysql> on 2023-03-22 08:55:46.224422+00:00
[2023-03-22T09:00:55.478+0000] {standard_task_runner.py:55} INFO - Started process 3098 to run task
[2023-03-22T09:00:55.497+0000] {standard_task_runner.py:82} INFO - Running: ['***', 'tasks', 'run', 'sql_dags', 'write_to_mysql', 'scheduled__2023-03-22T08:55:46.224422+00:00', '--job-id', '439', '--raw', '--subdir', 'DAGS_FOLDER/sql_dags.py', '--cfg-path', '/tmp/tmp8122kfox']
[2023-03-22T09:00:55.501+0000] {standard_task_runner.py:83} INFO - Job 439: Subtask write_to_mysql
[2023-03-22T09:00:57.437+0000] {task_command.py:388} INFO - Running <TaskInstance: sql_dags.write_to_mysql scheduled__2023-03-22T08:55:46.224422+00:00 [running]> on host aeff5136c067
[2023-03-22T09:00:57.546+0000] {taskinstance.py:1511} INFO - Exporting the following env vars:
AIRFLOW_CTX_DAG_EMAIL=***@example.com
AIRFLOW_CTX_DAG_OWNER=***
AIRFLOW_CTX_DAG_ID=sql_dags
AIRFLOW_CTX_TASK_ID=write_to_mysql
AIRFLOW_CTX_EXECUTION_DATE=2023-03-22T08:55:46.224422+00:00
AIRFLOW_CTX_TRY_NUMBER=1
AIRFLOW_CTX_DAG_RUN_ID=scheduled__2023-03-22T08:55:46.224422+00:00
[2023-03-22T09:00:58.237+0000] {logging_mixin.py:137} INFO - Index(['stock_name', 'open', 'high', 'low', 'close', 'volume', 'dividends',
       'stock splits'],
      dtype='object')
[2023-03-22T09:00:58.238+0000] {logging_mixin.py:137} INFO - Finished downloading IBM data.
[2023-03-22T09:00:59.314+0000] {logging_mixin.py:137} INFO - Index(['stock_name', 'open', 'high', 'low', 'close', 'volume', 'dividends',
       'stock splits'],
      dtype='object')
[2023-03-22T09:00:59.316+0000] {logging_mixin.py:137} INFO - Finished downloading GE data.
[2023-03-22T09:00:59.838+0000] {logging_mixin.py:137} INFO - Index(['stock_name', 'open', 'high', 'low', 'close', 'volume', 'dividends',
       'stock splits'],
      dtype='object')
[2023-03-22T09:00:59.840+0000] {logging_mixin.py:137} INFO - Finished downloading AAPL data.
[2023-03-22T09:01:00.286+0000] {logging_mixin.py:137} INFO - Index(['stock_name', 'open', 'high', 'low', 'close', 'volume', 'dividends',
       'stock splits'],
      dtype='object')
[2023-03-22T09:01:00.288+0000] {logging_mixin.py:137} INFO - Finished downloading MSFT data.
[2023-03-22T09:01:00.289+0000] {python.py:177} INFO - Done. Returned value was: None
[2023-03-22T09:01:00.302+0000] {taskinstance.py:1326} INFO - Marking task as SUCCESS. dag_id=sql_dags, task_id=write_to_mysql, execution_date=20230322T085546, start_date=20230322T090055, end_date=20230322T090100
[2023-03-22T09:01:00.370+0000] {local_task_job.py:212} INFO - Task exited with return code 0
[2023-03-22T09:01:00.630+0000] {taskinstance.py:2585} INFO - 0 downstream tasks scheduled from follow-on schedule check
