[2023-03-22 07:12:36,503] {taskinstance.py:1179} INFO - Dependencies all met for <TaskInstance: download_stock.download_price scheduled__2023-03-22T07:07:26.644964+00:00 [queued]>
[2023-03-22 07:12:36,545] {taskinstance.py:1179} INFO - Dependencies all met for <TaskInstance: download_stock.download_price scheduled__2023-03-22T07:07:26.644964+00:00 [queued]>
[2023-03-22 07:12:36,546] {taskinstance.py:1376} INFO - 
--------------------------------------------------------------------------------
[2023-03-22 07:12:36,547] {taskinstance.py:1377} INFO - Starting attempt 1 of 2
[2023-03-22 07:12:36,548] {taskinstance.py:1378} INFO - 
--------------------------------------------------------------------------------
[2023-03-22 07:12:36,583] {taskinstance.py:1397} INFO - Executing <Task(PythonOperator): download_price> on 2023-03-22 07:07:26.644964+00:00
[2023-03-22 07:12:36,596] {standard_task_runner.py:52} INFO - Started process 55 to run task
[2023-03-22 07:12:36,615] {standard_task_runner.py:79} INFO - Running: ['***', 'tasks', 'run', 'download_stock', 'download_price', 'scheduled__2023-03-22T07:07:26.644964+00:00', '--job-id', '324', '--raw', '--subdir', 'DAGS_FOLDER/download_stock_price.py', '--cfg-path', '/tmp/tmpqxqxu08j', '--error-file', '/tmp/tmpynwzg9mz']
[2023-03-22 07:12:36,620] {standard_task_runner.py:80} INFO - Job 324: Subtask download_price
[2023-03-22 07:12:37,067] {task_command.py:371} INFO - Running <TaskInstance: download_stock.download_price scheduled__2023-03-22T07:07:26.644964+00:00 [running]> on host 5083f8cc643a
[2023-03-22 07:12:37,241] {taskinstance.py:1591} INFO - Exporting the following env vars:
AIRFLOW_CTX_DAG_EMAIL=***@example.com
AIRFLOW_CTX_DAG_OWNER=***
AIRFLOW_CTX_DAG_ID=download_stock
AIRFLOW_CTX_TASK_ID=download_price
AIRFLOW_CTX_EXECUTION_DATE=2023-03-22T07:07:26.644964+00:00
AIRFLOW_CTX_TRY_NUMBER=1
AIRFLOW_CTX_DAG_RUN_ID=scheduled__2023-03-22T07:07:26.644964+00:00
[2023-03-22 07:12:37,275] {logging_mixin.py:115} INFO - None
[2023-03-22 07:12:39,225] {logging_mixin.py:115} INFO - Finished downloading IBM data.
[2023-03-22 07:12:40,753] {logging_mixin.py:115} INFO - Finished downloading GE data.
[2023-03-22 07:12:41,671] {logging_mixin.py:115} INFO - Finished downloading AAPL data.
[2023-03-22 07:12:42,619] {logging_mixin.py:115} INFO - Finished downloading MSFT data.
[2023-03-22 07:12:42,620] {python.py:173} INFO - Done. Returned value was: None
[2023-03-22 07:12:42,636] {taskinstance.py:1420} INFO - Marking task as SUCCESS. dag_id=download_stock, task_id=download_price, execution_date=20230322T070726, start_date=20230322T071236, end_date=20230322T071242
[2023-03-22 07:12:42,686] {local_task_job.py:156} INFO - Task exited with return code 0
[2023-03-22 07:12:42,895] {local_task_job.py:273} INFO - 0 downstream tasks scheduled from follow-on schedule check
