[2023-03-23T00:28:15.523+0000] {taskinstance.py:1084} INFO - Dependencies all met for dep_context=non-requeueable deps ti=<TaskInstance: sql_dags.write_to_mysql manual__2023-03-23T00:28:13.832604+00:00 [queued]>
[2023-03-23T00:28:15.535+0000] {taskinstance.py:1084} INFO - Dependencies all met for dep_context=requeueable deps ti=<TaskInstance: sql_dags.write_to_mysql manual__2023-03-23T00:28:13.832604+00:00 [queued]>
[2023-03-23T00:28:15.536+0000] {taskinstance.py:1282} INFO - 
--------------------------------------------------------------------------------
[2023-03-23T00:28:15.537+0000] {taskinstance.py:1283} INFO - Starting attempt 1 of 2
[2023-03-23T00:28:15.537+0000] {taskinstance.py:1284} INFO - 
--------------------------------------------------------------------------------
[2023-03-23T00:28:15.554+0000] {taskinstance.py:1303} INFO - Executing <Task(PythonOperator): write_to_mysql> on 2023-03-23 00:28:13.832604+00:00
[2023-03-23T00:28:15.561+0000] {standard_task_runner.py:55} INFO - Started process 3268 to run task
[2023-03-23T00:28:15.566+0000] {standard_task_runner.py:82} INFO - Running: ['***', 'tasks', 'run', 'sql_dags', 'write_to_mysql', 'manual__2023-03-23T00:28:13.832604+00:00', '--job-id', '452', '--raw', '--subdir', 'DAGS_FOLDER/sql_dags.py', '--cfg-path', '/tmp/tmp75pcb4iy']
[2023-03-23T00:28:15.567+0000] {standard_task_runner.py:83} INFO - Job 452: Subtask write_to_mysql
[2023-03-23T00:28:15.854+0000] {task_command.py:388} INFO - Running <TaskInstance: sql_dags.write_to_mysql manual__2023-03-23T00:28:13.832604+00:00 [running]> on host aeff5136c067
[2023-03-23T00:28:15.940+0000] {taskinstance.py:1511} INFO - Exporting the following env vars:
AIRFLOW_CTX_DAG_EMAIL=***@example.com
AIRFLOW_CTX_DAG_OWNER=***
AIRFLOW_CTX_DAG_ID=sql_dags
AIRFLOW_CTX_TASK_ID=write_to_mysql
AIRFLOW_CTX_EXECUTION_DATE=2023-03-23T00:28:13.832604+00:00
AIRFLOW_CTX_TRY_NUMBER=1
AIRFLOW_CTX_DAG_RUN_ID=manual__2023-03-23T00:28:13.832604+00:00
[2023-03-23T00:28:16.594+0000] {logging_mixin.py:137} INFO - Index(['stock_name', 'open', 'high', 'low', 'close', 'volume', 'dividends',
       'stock splits'],
      dtype='object')
[2023-03-23T00:28:16.595+0000] {logging_mixin.py:137} INFO - Finished downloading IBM data.
[2023-03-23T00:28:17.333+0000] {logging_mixin.py:137} INFO - Index(['stock_name', 'open', 'high', 'low', 'close', 'volume', 'dividends',
       'stock splits'],
      dtype='object')
[2023-03-23T00:28:17.334+0000] {logging_mixin.py:137} INFO - Finished downloading GE data.
[2023-03-23T00:28:17.766+0000] {logging_mixin.py:137} INFO - Index(['stock_name', 'open', 'high', 'low', 'close', 'volume', 'dividends',
       'stock splits'],
      dtype='object')
[2023-03-23T00:28:17.767+0000] {logging_mixin.py:137} INFO - Finished downloading AAPL data.
[2023-03-23T00:28:18.120+0000] {logging_mixin.py:137} INFO - Index(['stock_name', 'open', 'high', 'low', 'close', 'volume', 'dividends',
       'stock splits'],
      dtype='object')
[2023-03-23T00:28:18.121+0000] {logging_mixin.py:137} INFO - Finished downloading MSFT data.
[2023-03-23T00:28:18.122+0000] {python.py:177} INFO - Done. Returned value was: None
[2023-03-23T00:28:18.133+0000] {taskinstance.py:1326} INFO - Marking task as SUCCESS. dag_id=sql_dags, task_id=write_to_mysql, execution_date=20230323T002813, start_date=20230323T002815, end_date=20230323T002818
[2023-03-23T00:28:18.205+0000] {local_task_job.py:212} INFO - Task exited with return code 0
[2023-03-23T00:28:18.396+0000] {taskinstance.py:2585} INFO - 0 downstream tasks scheduled from follow-on schedule check
