[2023-03-23T01:13:58.245+0000] {taskinstance.py:1084} INFO - Dependencies all met for dep_context=non-requeueable deps ti=<TaskInstance: sql_dags.write_to_mysql manual__2023-03-23T01:13:55.883065+00:00 [queued]>
[2023-03-23T01:13:58.256+0000] {taskinstance.py:1084} INFO - Dependencies all met for dep_context=requeueable deps ti=<TaskInstance: sql_dags.write_to_mysql manual__2023-03-23T01:13:55.883065+00:00 [queued]>
[2023-03-23T01:13:58.257+0000] {taskinstance.py:1282} INFO - 
--------------------------------------------------------------------------------
[2023-03-23T01:13:58.257+0000] {taskinstance.py:1283} INFO - Starting attempt 1 of 2
[2023-03-23T01:13:58.258+0000] {taskinstance.py:1284} INFO - 
--------------------------------------------------------------------------------
[2023-03-23T01:13:58.273+0000] {taskinstance.py:1303} INFO - Executing <Task(PythonOperator): write_to_mysql> on 2023-03-23 01:13:55.883065+00:00
[2023-03-23T01:13:58.280+0000] {standard_task_runner.py:55} INFO - Started process 4501 to run task
[2023-03-23T01:13:58.286+0000] {standard_task_runner.py:82} INFO - Running: ['***', 'tasks', 'run', 'sql_dags', 'write_to_mysql', 'manual__2023-03-23T01:13:55.883065+00:00', '--job-id', '466', '--raw', '--subdir', 'DAGS_FOLDER/sql_dags.py', '--cfg-path', '/tmp/tmp0h_rb8d6']
[2023-03-23T01:13:58.287+0000] {standard_task_runner.py:83} INFO - Job 466: Subtask write_to_mysql
[2023-03-23T01:13:58.389+0000] {task_command.py:388} INFO - Running <TaskInstance: sql_dags.write_to_mysql manual__2023-03-23T01:13:55.883065+00:00 [running]> on host aeff5136c067
[2023-03-23T01:13:58.539+0000] {taskinstance.py:1511} INFO - Exporting the following env vars:
AIRFLOW_CTX_DAG_EMAIL=***@example.com
AIRFLOW_CTX_DAG_OWNER=***
AIRFLOW_CTX_DAG_ID=sql_dags
AIRFLOW_CTX_TASK_ID=write_to_mysql
AIRFLOW_CTX_EXECUTION_DATE=2023-03-23T01:13:55.883065+00:00
AIRFLOW_CTX_TRY_NUMBER=1
AIRFLOW_CTX_DAG_RUN_ID=manual__2023-03-23T01:13:55.883065+00:00
[2023-03-23T01:13:58.572+0000] {base.py:73} INFO - Using connection ID 'my_database' for task execution.
[2023-03-23T01:13:58.818+0000] {logging_mixin.py:137} INFO - Finished downloading IBM data.
[2023-03-23T01:13:59.016+0000] {logging_mixin.py:137} INFO - Finished downloading GE data.
[2023-03-23T01:13:59.184+0000] {logging_mixin.py:137} INFO - Finished downloading AAPL data.
[2023-03-23T01:13:59.341+0000] {logging_mixin.py:137} INFO - Finished downloading MSFT data.
[2023-03-23T01:13:59.343+0000] {python.py:177} INFO - Done. Returned value was: None
[2023-03-23T01:13:59.356+0000] {taskinstance.py:1326} INFO - Marking task as SUCCESS. dag_id=sql_dags, task_id=write_to_mysql, execution_date=20230323T011355, start_date=20230323T011358, end_date=20230323T011359
[2023-03-23T01:13:59.387+0000] {local_task_job.py:212} INFO - Task exited with return code 0
[2023-03-23T01:13:59.409+0000] {taskinstance.py:2585} INFO - 0 downstream tasks scheduled from follow-on schedule check
