[2023-03-22T07:59:37.340+0000] {taskinstance.py:1084} INFO - Dependencies all met for dep_context=non-requeueable deps ti=<TaskInstance: sql_dags.write_to_mysql manual__2023-03-22T07:59:35.412682+00:00 [queued]>
[2023-03-22T07:59:37.350+0000] {taskinstance.py:1084} INFO - Dependencies all met for dep_context=requeueable deps ti=<TaskInstance: sql_dags.write_to_mysql manual__2023-03-22T07:59:35.412682+00:00 [queued]>
[2023-03-22T07:59:37.351+0000] {taskinstance.py:1282} INFO - 
--------------------------------------------------------------------------------
[2023-03-22T07:59:37.351+0000] {taskinstance.py:1283} INFO - Starting attempt 1 of 2
[2023-03-22T07:59:37.352+0000] {taskinstance.py:1284} INFO - 
--------------------------------------------------------------------------------
[2023-03-22T07:59:37.369+0000] {taskinstance.py:1303} INFO - Executing <Task(PythonOperator): write_to_mysql> on 2023-03-22 07:59:35.412682+00:00
[2023-03-22T07:59:37.375+0000] {standard_task_runner.py:55} INFO - Started process 1448 to run task
[2023-03-22T07:59:37.380+0000] {standard_task_runner.py:82} INFO - Running: ['***', 'tasks', 'run', 'sql_dags', 'write_to_mysql', 'manual__2023-03-22T07:59:35.412682+00:00', '--job-id', '422', '--raw', '--subdir', 'DAGS_FOLDER/sql_dags.py', '--cfg-path', '/tmp/tmp2lv788uo']
[2023-03-22T07:59:37.381+0000] {standard_task_runner.py:83} INFO - Job 422: Subtask write_to_mysql
[2023-03-22T07:59:37.654+0000] {task_command.py:388} INFO - Running <TaskInstance: sql_dags.write_to_mysql manual__2023-03-22T07:59:35.412682+00:00 [running]> on host aeff5136c067
[2023-03-22T07:59:37.734+0000] {taskinstance.py:1511} INFO - Exporting the following env vars:
AIRFLOW_CTX_DAG_EMAIL=***@example.com
AIRFLOW_CTX_DAG_OWNER=***
AIRFLOW_CTX_DAG_ID=sql_dags
AIRFLOW_CTX_TASK_ID=write_to_mysql
AIRFLOW_CTX_EXECUTION_DATE=2023-03-22T07:59:35.412682+00:00
AIRFLOW_CTX_TRY_NUMBER=1
AIRFLOW_CTX_DAG_RUN_ID=manual__2023-03-22T07:59:35.412682+00:00
[2023-03-22T07:59:38.676+0000] {logging_mixin.py:137} INFO - Index(['stock_name', 'open', 'high', 'low', 'close', 'volume', 'dividends',
       'stock splits'],
      dtype='object')
[2023-03-22T07:59:38.677+0000] {logging_mixin.py:137} INFO - Finished downloading IBM data.
[2023-03-22T07:59:39.265+0000] {logging_mixin.py:137} INFO - Index(['stock_name', 'open', 'high', 'low', 'close', 'volume', 'dividends',
       'stock splits'],
      dtype='object')
[2023-03-22T07:59:39.266+0000] {logging_mixin.py:137} INFO - Finished downloading GE data.
[2023-03-22T07:59:40.283+0000] {logging_mixin.py:137} INFO - Index(['stock_name', 'open', 'high', 'low', 'close', 'volume', 'dividends',
       'stock splits'],
      dtype='object')
[2023-03-22T07:59:40.284+0000] {logging_mixin.py:137} INFO - Finished downloading AAPL data.
[2023-03-22T07:59:40.593+0000] {logging_mixin.py:137} INFO - Index(['stock_name', 'open', 'high', 'low', 'close', 'volume', 'dividends',
       'stock splits'],
      dtype='object')
[2023-03-22T07:59:40.594+0000] {logging_mixin.py:137} INFO - Finished downloading MSFT data.
[2023-03-22T07:59:40.595+0000] {python.py:177} INFO - Done. Returned value was: None
[2023-03-22T07:59:40.607+0000] {taskinstance.py:1326} INFO - Marking task as SUCCESS. dag_id=sql_dags, task_id=write_to_mysql, execution_date=20230322T075935, start_date=20230322T075937, end_date=20230322T075940
[2023-03-22T07:59:40.668+0000] {local_task_job.py:212} INFO - Task exited with return code 0
[2023-03-22T07:59:40.855+0000] {taskinstance.py:2585} INFO - 0 downstream tasks scheduled from follow-on schedule check
