[2023-03-22T08:40:47.397+0000] {taskinstance.py:1084} INFO - Dependencies all met for dep_context=non-requeueable deps ti=<TaskInstance: sql_dags.write_to_mysql scheduled__2023-03-22T08:35:46.224422+00:00 [queued]>
[2023-03-22T08:40:47.405+0000] {taskinstance.py:1084} INFO - Dependencies all met for dep_context=requeueable deps ti=<TaskInstance: sql_dags.write_to_mysql scheduled__2023-03-22T08:35:46.224422+00:00 [queued]>
[2023-03-22T08:40:47.406+0000] {taskinstance.py:1282} INFO - 
--------------------------------------------------------------------------------
[2023-03-22T08:40:47.406+0000] {taskinstance.py:1283} INFO - Starting attempt 1 of 2
[2023-03-22T08:40:47.407+0000] {taskinstance.py:1284} INFO - 
--------------------------------------------------------------------------------
[2023-03-22T08:40:47.420+0000] {taskinstance.py:1303} INFO - Executing <Task(PythonOperator): write_to_mysql> on 2023-03-22 08:35:46.224422+00:00
[2023-03-22T08:40:47.425+0000] {standard_task_runner.py:55} INFO - Started process 2553 to run task
[2023-03-22T08:40:47.430+0000] {standard_task_runner.py:82} INFO - Running: ['***', 'tasks', 'run', 'sql_dags', 'write_to_mysql', 'scheduled__2023-03-22T08:35:46.224422+00:00', '--job-id', '435', '--raw', '--subdir', 'DAGS_FOLDER/sql_dags.py', '--cfg-path', '/tmp/tmpu_5vh8mm']
[2023-03-22T08:40:47.431+0000] {standard_task_runner.py:83} INFO - Job 435: Subtask write_to_mysql
[2023-03-22T08:40:47.687+0000] {task_command.py:388} INFO - Running <TaskInstance: sql_dags.write_to_mysql scheduled__2023-03-22T08:35:46.224422+00:00 [running]> on host aeff5136c067
[2023-03-22T08:40:47.763+0000] {taskinstance.py:1511} INFO - Exporting the following env vars:
AIRFLOW_CTX_DAG_EMAIL=***@example.com
AIRFLOW_CTX_DAG_OWNER=***
AIRFLOW_CTX_DAG_ID=sql_dags
AIRFLOW_CTX_TASK_ID=write_to_mysql
AIRFLOW_CTX_EXECUTION_DATE=2023-03-22T08:35:46.224422+00:00
AIRFLOW_CTX_TRY_NUMBER=1
AIRFLOW_CTX_DAG_RUN_ID=scheduled__2023-03-22T08:35:46.224422+00:00
[2023-03-22T08:40:48.458+0000] {logging_mixin.py:137} INFO - Index(['stock_name', 'open', 'high', 'low', 'close', 'volume', 'dividends',
       'stock splits'],
      dtype='object')
[2023-03-22T08:40:48.459+0000] {logging_mixin.py:137} INFO - Finished downloading IBM data.
[2023-03-22T08:40:48.939+0000] {logging_mixin.py:137} INFO - Index(['stock_name', 'open', 'high', 'low', 'close', 'volume', 'dividends',
       'stock splits'],
      dtype='object')
[2023-03-22T08:40:48.940+0000] {logging_mixin.py:137} INFO - Finished downloading GE data.
[2023-03-22T08:40:49.392+0000] {logging_mixin.py:137} INFO - Index(['stock_name', 'open', 'high', 'low', 'close', 'volume', 'dividends',
       'stock splits'],
      dtype='object')
[2023-03-22T08:40:49.393+0000] {logging_mixin.py:137} INFO - Finished downloading AAPL data.
[2023-03-22T08:40:49.729+0000] {logging_mixin.py:137} INFO - Index(['stock_name', 'open', 'high', 'low', 'close', 'volume', 'dividends',
       'stock splits'],
      dtype='object')
[2023-03-22T08:40:49.730+0000] {logging_mixin.py:137} INFO - Finished downloading MSFT data.
[2023-03-22T08:40:49.731+0000] {python.py:177} INFO - Done. Returned value was: None
[2023-03-22T08:40:49.742+0000] {taskinstance.py:1326} INFO - Marking task as SUCCESS. dag_id=sql_dags, task_id=write_to_mysql, execution_date=20230322T083546, start_date=20230322T084047, end_date=20230322T084049
[2023-03-22T08:40:49.790+0000] {local_task_job.py:212} INFO - Task exited with return code 0
[2023-03-22T08:40:49.967+0000] {taskinstance.py:2585} INFO - 0 downstream tasks scheduled from follow-on schedule check
