[2023-03-21 04:49:48,154] {taskinstance.py:1179} INFO - Dependencies all met for <TaskInstance: download_stock.download_price scheduled__2023-03-21T04:44:47.336204+00:00 [queued]>
[2023-03-21 04:49:48,162] {taskinstance.py:1179} INFO - Dependencies all met for <TaskInstance: download_stock.download_price scheduled__2023-03-21T04:44:47.336204+00:00 [queued]>
[2023-03-21 04:49:48,163] {taskinstance.py:1376} INFO - 
--------------------------------------------------------------------------------
[2023-03-21 04:49:48,163] {taskinstance.py:1377} INFO - Starting attempt 1 of 2
[2023-03-21 04:49:48,164] {taskinstance.py:1378} INFO - 
--------------------------------------------------------------------------------
[2023-03-21 04:49:48,175] {taskinstance.py:1397} INFO - Executing <Task(PythonOperator): download_price> on 2023-03-21 04:44:47.336204+00:00
[2023-03-21 04:49:48,180] {standard_task_runner.py:52} INFO - Started process 1260 to run task
[2023-03-21 04:49:48,184] {standard_task_runner.py:79} INFO - Running: ['***', 'tasks', 'run', 'download_stock', 'download_price', 'scheduled__2023-03-21T04:44:47.336204+00:00', '--job-id', '155', '--raw', '--subdir', 'DAGS_FOLDER/download_stock_price.py', '--cfg-path', '/tmp/tmpnl2jzii8', '--error-file', '/tmp/tmposvd8cqp']
[2023-03-21 04:49:48,186] {standard_task_runner.py:80} INFO - Job 155: Subtask download_price
[2023-03-21 04:49:48,256] {task_command.py:371} INFO - Running <TaskInstance: download_stock.download_price scheduled__2023-03-21T04:44:47.336204+00:00 [running]> on host 6b2dd5cdd356
[2023-03-21 04:49:48,324] {taskinstance.py:1591} INFO - Exporting the following env vars:
AIRFLOW_CTX_DAG_EMAIL=***@example.com
AIRFLOW_CTX_DAG_OWNER=***
AIRFLOW_CTX_DAG_ID=download_stock
AIRFLOW_CTX_TASK_ID=download_price
AIRFLOW_CTX_EXECUTION_DATE=2023-03-21T04:44:47.336204+00:00
AIRFLOW_CTX_TRY_NUMBER=1
AIRFLOW_CTX_DAG_RUN_ID=scheduled__2023-03-21T04:44:47.336204+00:00
[2023-03-21 04:49:48,925] {logging_mixin.py:115} INFO - <class 'pandas.core.frame.DataFrame'>
[2023-03-21 04:49:48,926] {logging_mixin.py:115} INFO - (9330, 7)
[2023-03-21 04:49:48,927] {logging_mixin.py:115} INFO - /opt/***
[2023-03-21 04:49:49,153] {logging_mixin.py:115} INFO - Finished downloading MSFT data.
[2023-03-21 04:49:49,154] {python.py:173} INFO - Done. Returned value was: None
[2023-03-21 04:49:49,166] {taskinstance.py:1420} INFO - Marking task as SUCCESS. dag_id=download_stock, task_id=download_price, execution_date=20230321T044447, start_date=20230321T044948, end_date=20230321T044949
[2023-03-21 04:49:49,218] {local_task_job.py:156} INFO - Task exited with return code 0
[2023-03-21 04:49:49,249] {local_task_job.py:273} INFO - 0 downstream tasks scheduled from follow-on schedule check
