[2023-03-21 05:54:48,846] {taskinstance.py:1179} INFO - Dependencies all met for <TaskInstance: download_stock.download_price scheduled__2023-03-21T05:49:47.491033+00:00 [queued]>
[2023-03-21 05:54:48,859] {taskinstance.py:1179} INFO - Dependencies all met for <TaskInstance: download_stock.download_price scheduled__2023-03-21T05:49:47.491033+00:00 [queued]>
[2023-03-21 05:54:48,860] {taskinstance.py:1376} INFO - 
--------------------------------------------------------------------------------
[2023-03-21 05:54:48,861] {taskinstance.py:1377} INFO - Starting attempt 1 of 2
[2023-03-21 05:54:48,861] {taskinstance.py:1378} INFO - 
--------------------------------------------------------------------------------
[2023-03-21 05:54:48,876] {taskinstance.py:1397} INFO - Executing <Task(PythonOperator): download_price> on 2023-03-21 05:49:47.491033+00:00
[2023-03-21 05:54:48,882] {standard_task_runner.py:52} INFO - Started process 2435 to run task
[2023-03-21 05:54:48,888] {standard_task_runner.py:79} INFO - Running: ['***', 'tasks', 'run', 'download_stock', 'download_price', 'scheduled__2023-03-21T05:49:47.491033+00:00', '--job-id', '175', '--raw', '--subdir', 'DAGS_FOLDER/download_stock_price.py', '--cfg-path', '/tmp/tmpc8ai4stq', '--error-file', '/tmp/tmp38n7pg71']
[2023-03-21 05:54:48,890] {standard_task_runner.py:80} INFO - Job 175: Subtask download_price
[2023-03-21 05:54:49,014] {task_command.py:371} INFO - Running <TaskInstance: download_stock.download_price scheduled__2023-03-21T05:49:47.491033+00:00 [running]> on host 6b2dd5cdd356
[2023-03-21 05:54:49,110] {taskinstance.py:1591} INFO - Exporting the following env vars:
AIRFLOW_CTX_DAG_EMAIL=***@example.com
AIRFLOW_CTX_DAG_OWNER=***
AIRFLOW_CTX_DAG_ID=download_stock
AIRFLOW_CTX_TASK_ID=download_price
AIRFLOW_CTX_EXECUTION_DATE=2023-03-21T05:49:47.491033+00:00
AIRFLOW_CTX_TRY_NUMBER=1
AIRFLOW_CTX_DAG_RUN_ID=scheduled__2023-03-21T05:49:47.491033+00:00
[2023-03-21 05:54:49,122] {logging_mixin.py:115} INFO - None
[2023-03-21 05:54:50,522] {logging_mixin.py:115} INFO - Finished downloading IBM data.
[2023-03-21 05:54:51,523] {logging_mixin.py:115} INFO - Finished downloading GE data.
[2023-03-21 05:54:52,329] {logging_mixin.py:115} INFO - Finished downloading AAPL data.
[2023-03-21 05:54:53,200] {logging_mixin.py:115} INFO - Finished downloading MSFT data.
[2023-03-21 05:54:53,201] {python.py:173} INFO - Done. Returned value was: None
[2023-03-21 05:54:53,214] {taskinstance.py:1420} INFO - Marking task as SUCCESS. dag_id=download_stock, task_id=download_price, execution_date=20230321T054947, start_date=20230321T055448, end_date=20230321T055453
[2023-03-21 05:54:53,262] {local_task_job.py:156} INFO - Task exited with return code 0
[2023-03-21 05:54:53,297] {local_task_job.py:273} INFO - 0 downstream tasks scheduled from follow-on schedule check
