[2023-03-22T08:00:20.082+0000] {taskinstance.py:1084} INFO - Dependencies all met for dep_context=non-requeueable deps ti=<TaskInstance: sql_dags.write_to_mysql scheduled__2023-03-22T07:55:17.936845+00:00 [queued]>
[2023-03-22T08:00:20.092+0000] {taskinstance.py:1084} INFO - Dependencies all met for dep_context=requeueable deps ti=<TaskInstance: sql_dags.write_to_mysql scheduled__2023-03-22T07:55:17.936845+00:00 [queued]>
[2023-03-22T08:00:20.093+0000] {taskinstance.py:1282} INFO - 
--------------------------------------------------------------------------------
[2023-03-22T08:00:20.094+0000] {taskinstance.py:1283} INFO - Starting attempt 1 of 2
[2023-03-22T08:00:20.094+0000] {taskinstance.py:1284} INFO - 
--------------------------------------------------------------------------------
[2023-03-22T08:00:20.110+0000] {taskinstance.py:1303} INFO - Executing <Task(PythonOperator): write_to_mysql> on 2023-03-22 07:55:17.936845+00:00
[2023-03-22T08:00:20.116+0000] {standard_task_runner.py:55} INFO - Started process 1468 to run task
[2023-03-22T08:00:20.121+0000] {standard_task_runner.py:82} INFO - Running: ['***', 'tasks', 'run', 'sql_dags', 'write_to_mysql', 'scheduled__2023-03-22T07:55:17.936845+00:00', '--job-id', '424', '--raw', '--subdir', 'DAGS_FOLDER/sql_dags.py', '--cfg-path', '/tmp/tmpclaj9f63']
[2023-03-22T08:00:20.122+0000] {standard_task_runner.py:83} INFO - Job 424: Subtask write_to_mysql
[2023-03-22T08:00:20.386+0000] {task_command.py:388} INFO - Running <TaskInstance: sql_dags.write_to_mysql scheduled__2023-03-22T07:55:17.936845+00:00 [running]> on host aeff5136c067
[2023-03-22T08:00:20.472+0000] {taskinstance.py:1511} INFO - Exporting the following env vars:
AIRFLOW_CTX_DAG_EMAIL=***@example.com
AIRFLOW_CTX_DAG_OWNER=***
AIRFLOW_CTX_DAG_ID=sql_dags
AIRFLOW_CTX_TASK_ID=write_to_mysql
AIRFLOW_CTX_EXECUTION_DATE=2023-03-22T07:55:17.936845+00:00
AIRFLOW_CTX_TRY_NUMBER=1
AIRFLOW_CTX_DAG_RUN_ID=scheduled__2023-03-22T07:55:17.936845+00:00
[2023-03-22T08:00:20.955+0000] {logging_mixin.py:137} INFO - Index(['stock_name', 'open', 'high', 'low', 'close', 'volume', 'dividends',
       'stock splits'],
      dtype='object')
[2023-03-22T08:00:20.956+0000] {logging_mixin.py:137} INFO - Finished downloading IBM data.
[2023-03-22T08:00:21.585+0000] {logging_mixin.py:137} INFO - Index(['stock_name', 'open', 'high', 'low', 'close', 'volume', 'dividends',
       'stock splits'],
      dtype='object')
[2023-03-22T08:00:21.586+0000] {logging_mixin.py:137} INFO - Finished downloading GE data.
[2023-03-22T08:00:22.175+0000] {logging_mixin.py:137} INFO - Index(['stock_name', 'open', 'high', 'low', 'close', 'volume', 'dividends',
       'stock splits'],
      dtype='object')
[2023-03-22T08:00:22.176+0000] {logging_mixin.py:137} INFO - Finished downloading AAPL data.
[2023-03-22T08:00:22.521+0000] {logging_mixin.py:137} INFO - Index(['stock_name', 'open', 'high', 'low', 'close', 'volume', 'dividends',
       'stock splits'],
      dtype='object')
[2023-03-22T08:00:22.522+0000] {logging_mixin.py:137} INFO - Finished downloading MSFT data.
[2023-03-22T08:00:22.523+0000] {python.py:177} INFO - Done. Returned value was: None
[2023-03-22T08:00:22.534+0000] {taskinstance.py:1326} INFO - Marking task as SUCCESS. dag_id=sql_dags, task_id=write_to_mysql, execution_date=20230322T075517, start_date=20230322T080020, end_date=20230322T080022
[2023-03-22T08:00:22.588+0000] {local_task_job.py:212} INFO - Task exited with return code 0
[2023-03-22T08:00:22.765+0000] {taskinstance.py:2585} INFO - 0 downstream tasks scheduled from follow-on schedule check
