[2023-03-21 02:27:38,505] {taskinstance.py:1179} INFO - Dependencies all met for <TaskInstance: download_stock.download_price scheduled__2023-03-21T02:18:18.114589+00:00 [queued]>
[2023-03-21 02:27:38,534] {taskinstance.py:1179} INFO - Dependencies all met for <TaskInstance: download_stock.download_price scheduled__2023-03-21T02:18:18.114589+00:00 [queued]>
[2023-03-21 02:27:38,535] {taskinstance.py:1376} INFO - 
--------------------------------------------------------------------------------
[2023-03-21 02:27:38,536] {taskinstance.py:1377} INFO - Starting attempt 1 of 2
[2023-03-21 02:27:38,537] {taskinstance.py:1378} INFO - 
--------------------------------------------------------------------------------
[2023-03-21 02:27:38,859] {taskinstance.py:1397} INFO - Executing <Task(PythonOperator): download_price> on 2023-03-21 02:18:18.114589+00:00
[2023-03-21 02:27:38,880] {standard_task_runner.py:52} INFO - Started process 73 to run task
[2023-03-21 02:27:38,886] {standard_task_runner.py:79} INFO - Running: ['***', 'tasks', 'run', 'download_stock', 'download_price', 'scheduled__2023-03-21T02:18:18.114589+00:00', '--job-id', '77', '--raw', '--subdir', 'DAGS_FOLDER/download_stock_price.py', '--cfg-path', '/tmp/tmpy8nckgj1', '--error-file', '/tmp/tmpu0qyfi8k']
[2023-03-21 02:27:38,892] {standard_task_runner.py:80} INFO - Job 77: Subtask download_price
[2023-03-21 02:27:39,101] {task_command.py:371} INFO - Running <TaskInstance: download_stock.download_price scheduled__2023-03-21T02:18:18.114589+00:00 [running]> on host 6b2dd5cdd356
[2023-03-21 02:27:39,282] {taskinstance.py:1591} INFO - Exporting the following env vars:
AIRFLOW_CTX_DAG_EMAIL=***@example.com
AIRFLOW_CTX_DAG_OWNER=***
AIRFLOW_CTX_DAG_ID=download_stock
AIRFLOW_CTX_TASK_ID=download_price
AIRFLOW_CTX_EXECUTION_DATE=2023-03-21T02:18:18.114589+00:00
AIRFLOW_CTX_TRY_NUMBER=1
AIRFLOW_CTX_DAG_RUN_ID=scheduled__2023-03-21T02:18:18.114589+00:00
[2023-03-21 02:27:39,892] {logging_mixin.py:115} INFO - <class 'pandas.core.frame.DataFrame'>
[2023-03-21 02:27:39,894] {logging_mixin.py:115} INFO - (9330, 7)
[2023-03-21 02:27:39,895] {python.py:173} INFO - Done. Returned value was: None
[2023-03-21 02:27:39,921] {taskinstance.py:1420} INFO - Marking task as SUCCESS. dag_id=download_stock, task_id=download_price, execution_date=20230321T021818, start_date=20230321T022738, end_date=20230321T022739
[2023-03-21 02:27:40,001] {local_task_job.py:156} INFO - Task exited with return code 0
[2023-03-21 02:27:40,092] {local_task_job.py:273} INFO - 0 downstream tasks scheduled from follow-on schedule check
