[2023-03-22 05:47:27,377] {taskinstance.py:1179} INFO - Dependencies all met for <TaskInstance: download_stock.download_price scheduled__2023-03-22T05:42:26.339485+00:00 [queued]>
[2023-03-22 05:47:27,388] {taskinstance.py:1179} INFO - Dependencies all met for <TaskInstance: download_stock.download_price scheduled__2023-03-22T05:42:26.339485+00:00 [queued]>
[2023-03-22 05:47:27,389] {taskinstance.py:1376} INFO - 
--------------------------------------------------------------------------------
[2023-03-22 05:47:27,389] {taskinstance.py:1377} INFO - Starting attempt 1 of 2
[2023-03-22 05:47:27,390] {taskinstance.py:1378} INFO - 
--------------------------------------------------------------------------------
[2023-03-22 05:47:27,405] {taskinstance.py:1397} INFO - Executing <Task(PythonOperator): download_price> on 2023-03-22 05:42:26.339485+00:00
[2023-03-22 05:47:27,413] {standard_task_runner.py:52} INFO - Started process 2660 to run task
[2023-03-22 05:47:27,418] {standard_task_runner.py:79} INFO - Running: ['***', 'tasks', 'run', 'download_stock', 'download_price', 'scheduled__2023-03-22T05:42:26.339485+00:00', '--job-id', '243', '--raw', '--subdir', 'DAGS_FOLDER/download_stock_price.py', '--cfg-path', '/tmp/tmp05lijr_9', '--error-file', '/tmp/tmpscfk5jid']
[2023-03-22 05:47:27,420] {standard_task_runner.py:80} INFO - Job 243: Subtask download_price
[2023-03-22 05:47:27,486] {task_command.py:371} INFO - Running <TaskInstance: download_stock.download_price scheduled__2023-03-22T05:42:26.339485+00:00 [running]> on host f5fe9057b95b
[2023-03-22 05:47:27,556] {taskinstance.py:1591} INFO - Exporting the following env vars:
AIRFLOW_CTX_DAG_EMAIL=***@example.com
AIRFLOW_CTX_DAG_OWNER=***
AIRFLOW_CTX_DAG_ID=download_stock
AIRFLOW_CTX_TASK_ID=download_price
AIRFLOW_CTX_EXECUTION_DATE=2023-03-22T05:42:26.339485+00:00
AIRFLOW_CTX_TRY_NUMBER=1
AIRFLOW_CTX_DAG_RUN_ID=scheduled__2023-03-22T05:42:26.339485+00:00
[2023-03-22 05:47:27,566] {logging_mixin.py:115} INFO - None
[2023-03-22 05:47:28,795] {logging_mixin.py:115} INFO - Finished downloading IBM data.
[2023-03-22 05:47:29,859] {logging_mixin.py:115} INFO - Finished downloading GE data.
[2023-03-22 05:47:30,614] {logging_mixin.py:115} INFO - Finished downloading AAPL data.
[2023-03-22 05:47:31,309] {logging_mixin.py:115} INFO - Finished downloading MSFT data.
[2023-03-22 05:47:31,309] {python.py:173} INFO - Done. Returned value was: None
[2023-03-22 05:47:31,322] {taskinstance.py:1420} INFO - Marking task as SUCCESS. dag_id=download_stock, task_id=download_price, execution_date=20230322T054226, start_date=20230322T054727, end_date=20230322T054731
[2023-03-22 05:47:31,355] {local_task_job.py:156} INFO - Task exited with return code 0
[2023-03-22 05:47:31,387] {local_task_job.py:273} INFO - 0 downstream tasks scheduled from follow-on schedule check
