[2023-03-22 05:57:27,752] {taskinstance.py:1179} INFO - Dependencies all met for <TaskInstance: download_stock.download_price scheduled__2023-03-22T05:52:26.339485+00:00 [queued]>
[2023-03-22 05:57:27,761] {taskinstance.py:1179} INFO - Dependencies all met for <TaskInstance: download_stock.download_price scheduled__2023-03-22T05:52:26.339485+00:00 [queued]>
[2023-03-22 05:57:27,762] {taskinstance.py:1376} INFO - 
--------------------------------------------------------------------------------
[2023-03-22 05:57:27,762] {taskinstance.py:1377} INFO - Starting attempt 1 of 2
[2023-03-22 05:57:27,763] {taskinstance.py:1378} INFO - 
--------------------------------------------------------------------------------
[2023-03-22 05:57:27,776] {taskinstance.py:1397} INFO - Executing <Task(PythonOperator): download_price> on 2023-03-22 05:52:26.339485+00:00
[2023-03-22 05:57:27,782] {standard_task_runner.py:52} INFO - Started process 2839 to run task
[2023-03-22 05:57:27,786] {standard_task_runner.py:79} INFO - Running: ['***', 'tasks', 'run', 'download_stock', 'download_price', 'scheduled__2023-03-22T05:52:26.339485+00:00', '--job-id', '245', '--raw', '--subdir', 'DAGS_FOLDER/download_stock_price.py', '--cfg-path', '/tmp/tmpqs03qg7l', '--error-file', '/tmp/tmptkoavus4']
[2023-03-22 05:57:27,788] {standard_task_runner.py:80} INFO - Job 245: Subtask download_price
[2023-03-22 05:57:27,860] {task_command.py:371} INFO - Running <TaskInstance: download_stock.download_price scheduled__2023-03-22T05:52:26.339485+00:00 [running]> on host f5fe9057b95b
[2023-03-22 05:57:27,932] {taskinstance.py:1591} INFO - Exporting the following env vars:
AIRFLOW_CTX_DAG_EMAIL=***@example.com
AIRFLOW_CTX_DAG_OWNER=***
AIRFLOW_CTX_DAG_ID=download_stock
AIRFLOW_CTX_TASK_ID=download_price
AIRFLOW_CTX_EXECUTION_DATE=2023-03-22T05:52:26.339485+00:00
AIRFLOW_CTX_TRY_NUMBER=1
AIRFLOW_CTX_DAG_RUN_ID=scheduled__2023-03-22T05:52:26.339485+00:00
[2023-03-22 05:57:27,942] {logging_mixin.py:115} INFO - None
[2023-03-22 05:57:29,168] {logging_mixin.py:115} INFO - Finished downloading IBM data.
[2023-03-22 05:57:30,226] {logging_mixin.py:115} INFO - Finished downloading GE data.
[2023-03-22 05:57:30,891] {logging_mixin.py:115} INFO - Finished downloading AAPL data.
[2023-03-22 05:57:31,497] {logging_mixin.py:115} INFO - Finished downloading MSFT data.
[2023-03-22 05:57:31,497] {python.py:173} INFO - Done. Returned value was: None
[2023-03-22 05:57:31,509] {taskinstance.py:1420} INFO - Marking task as SUCCESS. dag_id=download_stock, task_id=download_price, execution_date=20230322T055226, start_date=20230322T055727, end_date=20230322T055731
[2023-03-22 05:57:31,571] {local_task_job.py:156} INFO - Task exited with return code 0
[2023-03-22 05:57:31,608] {local_task_job.py:273} INFO - 0 downstream tasks scheduled from follow-on schedule check
