[2023-03-22 02:42:21,080] {taskinstance.py:1179} INFO - Dependencies all met for <TaskInstance: download_stock.download_price scheduled__2023-03-21T07:24:47.491033+00:00 [queued]>
[2023-03-22 02:42:21,091] {taskinstance.py:1179} INFO - Dependencies all met for <TaskInstance: download_stock.download_price scheduled__2023-03-21T07:24:47.491033+00:00 [queued]>
[2023-03-22 02:42:21,091] {taskinstance.py:1376} INFO - 
--------------------------------------------------------------------------------
[2023-03-22 02:42:21,092] {taskinstance.py:1377} INFO - Starting attempt 2 of 2
[2023-03-22 02:42:21,092] {taskinstance.py:1378} INFO - 
--------------------------------------------------------------------------------
[2023-03-22 02:42:21,236] {taskinstance.py:1397} INFO - Executing <Task(PythonOperator): download_price> on 2023-03-21 07:24:47.491033+00:00
[2023-03-22 02:42:21,243] {standard_task_runner.py:52} INFO - Started process 154 to run task
[2023-03-22 02:42:21,248] {standard_task_runner.py:79} INFO - Running: ['***', 'tasks', 'run', 'download_stock', 'download_price', 'scheduled__2023-03-21T07:24:47.491033+00:00', '--job-id', '199', '--raw', '--subdir', 'DAGS_FOLDER/download_stock_price.py', '--cfg-path', '/tmp/tmpzqf5uq8w', '--error-file', '/tmp/tmpw3filt8d']
[2023-03-22 02:42:21,250] {standard_task_runner.py:80} INFO - Job 199: Subtask download_price
[2023-03-22 02:42:21,328] {task_command.py:371} INFO - Running <TaskInstance: download_stock.download_price scheduled__2023-03-21T07:24:47.491033+00:00 [running]> on host b83d0a86610b
[2023-03-22 02:42:21,398] {taskinstance.py:1591} INFO - Exporting the following env vars:
AIRFLOW_CTX_DAG_EMAIL=***@example.com
AIRFLOW_CTX_DAG_OWNER=***
AIRFLOW_CTX_DAG_ID=download_stock
AIRFLOW_CTX_TASK_ID=download_price
AIRFLOW_CTX_EXECUTION_DATE=2023-03-21T07:24:47.491033+00:00
AIRFLOW_CTX_TRY_NUMBER=2
AIRFLOW_CTX_DAG_RUN_ID=scheduled__2023-03-21T07:24:47.491033+00:00
[2023-03-22 02:42:21,408] {logging_mixin.py:115} INFO - None
[2023-03-22 02:42:22,487] {logging_mixin.py:115} INFO - Finished downloading IBM data.
[2023-03-22 02:42:23,493] {logging_mixin.py:115} INFO - Finished downloading GE data.
[2023-03-22 02:42:24,245] {logging_mixin.py:115} INFO - Finished downloading AAPL data.
[2023-03-22 02:42:25,193] {logging_mixin.py:115} INFO - Finished downloading MSFT data.
[2023-03-22 02:42:25,194] {python.py:173} INFO - Done. Returned value was: None
[2023-03-22 02:42:25,207] {taskinstance.py:1420} INFO - Marking task as SUCCESS. dag_id=download_stock, task_id=download_price, execution_date=20230321T072447, start_date=20230322T024221, end_date=20230322T024225
[2023-03-22 02:42:25,260] {local_task_job.py:156} INFO - Task exited with return code 0
[2023-03-22 02:42:25,298] {local_task_job.py:273} INFO - 0 downstream tasks scheduled from follow-on schedule check
