[2023-03-23T00:25:28.737+0000] {taskinstance.py:1084} INFO - Dependencies all met for dep_context=non-requeueable deps ti=<TaskInstance: sql_dags.write_to_mysql scheduled__2023-03-23T00:20:27.239509+00:00 [queued]>
[2023-03-23T00:25:28.747+0000] {taskinstance.py:1084} INFO - Dependencies all met for dep_context=requeueable deps ti=<TaskInstance: sql_dags.write_to_mysql scheduled__2023-03-23T00:20:27.239509+00:00 [queued]>
[2023-03-23T00:25:28.748+0000] {taskinstance.py:1282} INFO - 
--------------------------------------------------------------------------------
[2023-03-23T00:25:28.748+0000] {taskinstance.py:1283} INFO - Starting attempt 1 of 2
[2023-03-23T00:25:28.749+0000] {taskinstance.py:1284} INFO - 
--------------------------------------------------------------------------------
[2023-03-23T00:25:28.765+0000] {taskinstance.py:1303} INFO - Executing <Task(PythonOperator): write_to_mysql> on 2023-03-23 00:20:27.239509+00:00
[2023-03-23T00:25:28.772+0000] {standard_task_runner.py:55} INFO - Started process 3191 to run task
[2023-03-23T00:25:28.777+0000] {standard_task_runner.py:82} INFO - Running: ['***', 'tasks', 'run', 'sql_dags', 'write_to_mysql', 'scheduled__2023-03-23T00:20:27.239509+00:00', '--job-id', '450', '--raw', '--subdir', 'DAGS_FOLDER/sql_dags.py', '--cfg-path', '/tmp/tmph8d0fnq3']
[2023-03-23T00:25:28.778+0000] {standard_task_runner.py:83} INFO - Job 450: Subtask write_to_mysql
[2023-03-23T00:25:29.040+0000] {task_command.py:388} INFO - Running <TaskInstance: sql_dags.write_to_mysql scheduled__2023-03-23T00:20:27.239509+00:00 [running]> on host aeff5136c067
[2023-03-23T00:25:29.114+0000] {taskinstance.py:1511} INFO - Exporting the following env vars:
AIRFLOW_CTX_DAG_EMAIL=***@example.com
AIRFLOW_CTX_DAG_OWNER=***
AIRFLOW_CTX_DAG_ID=sql_dags
AIRFLOW_CTX_TASK_ID=write_to_mysql
AIRFLOW_CTX_EXECUTION_DATE=2023-03-23T00:20:27.239509+00:00
AIRFLOW_CTX_TRY_NUMBER=1
AIRFLOW_CTX_DAG_RUN_ID=scheduled__2023-03-23T00:20:27.239509+00:00
[2023-03-23T00:25:29.669+0000] {logging_mixin.py:137} INFO - Index(['stock_name', 'open', 'high', 'low', 'close', 'volume', 'dividends',
       'stock splits'],
      dtype='object')
[2023-03-23T00:25:29.670+0000] {logging_mixin.py:137} INFO - Finished downloading IBM data.
[2023-03-23T00:25:30.273+0000] {logging_mixin.py:137} INFO - Index(['stock_name', 'open', 'high', 'low', 'close', 'volume', 'dividends',
       'stock splits'],
      dtype='object')
[2023-03-23T00:25:30.274+0000] {logging_mixin.py:137} INFO - Finished downloading GE data.
[2023-03-23T00:25:30.642+0000] {logging_mixin.py:137} INFO - Index(['stock_name', 'open', 'high', 'low', 'close', 'volume', 'dividends',
       'stock splits'],
      dtype='object')
[2023-03-23T00:25:30.644+0000] {logging_mixin.py:137} INFO - Finished downloading AAPL data.
[2023-03-23T00:25:31.101+0000] {logging_mixin.py:137} INFO - Index(['stock_name', 'open', 'high', 'low', 'close', 'volume', 'dividends',
       'stock splits'],
      dtype='object')
[2023-03-23T00:25:31.102+0000] {logging_mixin.py:137} INFO - Finished downloading MSFT data.
[2023-03-23T00:25:31.102+0000] {python.py:177} INFO - Done. Returned value was: None
[2023-03-23T00:25:31.114+0000] {taskinstance.py:1326} INFO - Marking task as SUCCESS. dag_id=sql_dags, task_id=write_to_mysql, execution_date=20230323T002027, start_date=20230323T002528, end_date=20230323T002531
[2023-03-23T00:25:31.173+0000] {local_task_job.py:212} INFO - Task exited with return code 0
[2023-03-23T00:25:31.355+0000] {taskinstance.py:2585} INFO - 0 downstream tasks scheduled from follow-on schedule check
