[2023-03-21 06:19:48,570] {taskinstance.py:1179} INFO - Dependencies all met for <TaskInstance: download_stock.download_price scheduled__2023-03-21T06:14:47.491033+00:00 [queued]>
[2023-03-21 06:19:48,581] {taskinstance.py:1179} INFO - Dependencies all met for <TaskInstance: download_stock.download_price scheduled__2023-03-21T06:14:47.491033+00:00 [queued]>
[2023-03-21 06:19:48,582] {taskinstance.py:1376} INFO - 
--------------------------------------------------------------------------------
[2023-03-21 06:19:48,582] {taskinstance.py:1377} INFO - Starting attempt 1 of 2
[2023-03-21 06:19:48,583] {taskinstance.py:1378} INFO - 
--------------------------------------------------------------------------------
[2023-03-21 06:19:48,598] {taskinstance.py:1397} INFO - Executing <Task(PythonOperator): download_price> on 2023-03-21 06:14:47.491033+00:00
[2023-03-21 06:19:48,604] {standard_task_runner.py:52} INFO - Started process 2872 to run task
[2023-03-21 06:19:48,609] {standard_task_runner.py:79} INFO - Running: ['***', 'tasks', 'run', 'download_stock', 'download_price', 'scheduled__2023-03-21T06:14:47.491033+00:00', '--job-id', '180', '--raw', '--subdir', 'DAGS_FOLDER/download_stock_price.py', '--cfg-path', '/tmp/tmp9a55c8oo', '--error-file', '/tmp/tmply1azu93']
[2023-03-21 06:19:48,612] {standard_task_runner.py:80} INFO - Job 180: Subtask download_price
[2023-03-21 06:19:48,695] {task_command.py:371} INFO - Running <TaskInstance: download_stock.download_price scheduled__2023-03-21T06:14:47.491033+00:00 [running]> on host 6b2dd5cdd356
[2023-03-21 06:19:48,780] {taskinstance.py:1591} INFO - Exporting the following env vars:
AIRFLOW_CTX_DAG_EMAIL=***@example.com
AIRFLOW_CTX_DAG_OWNER=***
AIRFLOW_CTX_DAG_ID=download_stock
AIRFLOW_CTX_TASK_ID=download_price
AIRFLOW_CTX_EXECUTION_DATE=2023-03-21T06:14:47.491033+00:00
AIRFLOW_CTX_TRY_NUMBER=1
AIRFLOW_CTX_DAG_RUN_ID=scheduled__2023-03-21T06:14:47.491033+00:00
[2023-03-21 06:19:48,792] {logging_mixin.py:115} INFO - None
[2023-03-21 06:19:52,069] {logging_mixin.py:115} INFO - Finished downloading IBM data.
[2023-03-21 06:19:52,990] {logging_mixin.py:115} INFO - Finished downloading GE data.
[2023-03-21 06:19:53,722] {logging_mixin.py:115} INFO - Finished downloading AAPL data.
[2023-03-21 06:19:54,468] {logging_mixin.py:115} INFO - Finished downloading MSFT data.
[2023-03-21 06:19:54,469] {python.py:173} INFO - Done. Returned value was: None
[2023-03-21 06:19:54,483] {taskinstance.py:1420} INFO - Marking task as SUCCESS. dag_id=download_stock, task_id=download_price, execution_date=20230321T061447, start_date=20230321T061948, end_date=20230321T061954
[2023-03-21 06:19:54,547] {local_task_job.py:156} INFO - Task exited with return code 0
[2023-03-21 06:19:54,578] {local_task_job.py:273} INFO - 0 downstream tasks scheduled from follow-on schedule check
