[2023-03-21 04:09:48,219] {taskinstance.py:1179} INFO - Dependencies all met for <TaskInstance: download_stock.download_price scheduled__2023-03-21T04:04:47.336204+00:00 [queued]>
[2023-03-21 04:09:48,226] {taskinstance.py:1179} INFO - Dependencies all met for <TaskInstance: download_stock.download_price scheduled__2023-03-21T04:04:47.336204+00:00 [queued]>
[2023-03-21 04:09:48,227] {taskinstance.py:1376} INFO - 
--------------------------------------------------------------------------------
[2023-03-21 04:09:48,227] {taskinstance.py:1377} INFO - Starting attempt 1 of 2
[2023-03-21 04:09:48,228] {taskinstance.py:1378} INFO - 
--------------------------------------------------------------------------------
[2023-03-21 04:09:48,239] {taskinstance.py:1397} INFO - Executing <Task(PythonOperator): download_price> on 2023-03-21 04:04:47.336204+00:00
[2023-03-21 04:09:48,244] {standard_task_runner.py:52} INFO - Started process 551 to run task
[2023-03-21 04:09:48,248] {standard_task_runner.py:79} INFO - Running: ['***', 'tasks', 'run', 'download_stock', 'download_price', 'scheduled__2023-03-21T04:04:47.336204+00:00', '--job-id', '147', '--raw', '--subdir', 'DAGS_FOLDER/download_stock_price.py', '--cfg-path', '/tmp/tmp8txqzykv', '--error-file', '/tmp/tmpvtd9ev2b']
[2023-03-21 04:09:48,250] {standard_task_runner.py:80} INFO - Job 147: Subtask download_price
[2023-03-21 04:09:48,324] {task_command.py:371} INFO - Running <TaskInstance: download_stock.download_price scheduled__2023-03-21T04:04:47.336204+00:00 [running]> on host 6b2dd5cdd356
[2023-03-21 04:09:48,394] {taskinstance.py:1591} INFO - Exporting the following env vars:
AIRFLOW_CTX_DAG_EMAIL=***@example.com
AIRFLOW_CTX_DAG_OWNER=***
AIRFLOW_CTX_DAG_ID=download_stock
AIRFLOW_CTX_TASK_ID=download_price
AIRFLOW_CTX_EXECUTION_DATE=2023-03-21T04:04:47.336204+00:00
AIRFLOW_CTX_TRY_NUMBER=1
AIRFLOW_CTX_DAG_RUN_ID=scheduled__2023-03-21T04:04:47.336204+00:00
[2023-03-21 04:09:49,037] {logging_mixin.py:115} INFO - <class 'pandas.core.frame.DataFrame'>
[2023-03-21 04:09:49,037] {logging_mixin.py:115} INFO - (9330, 7)
[2023-03-21 04:09:49,038] {logging_mixin.py:115} INFO - /opt/***
[2023-03-21 04:09:49,272] {logging_mixin.py:115} INFO - Finished downloading MSFT data.
[2023-03-21 04:09:49,272] {python.py:173} INFO - Done. Returned value was: None
[2023-03-21 04:09:49,284] {taskinstance.py:1420} INFO - Marking task as SUCCESS. dag_id=download_stock, task_id=download_price, execution_date=20230321T040447, start_date=20230321T040948, end_date=20230321T040949
[2023-03-21 04:09:49,319] {local_task_job.py:156} INFO - Task exited with return code 0
[2023-03-21 04:09:49,355] {local_task_job.py:273} INFO - 0 downstream tasks scheduled from follow-on schedule check
