[2023-03-22 06:34:53,368] {taskinstance.py:1179} INFO - Dependencies all met for <TaskInstance: download_stock.download_price scheduled__2023-03-22T06:02:26.339485+00:00 [queued]>
[2023-03-22 06:34:53,383] {taskinstance.py:1179} INFO - Dependencies all met for <TaskInstance: download_stock.download_price scheduled__2023-03-22T06:02:26.339485+00:00 [queued]>
[2023-03-22 06:34:53,384] {taskinstance.py:1376} INFO - 
--------------------------------------------------------------------------------
[2023-03-22 06:34:53,384] {taskinstance.py:1377} INFO - Starting attempt 2 of 2
[2023-03-22 06:34:53,385] {taskinstance.py:1378} INFO - 
--------------------------------------------------------------------------------
[2023-03-22 06:34:53,541] {taskinstance.py:1397} INFO - Executing <Task(PythonOperator): download_price> on 2023-03-22 06:02:26.339485+00:00
[2023-03-22 06:34:53,548] {standard_task_runner.py:52} INFO - Started process 120 to run task
[2023-03-22 06:34:53,553] {standard_task_runner.py:79} INFO - Running: ['***', 'tasks', 'run', 'download_stock', 'download_price', 'scheduled__2023-03-22T06:02:26.339485+00:00', '--job-id', '315', '--raw', '--subdir', 'DAGS_FOLDER/download_stock_price.py', '--cfg-path', '/tmp/tmpryk9jptu', '--error-file', '/tmp/tmpuyh1oz3x']
[2023-03-22 06:34:53,556] {standard_task_runner.py:80} INFO - Job 315: Subtask download_price
[2023-03-22 06:34:53,646] {task_command.py:371} INFO - Running <TaskInstance: download_stock.download_price scheduled__2023-03-22T06:02:26.339485+00:00 [running]> on host 92d03027b2df
[2023-03-22 06:34:53,736] {taskinstance.py:1591} INFO - Exporting the following env vars:
AIRFLOW_CTX_DAG_EMAIL=***@example.com
AIRFLOW_CTX_DAG_OWNER=***
AIRFLOW_CTX_DAG_ID=download_stock
AIRFLOW_CTX_TASK_ID=download_price
AIRFLOW_CTX_EXECUTION_DATE=2023-03-22T06:02:26.339485+00:00
AIRFLOW_CTX_TRY_NUMBER=2
AIRFLOW_CTX_DAG_RUN_ID=scheduled__2023-03-22T06:02:26.339485+00:00
[2023-03-22 06:34:53,748] {logging_mixin.py:115} INFO - None
[2023-03-22 06:34:54,869] {logging_mixin.py:115} INFO - Finished downloading IBM data.
[2023-03-22 06:34:56,161] {logging_mixin.py:115} INFO - Finished downloading GE data.
[2023-03-22 06:34:57,089] {logging_mixin.py:115} INFO - Finished downloading AAPL data.
[2023-03-22 06:34:57,837] {logging_mixin.py:115} INFO - Finished downloading MSFT data.
[2023-03-22 06:34:57,837] {python.py:173} INFO - Done. Returned value was: None
[2023-03-22 06:34:57,851] {taskinstance.py:1420} INFO - Marking task as SUCCESS. dag_id=download_stock, task_id=download_price, execution_date=20230322T060226, start_date=20230322T063453, end_date=20230322T063457
[2023-03-22 06:34:57,908] {local_task_job.py:156} INFO - Task exited with return code 0
[2023-03-22 06:34:57,941] {local_task_job.py:273} INFO - 0 downstream tasks scheduled from follow-on schedule check
