[2023-03-21 02:32:41,467] {taskinstance.py:1179} INFO - Dependencies all met for <TaskInstance: download_stock.download_price scheduled__2023-03-21T02:27:40.470172+00:00 [queued]>
[2023-03-21 02:32:41,479] {taskinstance.py:1179} INFO - Dependencies all met for <TaskInstance: download_stock.download_price scheduled__2023-03-21T02:27:40.470172+00:00 [queued]>
[2023-03-21 02:32:41,479] {taskinstance.py:1376} INFO - 
--------------------------------------------------------------------------------
[2023-03-21 02:32:41,480] {taskinstance.py:1377} INFO - Starting attempt 1 of 2
[2023-03-21 02:32:41,480] {taskinstance.py:1378} INFO - 
--------------------------------------------------------------------------------
[2023-03-21 02:32:41,624] {taskinstance.py:1397} INFO - Executing <Task(PythonOperator): download_price> on 2023-03-21 02:27:40.470172+00:00
[2023-03-21 02:32:41,632] {standard_task_runner.py:52} INFO - Started process 173 to run task
[2023-03-21 02:32:41,637] {standard_task_runner.py:79} INFO - Running: ['***', 'tasks', 'run', 'download_stock', 'download_price', 'scheduled__2023-03-21T02:27:40.470172+00:00', '--job-id', '83', '--raw', '--subdir', 'DAGS_FOLDER/download_stock_price.py', '--cfg-path', '/tmp/tmp9l6xxg5e', '--error-file', '/tmp/tmp038a3ziq']
[2023-03-21 02:32:41,640] {standard_task_runner.py:80} INFO - Job 83: Subtask download_price
[2023-03-21 02:32:41,715] {task_command.py:371} INFO - Running <TaskInstance: download_stock.download_price scheduled__2023-03-21T02:27:40.470172+00:00 [running]> on host 6b2dd5cdd356
[2023-03-21 02:32:41,789] {taskinstance.py:1591} INFO - Exporting the following env vars:
AIRFLOW_CTX_DAG_EMAIL=***@example.com
AIRFLOW_CTX_DAG_OWNER=***
AIRFLOW_CTX_DAG_ID=download_stock
AIRFLOW_CTX_TASK_ID=download_price
AIRFLOW_CTX_EXECUTION_DATE=2023-03-21T02:27:40.470172+00:00
AIRFLOW_CTX_TRY_NUMBER=1
AIRFLOW_CTX_DAG_RUN_ID=scheduled__2023-03-21T02:27:40.470172+00:00
[2023-03-21 02:32:42,238] {logging_mixin.py:115} INFO - <class 'pandas.core.frame.DataFrame'>
[2023-03-21 02:32:42,239] {logging_mixin.py:115} INFO - (9330, 7)
[2023-03-21 02:32:42,239] {python.py:173} INFO - Done. Returned value was: None
[2023-03-21 02:32:42,252] {taskinstance.py:1420} INFO - Marking task as SUCCESS. dag_id=download_stock, task_id=download_price, execution_date=20230321T022740, start_date=20230321T023241, end_date=20230321T023242
[2023-03-21 02:32:42,293] {local_task_job.py:156} INFO - Task exited with return code 0
[2023-03-21 02:32:42,325] {local_task_job.py:273} INFO - 0 downstream tasks scheduled from follow-on schedule check
