[2023-03-17 07:47:36,954] {taskinstance.py:1179} INFO - Dependencies all met for <TaskInstance: download_stock.download_price scheduled__2023-03-17T07:42:35.682729+00:00 [queued]>
[2023-03-17 07:47:36,963] {taskinstance.py:1179} INFO - Dependencies all met for <TaskInstance: download_stock.download_price scheduled__2023-03-17T07:42:35.682729+00:00 [queued]>
[2023-03-17 07:47:36,964] {taskinstance.py:1376} INFO - 
--------------------------------------------------------------------------------
[2023-03-17 07:47:36,964] {taskinstance.py:1377} INFO - Starting attempt 1 of 2
[2023-03-17 07:47:36,965] {taskinstance.py:1378} INFO - 
--------------------------------------------------------------------------------
[2023-03-17 07:47:36,977] {taskinstance.py:1397} INFO - Executing <Task(PythonOperator): download_price> on 2023-03-17 07:42:35.682729+00:00
[2023-03-17 07:47:36,982] {standard_task_runner.py:52} INFO - Started process 734 to run task
[2023-03-17 07:47:36,986] {standard_task_runner.py:79} INFO - Running: ['***', 'tasks', 'run', 'download_stock', 'download_price', 'scheduled__2023-03-17T07:42:35.682729+00:00', '--job-id', '54', '--raw', '--subdir', 'DAGS_FOLDER/download_stock_price.py', '--cfg-path', '/tmp/tmp9kfxtt5_', '--error-file', '/tmp/tmpegcsiqst']
[2023-03-17 07:47:36,988] {standard_task_runner.py:80} INFO - Job 54: Subtask download_price
[2023-03-17 07:47:37,058] {task_command.py:371} INFO - Running <TaskInstance: download_stock.download_price scheduled__2023-03-17T07:42:35.682729+00:00 [running]> on host 6b2dd5cdd356
[2023-03-17 07:47:37,129] {taskinstance.py:1591} INFO - Exporting the following env vars:
AIRFLOW_CTX_DAG_EMAIL=***@example.com
AIRFLOW_CTX_DAG_OWNER=***
AIRFLOW_CTX_DAG_ID=download_stock
AIRFLOW_CTX_TASK_ID=download_price
AIRFLOW_CTX_EXECUTION_DATE=2023-03-17T07:42:35.682729+00:00
AIRFLOW_CTX_TRY_NUMBER=1
AIRFLOW_CTX_DAG_RUN_ID=scheduled__2023-03-17T07:42:35.682729+00:00
[2023-03-17 07:47:37,819] {logging_mixin.py:115} INFO - <class 'pandas.core.frame.DataFrame'>
[2023-03-17 07:47:37,820] {logging_mixin.py:115} INFO - (9328, 7)
[2023-03-17 07:47:37,821] {python.py:173} INFO - Done. Returned value was: None
[2023-03-17 07:47:37,835] {taskinstance.py:1420} INFO - Marking task as SUCCESS. dag_id=download_stock, task_id=download_price, execution_date=20230317T074235, start_date=20230317T074736, end_date=20230317T074737
[2023-03-17 07:47:37,887] {local_task_job.py:156} INFO - Task exited with return code 0
[2023-03-17 07:47:37,920] {local_task_job.py:273} INFO - 0 downstream tasks scheduled from follow-on schedule check
