[2023-03-22 04:37:26,694] {taskinstance.py:1179} INFO - Dependencies all met for <TaskInstance: download_stock.download_price scheduled__2023-03-22T04:32:25.916668+00:00 [queued]>
[2023-03-22 04:37:26,702] {taskinstance.py:1179} INFO - Dependencies all met for <TaskInstance: download_stock.download_price scheduled__2023-03-22T04:32:25.916668+00:00 [queued]>
[2023-03-22 04:37:26,703] {taskinstance.py:1376} INFO - 
--------------------------------------------------------------------------------
[2023-03-22 04:37:26,704] {taskinstance.py:1377} INFO - Starting attempt 1 of 2
[2023-03-22 04:37:26,704] {taskinstance.py:1378} INFO - 
--------------------------------------------------------------------------------
[2023-03-22 04:37:26,716] {taskinstance.py:1397} INFO - Executing <Task(PythonOperator): download_price> on 2023-03-22 04:32:25.916668+00:00
[2023-03-22 04:37:26,722] {standard_task_runner.py:52} INFO - Started process 1415 to run task
[2023-03-22 04:37:26,726] {standard_task_runner.py:79} INFO - Running: ['***', 'tasks', 'run', 'download_stock', 'download_price', 'scheduled__2023-03-22T04:32:25.916668+00:00', '--job-id', '229', '--raw', '--subdir', 'DAGS_FOLDER/download_stock_price.py', '--cfg-path', '/tmp/tmpqse852fd', '--error-file', '/tmp/tmpv3_oixgt']
[2023-03-22 04:37:26,728] {standard_task_runner.py:80} INFO - Job 229: Subtask download_price
[2023-03-22 04:37:26,798] {task_command.py:371} INFO - Running <TaskInstance: download_stock.download_price scheduled__2023-03-22T04:32:25.916668+00:00 [running]> on host f5fe9057b95b
[2023-03-22 04:37:26,867] {taskinstance.py:1591} INFO - Exporting the following env vars:
AIRFLOW_CTX_DAG_EMAIL=***@example.com
AIRFLOW_CTX_DAG_OWNER=***
AIRFLOW_CTX_DAG_ID=download_stock
AIRFLOW_CTX_TASK_ID=download_price
AIRFLOW_CTX_EXECUTION_DATE=2023-03-22T04:32:25.916668+00:00
AIRFLOW_CTX_TRY_NUMBER=1
AIRFLOW_CTX_DAG_RUN_ID=scheduled__2023-03-22T04:32:25.916668+00:00
[2023-03-22 04:37:26,876] {logging_mixin.py:115} INFO - None
[2023-03-22 04:37:28,174] {logging_mixin.py:115} INFO - Finished downloading IBM data.
[2023-03-22 04:37:29,255] {logging_mixin.py:115} INFO - Finished downloading GE data.
[2023-03-22 04:37:29,959] {logging_mixin.py:115} INFO - Finished downloading AAPL data.
[2023-03-22 04:37:30,618] {logging_mixin.py:115} INFO - Finished downloading MSFT data.
[2023-03-22 04:37:30,619] {python.py:173} INFO - Done. Returned value was: None
[2023-03-22 04:37:30,631] {taskinstance.py:1420} INFO - Marking task as SUCCESS. dag_id=download_stock, task_id=download_price, execution_date=20230322T043225, start_date=20230322T043726, end_date=20230322T043730
[2023-03-22 04:37:30,678] {local_task_job.py:156} INFO - Task exited with return code 0
[2023-03-22 04:37:30,712] {local_task_job.py:273} INFO - 0 downstream tasks scheduled from follow-on schedule check
