[2023-03-21 05:59:48,783] {taskinstance.py:1179} INFO - Dependencies all met for <TaskInstance: download_stock.download_price scheduled__2023-03-21T05:54:47.491033+00:00 [queued]>
[2023-03-21 05:59:48,792] {taskinstance.py:1179} INFO - Dependencies all met for <TaskInstance: download_stock.download_price scheduled__2023-03-21T05:54:47.491033+00:00 [queued]>
[2023-03-21 05:59:48,793] {taskinstance.py:1376} INFO - 
--------------------------------------------------------------------------------
[2023-03-21 05:59:48,794] {taskinstance.py:1377} INFO - Starting attempt 1 of 2
[2023-03-21 05:59:48,794] {taskinstance.py:1378} INFO - 
--------------------------------------------------------------------------------
[2023-03-21 05:59:48,808] {taskinstance.py:1397} INFO - Executing <Task(PythonOperator): download_price> on 2023-03-21 05:54:47.491033+00:00
[2023-03-21 05:59:48,814] {standard_task_runner.py:52} INFO - Started process 2518 to run task
[2023-03-21 05:59:48,818] {standard_task_runner.py:79} INFO - Running: ['***', 'tasks', 'run', 'download_stock', 'download_price', 'scheduled__2023-03-21T05:54:47.491033+00:00', '--job-id', '176', '--raw', '--subdir', 'DAGS_FOLDER/download_stock_price.py', '--cfg-path', '/tmp/tmp2e44k7ux', '--error-file', '/tmp/tmpu95j_74i']
[2023-03-21 05:59:48,820] {standard_task_runner.py:80} INFO - Job 176: Subtask download_price
[2023-03-21 05:59:48,896] {task_command.py:371} INFO - Running <TaskInstance: download_stock.download_price scheduled__2023-03-21T05:54:47.491033+00:00 [running]> on host 6b2dd5cdd356
[2023-03-21 05:59:48,974] {taskinstance.py:1591} INFO - Exporting the following env vars:
AIRFLOW_CTX_DAG_EMAIL=***@example.com
AIRFLOW_CTX_DAG_OWNER=***
AIRFLOW_CTX_DAG_ID=download_stock
AIRFLOW_CTX_TASK_ID=download_price
AIRFLOW_CTX_EXECUTION_DATE=2023-03-21T05:54:47.491033+00:00
AIRFLOW_CTX_TRY_NUMBER=1
AIRFLOW_CTX_DAG_RUN_ID=scheduled__2023-03-21T05:54:47.491033+00:00
[2023-03-21 05:59:48,984] {logging_mixin.py:115} INFO - None
[2023-03-21 05:59:50,113] {logging_mixin.py:115} INFO - Finished downloading IBM data.
[2023-03-21 05:59:51,098] {logging_mixin.py:115} INFO - Finished downloading GE data.
[2023-03-21 05:59:51,871] {logging_mixin.py:115} INFO - Finished downloading AAPL data.
[2023-03-21 05:59:52,608] {logging_mixin.py:115} INFO - Finished downloading MSFT data.
[2023-03-21 05:59:52,608] {python.py:173} INFO - Done. Returned value was: None
[2023-03-21 05:59:52,621] {taskinstance.py:1420} INFO - Marking task as SUCCESS. dag_id=download_stock, task_id=download_price, execution_date=20230321T055447, start_date=20230321T055948, end_date=20230321T055952
[2023-03-21 05:59:52,667] {local_task_job.py:156} INFO - Task exited with return code 0
[2023-03-21 05:59:52,703] {local_task_job.py:273} INFO - 0 downstream tasks scheduled from follow-on schedule check
