[2023-03-22 06:34:42,815] {taskinstance.py:1179} INFO - Dependencies all met for <TaskInstance: download_stock.download_price scheduled__2023-03-22T06:29:41.779399+00:00 [queued]>
[2023-03-22 06:34:42,825] {taskinstance.py:1179} INFO - Dependencies all met for <TaskInstance: download_stock.download_price scheduled__2023-03-22T06:29:41.779399+00:00 [queued]>
[2023-03-22 06:34:42,826] {taskinstance.py:1376} INFO - 
--------------------------------------------------------------------------------
[2023-03-22 06:34:42,827] {taskinstance.py:1377} INFO - Starting attempt 1 of 2
[2023-03-22 06:34:42,827] {taskinstance.py:1378} INFO - 
--------------------------------------------------------------------------------
[2023-03-22 06:34:42,975] {taskinstance.py:1397} INFO - Executing <Task(PythonOperator): download_price> on 2023-03-22 06:29:41.779399+00:00
[2023-03-22 06:34:42,982] {standard_task_runner.py:52} INFO - Started process 117 to run task
[2023-03-22 06:34:42,987] {standard_task_runner.py:79} INFO - Running: ['***', 'tasks', 'run', 'download_stock', 'download_price', 'scheduled__2023-03-22T06:29:41.779399+00:00', '--job-id', '314', '--raw', '--subdir', 'DAGS_FOLDER/download_stock_price.py', '--cfg-path', '/tmp/tmpycguycu3', '--error-file', '/tmp/tmpi9e8klhi']
[2023-03-22 06:34:42,990] {standard_task_runner.py:80} INFO - Job 314: Subtask download_price
[2023-03-22 06:34:43,074] {task_command.py:371} INFO - Running <TaskInstance: download_stock.download_price scheduled__2023-03-22T06:29:41.779399+00:00 [running]> on host 92d03027b2df
[2023-03-22 06:34:43,151] {taskinstance.py:1591} INFO - Exporting the following env vars:
AIRFLOW_CTX_DAG_EMAIL=***@example.com
AIRFLOW_CTX_DAG_OWNER=***
AIRFLOW_CTX_DAG_ID=download_stock
AIRFLOW_CTX_TASK_ID=download_price
AIRFLOW_CTX_EXECUTION_DATE=2023-03-22T06:29:41.779399+00:00
AIRFLOW_CTX_TRY_NUMBER=1
AIRFLOW_CTX_DAG_RUN_ID=scheduled__2023-03-22T06:29:41.779399+00:00
[2023-03-22 06:34:43,162] {logging_mixin.py:115} INFO - None
[2023-03-22 06:34:44,251] {logging_mixin.py:115} INFO - Finished downloading IBM data.
[2023-03-22 06:34:45,289] {logging_mixin.py:115} INFO - Finished downloading GE data.
[2023-03-22 06:34:45,984] {logging_mixin.py:115} INFO - Finished downloading AAPL data.
[2023-03-22 06:34:46,581] {logging_mixin.py:115} INFO - Finished downloading MSFT data.
[2023-03-22 06:34:46,582] {python.py:173} INFO - Done. Returned value was: None
[2023-03-22 06:34:46,594] {taskinstance.py:1420} INFO - Marking task as SUCCESS. dag_id=download_stock, task_id=download_price, execution_date=20230322T062941, start_date=20230322T063442, end_date=20230322T063446
[2023-03-22 06:34:46,638] {local_task_job.py:156} INFO - Task exited with return code 0
[2023-03-22 06:34:46,671] {local_task_job.py:273} INFO - 0 downstream tasks scheduled from follow-on schedule check
