[2023-03-21 05:51:42,281] {taskinstance.py:1179} INFO - Dependencies all met for <TaskInstance: download_stock.download_price manual__2023-03-21T13:51:13+08:00 [queued]>
[2023-03-21 05:51:42,293] {taskinstance.py:1179} INFO - Dependencies all met for <TaskInstance: download_stock.download_price manual__2023-03-21T13:51:13+08:00 [queued]>
[2023-03-21 05:51:42,293] {taskinstance.py:1376} INFO - 
--------------------------------------------------------------------------------
[2023-03-21 05:51:42,294] {taskinstance.py:1377} INFO - Starting attempt 1 of 2
[2023-03-21 05:51:42,294] {taskinstance.py:1378} INFO - 
--------------------------------------------------------------------------------
[2023-03-21 05:51:42,311] {taskinstance.py:1397} INFO - Executing <Task(PythonOperator): download_price> on 2023-03-21 05:51:13+00:00
[2023-03-21 05:51:42,318] {standard_task_runner.py:52} INFO - Started process 2378 to run task
[2023-03-21 05:51:42,322] {standard_task_runner.py:79} INFO - Running: ['***', 'tasks', 'run', 'download_stock', 'download_price', 'manual__2023-03-21T13:51:13+08:00', '--job-id', '174', '--raw', '--subdir', 'DAGS_FOLDER/download_stock_price.py', '--cfg-path', '/tmp/tmpn_9wm4d3', '--error-file', '/tmp/tmpl7mj16sy']
[2023-03-21 05:51:42,324] {standard_task_runner.py:80} INFO - Job 174: Subtask download_price
[2023-03-21 05:51:42,401] {task_command.py:371} INFO - Running <TaskInstance: download_stock.download_price manual__2023-03-21T13:51:13+08:00 [running]> on host 6b2dd5cdd356
[2023-03-21 05:51:42,478] {taskinstance.py:1591} INFO - Exporting the following env vars:
AIRFLOW_CTX_DAG_EMAIL=***@example.com
AIRFLOW_CTX_DAG_OWNER=***
AIRFLOW_CTX_DAG_ID=download_stock
AIRFLOW_CTX_TASK_ID=download_price
AIRFLOW_CTX_EXECUTION_DATE=2023-03-21T05:51:13+00:00
AIRFLOW_CTX_TRY_NUMBER=1
AIRFLOW_CTX_DAG_RUN_ID=manual__2023-03-21T13:51:13+08:00
[2023-03-21 05:51:42,488] {logging_mixin.py:115} INFO - ['FB']
[2023-03-21 05:51:42,610] {logging_mixin.py:115} INFO - Got error from yahoo api for ticker FB, Error: {'code': 'Not Found', 'description': 'No data found, symbol may be delisted'}
[2023-03-21 05:51:42,763] {logging_mixin.py:115} INFO - - FB: No timezone found, symbol may be delisted
[2023-03-21 05:51:42,770] {logging_mixin.py:115} INFO - Finished downloading FB data.
[2023-03-21 05:51:42,771] {python.py:173} INFO - Done. Returned value was: None
[2023-03-21 05:51:42,787] {taskinstance.py:1420} INFO - Marking task as SUCCESS. dag_id=download_stock, task_id=download_price, execution_date=20230321T055113, start_date=20230321T055142, end_date=20230321T055142
[2023-03-21 05:51:42,818] {local_task_job.py:156} INFO - Task exited with return code 0
[2023-03-21 05:51:42,855] {local_task_job.py:273} INFO - 0 downstream tasks scheduled from follow-on schedule check
