[2023-03-22T07:58:39.642+0000] {taskinstance.py:1084} INFO - Dependencies all met for dep_context=non-requeueable deps ti=<TaskInstance: sql_dags.write_to_mysql manual__2023-03-22T07:58:37.899886+00:00 [queued]>
[2023-03-22T07:58:39.653+0000] {taskinstance.py:1084} INFO - Dependencies all met for dep_context=requeueable deps ti=<TaskInstance: sql_dags.write_to_mysql manual__2023-03-22T07:58:37.899886+00:00 [queued]>
[2023-03-22T07:58:39.654+0000] {taskinstance.py:1282} INFO - 
--------------------------------------------------------------------------------
[2023-03-22T07:58:39.655+0000] {taskinstance.py:1283} INFO - Starting attempt 1 of 2
[2023-03-22T07:58:39.655+0000] {taskinstance.py:1284} INFO - 
--------------------------------------------------------------------------------
[2023-03-22T07:58:39.673+0000] {taskinstance.py:1303} INFO - Executing <Task(PythonOperator): write_to_mysql> on 2023-03-22 07:58:37.899886+00:00
[2023-03-22T07:58:39.680+0000] {standard_task_runner.py:55} INFO - Started process 1416 to run task
[2023-03-22T07:58:39.685+0000] {standard_task_runner.py:82} INFO - Running: ['***', 'tasks', 'run', 'sql_dags', 'write_to_mysql', 'manual__2023-03-22T07:58:37.899886+00:00', '--job-id', '420', '--raw', '--subdir', 'DAGS_FOLDER/sql_dags.py', '--cfg-path', '/tmp/tmp4p1sj_nh']
[2023-03-22T07:58:39.686+0000] {standard_task_runner.py:83} INFO - Job 420: Subtask write_to_mysql
[2023-03-22T07:58:39.980+0000] {task_command.py:388} INFO - Running <TaskInstance: sql_dags.write_to_mysql manual__2023-03-22T07:58:37.899886+00:00 [running]> on host aeff5136c067
[2023-03-22T07:58:40.066+0000] {taskinstance.py:1511} INFO - Exporting the following env vars:
AIRFLOW_CTX_DAG_EMAIL=***@example.com
AIRFLOW_CTX_DAG_OWNER=***
AIRFLOW_CTX_DAG_ID=sql_dags
AIRFLOW_CTX_TASK_ID=write_to_mysql
AIRFLOW_CTX_EXECUTION_DATE=2023-03-22T07:58:37.899886+00:00
AIRFLOW_CTX_TRY_NUMBER=1
AIRFLOW_CTX_DAG_RUN_ID=manual__2023-03-22T07:58:37.899886+00:00
[2023-03-22T07:58:40.721+0000] {logging_mixin.py:137} INFO - DatetimeIndex(['1962-01-02 00:00:00-05:00', '1962-01-03 00:00:00-05:00',
               '1962-01-04 00:00:00-05:00', '1962-01-05 00:00:00-05:00',
               '1962-01-08 00:00:00-05:00', '1962-01-09 00:00:00-05:00',
               '1962-01-10 00:00:00-05:00', '1962-01-11 00:00:00-05:00',
               '1962-01-12 00:00:00-05:00', '1962-01-15 00:00:00-05:00',
               ...
               '2023-03-08 00:00:00-05:00', '2023-03-09 00:00:00-05:00',
               '2023-03-10 00:00:00-05:00', '2023-03-13 00:00:00-04:00',
               '2023-03-14 00:00:00-04:00', '2023-03-15 00:00:00-04:00',
               '2023-03-16 00:00:00-04:00', '2023-03-17 00:00:00-04:00',
               '2023-03-20 00:00:00-04:00', '2023-03-21 00:00:00-04:00'],
              dtype='datetime64[ns, America/New_York]', name='Date', length=15410, freq=None)
[2023-03-22T07:58:40.723+0000] {logging_mixin.py:137} INFO - Finished downloading IBM data.
[2023-03-22T07:58:41.400+0000] {logging_mixin.py:137} INFO - DatetimeIndex(['1962-01-02 00:00:00-05:00', '1962-01-03 00:00:00-05:00',
               '1962-01-04 00:00:00-05:00', '1962-01-05 00:00:00-05:00',
               '1962-01-08 00:00:00-05:00', '1962-01-09 00:00:00-05:00',
               '1962-01-10 00:00:00-05:00', '1962-01-11 00:00:00-05:00',
               '1962-01-12 00:00:00-05:00', '1962-01-15 00:00:00-05:00',
               ...
               '2023-03-08 00:00:00-05:00', '2023-03-09 00:00:00-05:00',
               '2023-03-10 00:00:00-05:00', '2023-03-13 00:00:00-04:00',
               '2023-03-14 00:00:00-04:00', '2023-03-15 00:00:00-04:00',
               '2023-03-16 00:00:00-04:00', '2023-03-17 00:00:00-04:00',
               '2023-03-20 00:00:00-04:00', '2023-03-21 00:00:00-04:00'],
              dtype='datetime64[ns, America/New_York]', name='Date', length=15410, freq=None)
[2023-03-22T07:58:41.402+0000] {logging_mixin.py:137} INFO - Finished downloading GE data.
[2023-03-22T07:58:41.912+0000] {logging_mixin.py:137} INFO - DatetimeIndex(['1980-12-12 00:00:00-05:00', '1980-12-15 00:00:00-05:00',
               '1980-12-16 00:00:00-05:00', '1980-12-17 00:00:00-05:00',
               '1980-12-18 00:00:00-05:00', '1980-12-19 00:00:00-05:00',
               '1980-12-22 00:00:00-05:00', '1980-12-23 00:00:00-05:00',
               '1980-12-24 00:00:00-05:00', '1980-12-26 00:00:00-05:00',
               ...
               '2023-03-08 00:00:00-05:00', '2023-03-09 00:00:00-05:00',
               '2023-03-10 00:00:00-05:00', '2023-03-13 00:00:00-04:00',
               '2023-03-14 00:00:00-04:00', '2023-03-15 00:00:00-04:00',
               '2023-03-16 00:00:00-04:00', '2023-03-17 00:00:00-04:00',
               '2023-03-20 00:00:00-04:00', '2023-03-21 00:00:00-04:00'],
              dtype='datetime64[ns, America/New_York]', name='Date', length=10657, freq=None)
[2023-03-22T07:58:41.913+0000] {logging_mixin.py:137} INFO - Finished downloading AAPL data.
[2023-03-22T07:58:42.412+0000] {logging_mixin.py:137} INFO - DatetimeIndex(['1986-03-13 00:00:00-05:00', '1986-03-14 00:00:00-05:00',
               '1986-03-17 00:00:00-05:00', '1986-03-18 00:00:00-05:00',
               '1986-03-19 00:00:00-05:00', '1986-03-20 00:00:00-05:00',
               '1986-03-21 00:00:00-05:00', '1986-03-24 00:00:00-05:00',
               '1986-03-25 00:00:00-05:00', '1986-03-26 00:00:00-05:00',
               ...
               '2023-03-08 00:00:00-05:00', '2023-03-09 00:00:00-05:00',
               '2023-03-10 00:00:00-05:00', '2023-03-13 00:00:00-04:00',
               '2023-03-14 00:00:00-04:00', '2023-03-15 00:00:00-04:00',
               '2023-03-16 00:00:00-04:00', '2023-03-17 00:00:00-04:00',
               '2023-03-20 00:00:00-04:00', '2023-03-21 00:00:00-04:00'],
              dtype='datetime64[ns, America/New_York]', name='Date', length=9331, freq=None)
[2023-03-22T07:58:42.413+0000] {logging_mixin.py:137} INFO - Finished downloading MSFT data.
[2023-03-22T07:58:42.413+0000] {python.py:177} INFO - Done. Returned value was: None
[2023-03-22T07:58:42.426+0000] {taskinstance.py:1326} INFO - Marking task as SUCCESS. dag_id=sql_dags, task_id=write_to_mysql, execution_date=20230322T075837, start_date=20230322T075839, end_date=20230322T075842
[2023-03-22T07:58:42.476+0000] {local_task_job.py:212} INFO - Task exited with return code 0
[2023-03-22T07:58:42.680+0000] {taskinstance.py:2585} INFO - 0 downstream tasks scheduled from follow-on schedule check
