[2023-03-22T07:21:42.193+0000] {taskinstance.py:1084} INFO - Dependencies all met for dep_context=non-requeueable deps ti=<TaskInstance: sql_dags.load_from_mysql manual__2023-03-22T07:21:40.655708+00:00 [queued]>
[2023-03-22T07:21:42.202+0000] {taskinstance.py:1084} INFO - Dependencies all met for dep_context=requeueable deps ti=<TaskInstance: sql_dags.load_from_mysql manual__2023-03-22T07:21:40.655708+00:00 [queued]>
[2023-03-22T07:21:42.203+0000] {taskinstance.py:1282} INFO - 
--------------------------------------------------------------------------------
[2023-03-22T07:21:42.203+0000] {taskinstance.py:1283} INFO - Starting attempt 1 of 2
[2023-03-22T07:21:42.204+0000] {taskinstance.py:1284} INFO - 
--------------------------------------------------------------------------------
[2023-03-22T07:21:42.219+0000] {taskinstance.py:1303} INFO - Executing <Task(PythonOperator): load_from_mysql> on 2023-03-22 07:21:40.655708+00:00
[2023-03-22T07:21:42.225+0000] {standard_task_runner.py:55} INFO - Started process 193 to run task
[2023-03-22T07:21:42.229+0000] {standard_task_runner.py:82} INFO - Running: ['***', 'tasks', 'run', 'sql_dags', 'load_from_mysql', 'manual__2023-03-22T07:21:40.655708+00:00', '--job-id', '331', '--raw', '--subdir', 'DAGS_FOLDER/sql_dags.py', '--cfg-path', '/tmp/tmpm2ayu3hp']
[2023-03-22T07:21:42.230+0000] {standard_task_runner.py:83} INFO - Job 331: Subtask load_from_mysql
[2023-03-22T07:21:42.489+0000] {task_command.py:388} INFO - Running <TaskInstance: sql_dags.load_from_mysql manual__2023-03-22T07:21:40.655708+00:00 [running]> on host aeff5136c067
[2023-03-22T07:21:42.569+0000] {taskinstance.py:1511} INFO - Exporting the following env vars:
AIRFLOW_CTX_DAG_EMAIL=***@example.com
AIRFLOW_CTX_DAG_OWNER=***
AIRFLOW_CTX_DAG_ID=sql_dags
AIRFLOW_CTX_TASK_ID=load_from_mysql
AIRFLOW_CTX_EXECUTION_DATE=2023-03-22T07:21:40.655708+00:00
AIRFLOW_CTX_TRY_NUMBER=1
AIRFLOW_CTX_DAG_RUN_ID=manual__2023-03-22T07:21:40.655708+00:00
[2023-03-22T07:21:43.618+0000] {logging_mixin.py:137} INFO - 資料庫連接失敗： 2005 (HY000): Unknown MySQL server host 'mysql' (-2)
[2023-03-22T07:21:43.619+0000] {taskinstance.py:1775} ERROR - Task failed with exception
Traceback (most recent call last):
  File "/home/airflow/.local/lib/python3.7/site-packages/airflow/operators/python.py", line 175, in execute
    return_value = self.execute_callable()
  File "/home/airflow/.local/lib/python3.7/site-packages/airflow/operators/python.py", line 192, in execute_callable
    return self.python_callable(*self.op_args, **self.op_kwargs)
  File "/opt/airflow/dags/sql_dags.py", line 20, in load_mysql
    data = mysql_connector(query, ip, db, user, password)
  File "/opt/airflow/dags/utils/sql.py", line 37, in mysql_connector
    if (connection.is_connected()):
UnboundLocalError: local variable 'connection' referenced before assignment
[2023-03-22T07:21:43.632+0000] {taskinstance.py:1326} INFO - Marking task as UP_FOR_RETRY. dag_id=sql_dags, task_id=load_from_mysql, execution_date=20230322T072140, start_date=20230322T072142, end_date=20230322T072143
[2023-03-22T07:21:43.649+0000] {standard_task_runner.py:105} ERROR - Failed to execute job 331 for task load_from_mysql (local variable 'connection' referenced before assignment; 193)
[2023-03-22T07:21:43.690+0000] {local_task_job.py:212} INFO - Task exited with return code 1
[2023-03-22T07:21:43.872+0000] {taskinstance.py:2585} INFO - 0 downstream tasks scheduled from follow-on schedule check
