[2023-03-22 05:42:27,154] {taskinstance.py:1179} INFO - Dependencies all met for <TaskInstance: download_stock.download_price scheduled__2023-03-22T05:37:26.339485+00:00 [queued]>
[2023-03-22 05:42:27,163] {taskinstance.py:1179} INFO - Dependencies all met for <TaskInstance: download_stock.download_price scheduled__2023-03-22T05:37:26.339485+00:00 [queued]>
[2023-03-22 05:42:27,164] {taskinstance.py:1376} INFO - 
--------------------------------------------------------------------------------
[2023-03-22 05:42:27,165] {taskinstance.py:1377} INFO - Starting attempt 1 of 2
[2023-03-22 05:42:27,166] {taskinstance.py:1378} INFO - 
--------------------------------------------------------------------------------
[2023-03-22 05:42:27,179] {taskinstance.py:1397} INFO - Executing <Task(PythonOperator): download_price> on 2023-03-22 05:37:26.339485+00:00
[2023-03-22 05:42:27,184] {standard_task_runner.py:52} INFO - Started process 2569 to run task
[2023-03-22 05:42:27,188] {standard_task_runner.py:79} INFO - Running: ['***', 'tasks', 'run', 'download_stock', 'download_price', 'scheduled__2023-03-22T05:37:26.339485+00:00', '--job-id', '242', '--raw', '--subdir', 'DAGS_FOLDER/download_stock_price.py', '--cfg-path', '/tmp/tmp46cbleff', '--error-file', '/tmp/tmp2nj80561']
[2023-03-22 05:42:27,190] {standard_task_runner.py:80} INFO - Job 242: Subtask download_price
[2023-03-22 05:42:27,264] {task_command.py:371} INFO - Running <TaskInstance: download_stock.download_price scheduled__2023-03-22T05:37:26.339485+00:00 [running]> on host f5fe9057b95b
[2023-03-22 05:42:27,344] {taskinstance.py:1591} INFO - Exporting the following env vars:
AIRFLOW_CTX_DAG_EMAIL=***@example.com
AIRFLOW_CTX_DAG_OWNER=***
AIRFLOW_CTX_DAG_ID=download_stock
AIRFLOW_CTX_TASK_ID=download_price
AIRFLOW_CTX_EXECUTION_DATE=2023-03-22T05:37:26.339485+00:00
AIRFLOW_CTX_TRY_NUMBER=1
AIRFLOW_CTX_DAG_RUN_ID=scheduled__2023-03-22T05:37:26.339485+00:00
[2023-03-22 05:42:27,357] {logging_mixin.py:115} INFO - None
[2023-03-22 05:42:28,568] {logging_mixin.py:115} INFO - Finished downloading IBM data.
[2023-03-22 05:42:29,642] {logging_mixin.py:115} INFO - Finished downloading GE data.
[2023-03-22 05:42:30,253] {logging_mixin.py:115} INFO - Finished downloading AAPL data.
[2023-03-22 05:42:30,932] {logging_mixin.py:115} INFO - Finished downloading MSFT data.
[2023-03-22 05:42:30,932] {python.py:173} INFO - Done. Returned value was: None
[2023-03-22 05:42:30,946] {taskinstance.py:1420} INFO - Marking task as SUCCESS. dag_id=download_stock, task_id=download_price, execution_date=20230322T053726, start_date=20230322T054227, end_date=20230322T054230
[2023-03-22 05:42:31,022] {local_task_job.py:156} INFO - Task exited with return code 0
[2023-03-22 05:42:31,059] {local_task_job.py:273} INFO - 0 downstream tasks scheduled from follow-on schedule check
