[2023-03-21 04:59:48,100] {taskinstance.py:1179} INFO - Dependencies all met for <TaskInstance: download_stock.download_price scheduled__2023-03-21T04:54:47.336204+00:00 [queued]>
[2023-03-21 04:59:48,108] {taskinstance.py:1179} INFO - Dependencies all met for <TaskInstance: download_stock.download_price scheduled__2023-03-21T04:54:47.336204+00:00 [queued]>
[2023-03-21 04:59:48,108] {taskinstance.py:1376} INFO - 
--------------------------------------------------------------------------------
[2023-03-21 04:59:48,109] {taskinstance.py:1377} INFO - Starting attempt 1 of 2
[2023-03-21 04:59:48,109] {taskinstance.py:1378} INFO - 
--------------------------------------------------------------------------------
[2023-03-21 04:59:48,121] {taskinstance.py:1397} INFO - Executing <Task(PythonOperator): download_price> on 2023-03-21 04:54:47.336204+00:00
[2023-03-21 04:59:48,126] {standard_task_runner.py:52} INFO - Started process 1437 to run task
[2023-03-21 04:59:48,129] {standard_task_runner.py:79} INFO - Running: ['***', 'tasks', 'run', 'download_stock', 'download_price', 'scheduled__2023-03-21T04:54:47.336204+00:00', '--job-id', '157', '--raw', '--subdir', 'DAGS_FOLDER/download_stock_price.py', '--cfg-path', '/tmp/tmpws73saiy', '--error-file', '/tmp/tmpkb0drk1l']
[2023-03-21 04:59:48,131] {standard_task_runner.py:80} INFO - Job 157: Subtask download_price
[2023-03-21 04:59:48,201] {task_command.py:371} INFO - Running <TaskInstance: download_stock.download_price scheduled__2023-03-21T04:54:47.336204+00:00 [running]> on host 6b2dd5cdd356
[2023-03-21 04:59:48,269] {taskinstance.py:1591} INFO - Exporting the following env vars:
AIRFLOW_CTX_DAG_EMAIL=***@example.com
AIRFLOW_CTX_DAG_OWNER=***
AIRFLOW_CTX_DAG_ID=download_stock
AIRFLOW_CTX_TASK_ID=download_price
AIRFLOW_CTX_EXECUTION_DATE=2023-03-21T04:54:47.336204+00:00
AIRFLOW_CTX_TRY_NUMBER=1
AIRFLOW_CTX_DAG_RUN_ID=scheduled__2023-03-21T04:54:47.336204+00:00
[2023-03-21 04:59:48,991] {logging_mixin.py:115} INFO - <class 'pandas.core.frame.DataFrame'>
[2023-03-21 04:59:48,992] {logging_mixin.py:115} INFO - (9330, 7)
[2023-03-21 04:59:48,993] {logging_mixin.py:115} INFO - /opt/***
[2023-03-21 04:59:49,222] {logging_mixin.py:115} INFO - Finished downloading MSFT data.
[2023-03-21 04:59:49,223] {python.py:173} INFO - Done. Returned value was: None
[2023-03-21 04:59:49,234] {taskinstance.py:1420} INFO - Marking task as SUCCESS. dag_id=download_stock, task_id=download_price, execution_date=20230321T045447, start_date=20230321T045948, end_date=20230321T045949
[2023-03-21 04:59:49,297] {local_task_job.py:156} INFO - Task exited with return code 0
[2023-03-21 04:59:49,334] {local_task_job.py:273} INFO - 0 downstream tasks scheduled from follow-on schedule check
