[2023-03-23T00:40:30.284+0000] {taskinstance.py:1084} INFO - Dependencies all met for dep_context=non-requeueable deps ti=<TaskInstance: sql_dags.write_to_mysql scheduled__2023-03-23T00:35:27.239509+00:00 [queued]>
[2023-03-23T00:40:30.293+0000] {taskinstance.py:1084} INFO - Dependencies all met for dep_context=requeueable deps ti=<TaskInstance: sql_dags.write_to_mysql scheduled__2023-03-23T00:35:27.239509+00:00 [queued]>
[2023-03-23T00:40:30.294+0000] {taskinstance.py:1282} INFO - 
--------------------------------------------------------------------------------
[2023-03-23T00:40:30.294+0000] {taskinstance.py:1283} INFO - Starting attempt 1 of 2
[2023-03-23T00:40:30.295+0000] {taskinstance.py:1284} INFO - 
--------------------------------------------------------------------------------
[2023-03-23T00:40:30.311+0000] {taskinstance.py:1303} INFO - Executing <Task(PythonOperator): write_to_mysql> on 2023-03-23 00:35:27.239509+00:00
[2023-03-23T00:40:30.319+0000] {standard_task_runner.py:55} INFO - Started process 3614 to run task
[2023-03-23T00:40:30.324+0000] {standard_task_runner.py:82} INFO - Running: ['***', 'tasks', 'run', 'sql_dags', 'write_to_mysql', 'scheduled__2023-03-23T00:35:27.239509+00:00', '--job-id', '460', '--raw', '--subdir', 'DAGS_FOLDER/sql_dags.py', '--cfg-path', '/tmp/tmpb2kxyifj']
[2023-03-23T00:40:30.325+0000] {standard_task_runner.py:83} INFO - Job 460: Subtask write_to_mysql
[2023-03-23T00:40:30.405+0000] {task_command.py:388} INFO - Running <TaskInstance: sql_dags.write_to_mysql scheduled__2023-03-23T00:35:27.239509+00:00 [running]> on host aeff5136c067
[2023-03-23T00:40:30.670+0000] {taskinstance.py:1511} INFO - Exporting the following env vars:
AIRFLOW_CTX_DAG_EMAIL=***@example.com
AIRFLOW_CTX_DAG_OWNER=***
AIRFLOW_CTX_DAG_ID=sql_dags
AIRFLOW_CTX_TASK_ID=write_to_mysql
AIRFLOW_CTX_EXECUTION_DATE=2023-03-23T00:35:27.239509+00:00
AIRFLOW_CTX_TRY_NUMBER=1
AIRFLOW_CTX_DAG_RUN_ID=scheduled__2023-03-23T00:35:27.239509+00:00
[2023-03-23T00:40:31.255+0000] {logging_mixin.py:137} INFO - Date
1962-01-02 00:00:00-05:00    1962-01-02
1962-01-03 00:00:00-05:00    1962-01-03
1962-01-04 00:00:00-05:00    1962-01-04
1962-01-05 00:00:00-05:00    1962-01-05
1962-01-08 00:00:00-05:00    1962-01-08
                                ...    
2023-03-16 00:00:00-04:00    2023-03-16
2023-03-17 00:00:00-04:00    2023-03-17
2023-03-20 00:00:00-04:00    2023-03-20
2023-03-21 00:00:00-04:00    2023-03-21
2023-03-22 00:00:00-04:00    2023-03-22
Name: date, Length: 15411, dtype: object
[2023-03-23T00:40:31.279+0000] {logging_mixin.py:137} INFO -                                                date  ... stock_splits
Date                                                 ...             
1962-01-02 00:00:00-05:00 1962-01-02 00:00:00-05:00  ...          0.0
1962-01-03 00:00:00-05:00 1962-01-03 00:00:00-05:00  ...          0.0
1962-01-04 00:00:00-05:00 1962-01-04 00:00:00-05:00  ...          0.0
1962-01-05 00:00:00-05:00 1962-01-05 00:00:00-05:00  ...          0.0
1962-01-08 00:00:00-05:00 1962-01-08 00:00:00-05:00  ...          0.0
...                                             ...  ...          ...
2023-03-16 00:00:00-04:00 2023-03-16 00:00:00-04:00  ...          0.0
2023-03-17 00:00:00-04:00 2023-03-17 00:00:00-04:00  ...          0.0
2023-03-20 00:00:00-04:00 2023-03-20 00:00:00-04:00  ...          0.0
2023-03-21 00:00:00-04:00 2023-03-21 00:00:00-04:00  ...          0.0
2023-03-22 00:00:00-04:00 2023-03-22 00:00:00-04:00  ...          0.0

[15411 rows x 9 columns]
[2023-03-23T00:40:32.375+0000] {logging_mixin.py:137} INFO - Finished downloading GE data.
[2023-03-23T00:40:32.378+0000] {python.py:177} INFO - Done. Returned value was: None
[2023-03-23T00:40:32.411+0000] {taskinstance.py:1326} INFO - Marking task as SUCCESS. dag_id=sql_dags, task_id=write_to_mysql, execution_date=20230323T003527, start_date=20230323T004030, end_date=20230323T004032
[2023-03-23T00:40:32.474+0000] {local_task_job.py:212} INFO - Task exited with return code 0
[2023-03-23T00:40:32.501+0000] {taskinstance.py:2585} INFO - 0 downstream tasks scheduled from follow-on schedule check
