[2023-03-17 08:17:37,348] {taskinstance.py:1179} INFO - Dependencies all met for <TaskInstance: download_stock.download_price scheduled__2023-03-17T08:12:35.682729+00:00 [queued]>
[2023-03-17 08:17:37,355] {taskinstance.py:1179} INFO - Dependencies all met for <TaskInstance: download_stock.download_price scheduled__2023-03-17T08:12:35.682729+00:00 [queued]>
[2023-03-17 08:17:37,356] {taskinstance.py:1376} INFO - 
--------------------------------------------------------------------------------
[2023-03-17 08:17:37,356] {taskinstance.py:1377} INFO - Starting attempt 1 of 2
[2023-03-17 08:17:37,356] {taskinstance.py:1378} INFO - 
--------------------------------------------------------------------------------
[2023-03-17 08:17:37,367] {taskinstance.py:1397} INFO - Executing <Task(PythonOperator): download_price> on 2023-03-17 08:12:35.682729+00:00
[2023-03-17 08:17:37,372] {standard_task_runner.py:52} INFO - Started process 1266 to run task
[2023-03-17 08:17:37,376] {standard_task_runner.py:79} INFO - Running: ['***', 'tasks', 'run', 'download_stock', 'download_price', 'scheduled__2023-03-17T08:12:35.682729+00:00', '--job-id', '60', '--raw', '--subdir', 'DAGS_FOLDER/download_stock_price.py', '--cfg-path', '/tmp/tmpa8s9rqu3', '--error-file', '/tmp/tmpqrbuofqb']
[2023-03-17 08:17:37,378] {standard_task_runner.py:80} INFO - Job 60: Subtask download_price
[2023-03-17 08:17:37,447] {task_command.py:371} INFO - Running <TaskInstance: download_stock.download_price scheduled__2023-03-17T08:12:35.682729+00:00 [running]> on host 6b2dd5cdd356
[2023-03-17 08:17:37,511] {taskinstance.py:1591} INFO - Exporting the following env vars:
AIRFLOW_CTX_DAG_EMAIL=***@example.com
AIRFLOW_CTX_DAG_OWNER=***
AIRFLOW_CTX_DAG_ID=download_stock
AIRFLOW_CTX_TASK_ID=download_price
AIRFLOW_CTX_EXECUTION_DATE=2023-03-17T08:12:35.682729+00:00
AIRFLOW_CTX_TRY_NUMBER=1
AIRFLOW_CTX_DAG_RUN_ID=scheduled__2023-03-17T08:12:35.682729+00:00
[2023-03-17 08:17:38,116] {logging_mixin.py:115} INFO - <class 'pandas.core.frame.DataFrame'>
[2023-03-17 08:17:38,117] {logging_mixin.py:115} INFO - (9328, 7)
[2023-03-17 08:17:38,118] {python.py:173} INFO - Done. Returned value was: None
[2023-03-17 08:17:38,132] {taskinstance.py:1420} INFO - Marking task as SUCCESS. dag_id=download_stock, task_id=download_price, execution_date=20230317T081235, start_date=20230317T081737, end_date=20230317T081738
[2023-03-17 08:17:38,195] {local_task_job.py:156} INFO - Task exited with return code 0
[2023-03-17 08:17:38,227] {local_task_job.py:273} INFO - 0 downstream tasks scheduled from follow-on schedule check
