[2023-03-22 06:39:59,911] {taskinstance.py:1179} INFO - Dependencies all met for <TaskInstance: download_stock.download_price scheduled__2023-03-22T06:34:58.246558+00:00 [queued]>
[2023-03-22 06:39:59,921] {taskinstance.py:1179} INFO - Dependencies all met for <TaskInstance: download_stock.download_price scheduled__2023-03-22T06:34:58.246558+00:00 [queued]>
[2023-03-22 06:39:59,922] {taskinstance.py:1376} INFO - 
--------------------------------------------------------------------------------
[2023-03-22 06:39:59,923] {taskinstance.py:1377} INFO - Starting attempt 1 of 2
[2023-03-22 06:39:59,924] {taskinstance.py:1378} INFO - 
--------------------------------------------------------------------------------
[2023-03-22 06:40:00,072] {taskinstance.py:1397} INFO - Executing <Task(PythonOperator): download_price> on 2023-03-22 06:34:58.246558+00:00
[2023-03-22 06:40:00,078] {standard_task_runner.py:52} INFO - Started process 216 to run task
[2023-03-22 06:40:00,083] {standard_task_runner.py:79} INFO - Running: ['***', 'tasks', 'run', 'download_stock', 'download_price', 'scheduled__2023-03-22T06:34:58.246558+00:00', '--job-id', '317', '--raw', '--subdir', 'DAGS_FOLDER/download_stock_price.py', '--cfg-path', '/tmp/tmpqiywekul', '--error-file', '/tmp/tmpf9wqodot']
[2023-03-22 06:40:00,086] {standard_task_runner.py:80} INFO - Job 317: Subtask download_price
[2023-03-22 06:40:00,175] {task_command.py:371} INFO - Running <TaskInstance: download_stock.download_price scheduled__2023-03-22T06:34:58.246558+00:00 [running]> on host 92d03027b2df
[2023-03-22 06:40:00,259] {taskinstance.py:1591} INFO - Exporting the following env vars:
AIRFLOW_CTX_DAG_EMAIL=***@example.com
AIRFLOW_CTX_DAG_OWNER=***
AIRFLOW_CTX_DAG_ID=download_stock
AIRFLOW_CTX_TASK_ID=download_price
AIRFLOW_CTX_EXECUTION_DATE=2023-03-22T06:34:58.246558+00:00
AIRFLOW_CTX_TRY_NUMBER=1
AIRFLOW_CTX_DAG_RUN_ID=scheduled__2023-03-22T06:34:58.246558+00:00
[2023-03-22 06:40:00,269] {logging_mixin.py:115} INFO - None
[2023-03-22 06:40:01,434] {logging_mixin.py:115} INFO - Finished downloading IBM data.
[2023-03-22 06:40:02,357] {logging_mixin.py:115} INFO - Finished downloading GE data.
[2023-03-22 06:40:03,001] {logging_mixin.py:115} INFO - Finished downloading AAPL data.
[2023-03-22 06:40:03,592] {logging_mixin.py:115} INFO - Finished downloading MSFT data.
[2023-03-22 06:40:03,592] {python.py:173} INFO - Done. Returned value was: None
[2023-03-22 06:40:03,608] {taskinstance.py:1420} INFO - Marking task as SUCCESS. dag_id=download_stock, task_id=download_price, execution_date=20230322T063458, start_date=20230322T063959, end_date=20230322T064003
[2023-03-22 06:40:03,649] {local_task_job.py:156} INFO - Task exited with return code 0
[2023-03-22 06:40:03,691] {local_task_job.py:273} INFO - 0 downstream tasks scheduled from follow-on schedule check
