[2023-03-21 05:40:05,730] {taskinstance.py:1179} INFO - Dependencies all met for <TaskInstance: download_stock.download_price manual__2023-03-21T05:40:04.259632+00:00 [queued]>
[2023-03-21 05:40:05,741] {taskinstance.py:1179} INFO - Dependencies all met for <TaskInstance: download_stock.download_price manual__2023-03-21T05:40:04.259632+00:00 [queued]>
[2023-03-21 05:40:05,741] {taskinstance.py:1376} INFO - 
--------------------------------------------------------------------------------
[2023-03-21 05:40:05,742] {taskinstance.py:1377} INFO - Starting attempt 1 of 2
[2023-03-21 05:40:05,742] {taskinstance.py:1378} INFO - 
--------------------------------------------------------------------------------
[2023-03-21 05:40:05,756] {taskinstance.py:1397} INFO - Executing <Task(PythonOperator): download_price> on 2023-03-21 05:40:04.259632+00:00
[2023-03-21 05:40:05,762] {standard_task_runner.py:52} INFO - Started process 2159 to run task
[2023-03-21 05:40:05,767] {standard_task_runner.py:79} INFO - Running: ['***', 'tasks', 'run', 'download_stock', 'download_price', 'manual__2023-03-21T05:40:04.259632+00:00', '--job-id', '167', '--raw', '--subdir', 'DAGS_FOLDER/download_stock_price.py', '--cfg-path', '/tmp/tmp5ciykefg', '--error-file', '/tmp/tmp9hunmien']
[2023-03-21 05:40:05,770] {standard_task_runner.py:80} INFO - Job 167: Subtask download_price
[2023-03-21 05:40:05,876] {task_command.py:371} INFO - Running <TaskInstance: download_stock.download_price manual__2023-03-21T05:40:04.259632+00:00 [running]> on host 6b2dd5cdd356
[2023-03-21 05:40:06,014] {taskinstance.py:1591} INFO - Exporting the following env vars:
AIRFLOW_CTX_DAG_EMAIL=***@example.com
AIRFLOW_CTX_DAG_OWNER=***
AIRFLOW_CTX_DAG_ID=download_stock
AIRFLOW_CTX_TASK_ID=download_price
AIRFLOW_CTX_EXECUTION_DATE=2023-03-21T05:40:04.259632+00:00
AIRFLOW_CTX_TRY_NUMBER=1
AIRFLOW_CTX_DAG_RUN_ID=manual__2023-03-21T05:40:04.259632+00:00
[2023-03-21 05:40:06,038] {logging_mixin.py:115} INFO - IBM GE AAPL MSFT
[2023-03-21 05:40:06,039] {logging_mixin.py:115} INFO - ['IBM', 'GE', 'AAPL', 'MSFT']
[2023-03-21 05:40:06,870] {logging_mixin.py:115} INFO - <class 'pandas.core.frame.DataFrame'>
[2023-03-21 05:40:06,872] {logging_mixin.py:115} INFO - (9330, 7)
[2023-03-21 05:40:06,872] {logging_mixin.py:115} INFO - /opt/***
[2023-03-21 05:40:07,118] {logging_mixin.py:115} INFO - Finished downloading MSFT data.
[2023-03-21 05:40:07,118] {python.py:173} INFO - Done. Returned value was: None
[2023-03-21 05:40:07,131] {taskinstance.py:1420} INFO - Marking task as SUCCESS. dag_id=download_stock, task_id=download_price, execution_date=20230321T054004, start_date=20230321T054005, end_date=20230321T054007
[2023-03-21 05:40:07,187] {local_task_job.py:156} INFO - Task exited with return code 0
[2023-03-21 05:40:07,220] {local_task_job.py:273} INFO - 0 downstream tasks scheduled from follow-on schedule check
