[2023-03-17 07:37:36,389] {taskinstance.py:1179} INFO - Dependencies all met for <TaskInstance: download_stock.download_price scheduled__2023-03-17T07:32:35.682729+00:00 [queued]>
[2023-03-17 07:37:36,397] {taskinstance.py:1179} INFO - Dependencies all met for <TaskInstance: download_stock.download_price scheduled__2023-03-17T07:32:35.682729+00:00 [queued]>
[2023-03-17 07:37:36,398] {taskinstance.py:1376} INFO - 
--------------------------------------------------------------------------------
[2023-03-17 07:37:36,399] {taskinstance.py:1377} INFO - Starting attempt 1 of 2
[2023-03-17 07:37:36,399] {taskinstance.py:1378} INFO - 
--------------------------------------------------------------------------------
[2023-03-17 07:37:36,536] {taskinstance.py:1397} INFO - Executing <Task(PythonOperator): download_price> on 2023-03-17 07:32:35.682729+00:00
[2023-03-17 07:37:36,542] {standard_task_runner.py:52} INFO - Started process 558 to run task
[2023-03-17 07:37:36,547] {standard_task_runner.py:79} INFO - Running: ['***', 'tasks', 'run', 'download_stock', 'download_price', 'scheduled__2023-03-17T07:32:35.682729+00:00', '--job-id', '52', '--raw', '--subdir', 'DAGS_FOLDER/download_stock_price.py', '--cfg-path', '/tmp/tmplxwykjs6', '--error-file', '/tmp/tmp2lxrhajk']
[2023-03-17 07:37:36,550] {standard_task_runner.py:80} INFO - Job 52: Subtask download_price
[2023-03-17 07:37:36,625] {task_command.py:371} INFO - Running <TaskInstance: download_stock.download_price scheduled__2023-03-17T07:32:35.682729+00:00 [running]> on host 6b2dd5cdd356
[2023-03-17 07:37:36,692] {taskinstance.py:1591} INFO - Exporting the following env vars:
AIRFLOW_CTX_DAG_EMAIL=***@example.com
AIRFLOW_CTX_DAG_OWNER=***
AIRFLOW_CTX_DAG_ID=download_stock
AIRFLOW_CTX_TASK_ID=download_price
AIRFLOW_CTX_EXECUTION_DATE=2023-03-17T07:32:35.682729+00:00
AIRFLOW_CTX_TRY_NUMBER=1
AIRFLOW_CTX_DAG_RUN_ID=scheduled__2023-03-17T07:32:35.682729+00:00
[2023-03-17 07:37:37,167] {logging_mixin.py:115} INFO - <class 'pandas.core.frame.DataFrame'>
[2023-03-17 07:37:37,168] {logging_mixin.py:115} INFO - (9328, 7)
[2023-03-17 07:37:37,169] {python.py:173} INFO - Done. Returned value was: None
[2023-03-17 07:37:37,181] {taskinstance.py:1420} INFO - Marking task as SUCCESS. dag_id=download_stock, task_id=download_price, execution_date=20230317T073235, start_date=20230317T073736, end_date=20230317T073737
[2023-03-17 07:37:37,208] {local_task_job.py:156} INFO - Task exited with return code 0
[2023-03-17 07:37:37,239] {local_task_job.py:273} INFO - 0 downstream tasks scheduled from follow-on schedule check
