[2023-03-23T00:25:22.041+0000] {taskinstance.py:1084} INFO - Dependencies all met for dep_context=non-requeueable deps ti=<TaskInstance: sql_dags.write_to_mysql scheduled__2023-03-23T00:20:16.584506+00:00 [queued]>
[2023-03-23T00:25:22.085+0000] {taskinstance.py:1084} INFO - Dependencies all met for dep_context=requeueable deps ti=<TaskInstance: sql_dags.write_to_mysql scheduled__2023-03-23T00:20:16.584506+00:00 [queued]>
[2023-03-23T00:25:22.087+0000] {taskinstance.py:1282} INFO - 
--------------------------------------------------------------------------------
[2023-03-23T00:25:22.088+0000] {taskinstance.py:1283} INFO - Starting attempt 1 of 2
[2023-03-23T00:25:22.090+0000] {taskinstance.py:1284} INFO - 
--------------------------------------------------------------------------------
[2023-03-23T00:25:22.132+0000] {taskinstance.py:1303} INFO - Executing <Task(PythonOperator): write_to_mysql> on 2023-03-23 00:20:16.584506+00:00
[2023-03-23T00:25:22.156+0000] {standard_task_runner.py:55} INFO - Started process 3187 to run task
[2023-03-23T00:25:22.178+0000] {standard_task_runner.py:82} INFO - Running: ['***', 'tasks', 'run', 'sql_dags', 'write_to_mysql', 'scheduled__2023-03-23T00:20:16.584506+00:00', '--job-id', '448', '--raw', '--subdir', 'DAGS_FOLDER/sql_dags.py', '--cfg-path', '/tmp/tmpbos5wutu']
[2023-03-23T00:25:22.181+0000] {standard_task_runner.py:83} INFO - Job 448: Subtask write_to_mysql
[2023-03-23T00:25:23.561+0000] {task_command.py:388} INFO - Running <TaskInstance: sql_dags.write_to_mysql scheduled__2023-03-23T00:20:16.584506+00:00 [running]> on host aeff5136c067
[2023-03-23T00:25:23.751+0000] {taskinstance.py:1511} INFO - Exporting the following env vars:
AIRFLOW_CTX_DAG_EMAIL=***@example.com
AIRFLOW_CTX_DAG_OWNER=***
AIRFLOW_CTX_DAG_ID=sql_dags
AIRFLOW_CTX_TASK_ID=write_to_mysql
AIRFLOW_CTX_EXECUTION_DATE=2023-03-23T00:20:16.584506+00:00
AIRFLOW_CTX_TRY_NUMBER=1
AIRFLOW_CTX_DAG_RUN_ID=scheduled__2023-03-23T00:20:16.584506+00:00
[2023-03-23T00:25:24.513+0000] {logging_mixin.py:137} INFO - Index(['stock_name', 'open', 'high', 'low', 'close', 'volume', 'dividends',
       'stock splits'],
      dtype='object')
[2023-03-23T00:25:24.514+0000] {logging_mixin.py:137} INFO - Finished downloading IBM data.
[2023-03-23T00:25:25.308+0000] {logging_mixin.py:137} INFO - Index(['stock_name', 'open', 'high', 'low', 'close', 'volume', 'dividends',
       'stock splits'],
      dtype='object')
[2023-03-23T00:25:25.309+0000] {logging_mixin.py:137} INFO - Finished downloading GE data.
[2023-03-23T00:25:25.881+0000] {logging_mixin.py:137} INFO - Index(['stock_name', 'open', 'high', 'low', 'close', 'volume', 'dividends',
       'stock splits'],
      dtype='object')
[2023-03-23T00:25:25.883+0000] {logging_mixin.py:137} INFO - Finished downloading AAPL data.
[2023-03-23T00:25:26.392+0000] {logging_mixin.py:137} INFO - Index(['stock_name', 'open', 'high', 'low', 'close', 'volume', 'dividends',
       'stock splits'],
      dtype='object')
[2023-03-23T00:25:26.393+0000] {logging_mixin.py:137} INFO - Finished downloading MSFT data.
[2023-03-23T00:25:26.394+0000] {python.py:177} INFO - Done. Returned value was: None
[2023-03-23T00:25:26.412+0000] {taskinstance.py:1326} INFO - Marking task as SUCCESS. dag_id=sql_dags, task_id=write_to_mysql, execution_date=20230323T002016, start_date=20230323T002522, end_date=20230323T002526
[2023-03-23T00:25:26.487+0000] {local_task_job.py:212} INFO - Task exited with return code 0
[2023-03-23T00:25:26.721+0000] {taskinstance.py:2585} INFO - 0 downstream tasks scheduled from follow-on schedule check
