[2023-03-21 05:49:16,693] {taskinstance.py:1179} INFO - Dependencies all met for <TaskInstance: download_stock.download_price manual__2023-03-21T13:44:59+08:00 [queued]>
[2023-03-21 05:49:16,702] {taskinstance.py:1179} INFO - Dependencies all met for <TaskInstance: download_stock.download_price manual__2023-03-21T13:44:59+08:00 [queued]>
[2023-03-21 05:49:16,703] {taskinstance.py:1376} INFO - 
--------------------------------------------------------------------------------
[2023-03-21 05:49:16,703] {taskinstance.py:1377} INFO - Starting attempt 1 of 2
[2023-03-21 05:49:16,704] {taskinstance.py:1378} INFO - 
--------------------------------------------------------------------------------
[2023-03-21 05:49:16,718] {taskinstance.py:1397} INFO - Executing <Task(PythonOperator): download_price> on 2023-03-21 05:44:59+00:00
[2023-03-21 05:49:16,723] {standard_task_runner.py:52} INFO - Started process 2330 to run task
[2023-03-21 05:49:16,727] {standard_task_runner.py:79} INFO - Running: ['***', 'tasks', 'run', 'download_stock', 'download_price', 'manual__2023-03-21T13:44:59+08:00', '--job-id', '170', '--raw', '--subdir', 'DAGS_FOLDER/download_stock_price.py', '--cfg-path', '/tmp/tmpoag_m6tm', '--error-file', '/tmp/tmphlw0ojb9']
[2023-03-21 05:49:16,729] {standard_task_runner.py:80} INFO - Job 170: Subtask download_price
[2023-03-21 05:49:16,803] {task_command.py:371} INFO - Running <TaskInstance: download_stock.download_price manual__2023-03-21T13:44:59+08:00 [running]> on host 6b2dd5cdd356
[2023-03-21 05:49:16,878] {taskinstance.py:1591} INFO - Exporting the following env vars:
AIRFLOW_CTX_DAG_EMAIL=***@example.com
AIRFLOW_CTX_DAG_OWNER=***
AIRFLOW_CTX_DAG_ID=download_stock
AIRFLOW_CTX_TASK_ID=download_price
AIRFLOW_CTX_EXECUTION_DATE=2023-03-21T05:44:59+00:00
AIRFLOW_CTX_TRY_NUMBER=1
AIRFLOW_CTX_DAG_RUN_ID=manual__2023-03-21T13:44:59+08:00
[2023-03-21 05:49:16,887] {logging_mixin.py:115} INFO - ['FB']
[2023-03-21 05:49:18,104] {logging_mixin.py:115} INFO - Finished downloading IBM data.
[2023-03-21 05:49:19,124] {logging_mixin.py:115} INFO - Finished downloading GE data.
[2023-03-21 05:49:19,795] {logging_mixin.py:115} INFO - Finished downloading AAPL data.
[2023-03-21 05:49:20,496] {logging_mixin.py:115} INFO - Finished downloading MSFT data.
[2023-03-21 05:49:20,497] {python.py:173} INFO - Done. Returned value was: None
[2023-03-21 05:49:20,509] {taskinstance.py:1420} INFO - Marking task as SUCCESS. dag_id=download_stock, task_id=download_price, execution_date=20230321T054459, start_date=20230321T054916, end_date=20230321T054920
[2023-03-21 05:49:20,546] {local_task_job.py:156} INFO - Task exited with return code 0
[2023-03-21 05:49:20,579] {local_task_job.py:273} INFO - 0 downstream tasks scheduled from follow-on schedule check
