[2023-03-22 05:07:27,201] {taskinstance.py:1179} INFO - Dependencies all met for <TaskInstance: download_stock.download_price scheduled__2023-03-22T05:02:26.339485+00:00 [queued]>
[2023-03-22 05:07:27,209] {taskinstance.py:1179} INFO - Dependencies all met for <TaskInstance: download_stock.download_price scheduled__2023-03-22T05:02:26.339485+00:00 [queued]>
[2023-03-22 05:07:27,210] {taskinstance.py:1376} INFO - 
--------------------------------------------------------------------------------
[2023-03-22 05:07:27,210] {taskinstance.py:1377} INFO - Starting attempt 1 of 2
[2023-03-22 05:07:27,211] {taskinstance.py:1378} INFO - 
--------------------------------------------------------------------------------
[2023-03-22 05:07:27,223] {taskinstance.py:1397} INFO - Executing <Task(PythonOperator): download_price> on 2023-03-22 05:02:26.339485+00:00
[2023-03-22 05:07:27,228] {standard_task_runner.py:52} INFO - Started process 1945 to run task
[2023-03-22 05:07:27,232] {standard_task_runner.py:79} INFO - Running: ['***', 'tasks', 'run', 'download_stock', 'download_price', 'scheduled__2023-03-22T05:02:26.339485+00:00', '--job-id', '235', '--raw', '--subdir', 'DAGS_FOLDER/download_stock_price.py', '--cfg-path', '/tmp/tmpwl14af06', '--error-file', '/tmp/tmp8xsr5edi']
[2023-03-22 05:07:27,234] {standard_task_runner.py:80} INFO - Job 235: Subtask download_price
[2023-03-22 05:07:27,307] {task_command.py:371} INFO - Running <TaskInstance: download_stock.download_price scheduled__2023-03-22T05:02:26.339485+00:00 [running]> on host f5fe9057b95b
[2023-03-22 05:07:27,375] {taskinstance.py:1591} INFO - Exporting the following env vars:
AIRFLOW_CTX_DAG_EMAIL=***@example.com
AIRFLOW_CTX_DAG_OWNER=***
AIRFLOW_CTX_DAG_ID=download_stock
AIRFLOW_CTX_TASK_ID=download_price
AIRFLOW_CTX_EXECUTION_DATE=2023-03-22T05:02:26.339485+00:00
AIRFLOW_CTX_TRY_NUMBER=1
AIRFLOW_CTX_DAG_RUN_ID=scheduled__2023-03-22T05:02:26.339485+00:00
[2023-03-22 05:07:27,385] {logging_mixin.py:115} INFO - None
[2023-03-22 05:07:28,556] {logging_mixin.py:115} INFO - Finished downloading IBM data.
[2023-03-22 05:07:29,590] {logging_mixin.py:115} INFO - Finished downloading GE data.
[2023-03-22 05:07:30,353] {logging_mixin.py:115} INFO - Finished downloading AAPL data.
[2023-03-22 05:07:30,948] {logging_mixin.py:115} INFO - Finished downloading MSFT data.
[2023-03-22 05:07:30,949] {python.py:173} INFO - Done. Returned value was: None
[2023-03-22 05:07:30,963] {taskinstance.py:1420} INFO - Marking task as SUCCESS. dag_id=download_stock, task_id=download_price, execution_date=20230322T050226, start_date=20230322T050727, end_date=20230322T050730
[2023-03-22 05:07:30,995] {local_task_job.py:156} INFO - Task exited with return code 0
[2023-03-22 05:07:31,028] {local_task_job.py:273} INFO - 0 downstream tasks scheduled from follow-on schedule check
