[2023-03-22 03:07:26,872] {taskinstance.py:1179} INFO - Dependencies all met for <TaskInstance: download_stock.download_price scheduled__2023-03-22T03:02:25.916668+00:00 [queued]>
[2023-03-22 03:07:26,881] {taskinstance.py:1179} INFO - Dependencies all met for <TaskInstance: download_stock.download_price scheduled__2023-03-22T03:02:25.916668+00:00 [queued]>
[2023-03-22 03:07:26,881] {taskinstance.py:1376} INFO - 
--------------------------------------------------------------------------------
[2023-03-22 03:07:26,882] {taskinstance.py:1377} INFO - Starting attempt 1 of 2
[2023-03-22 03:07:26,883] {taskinstance.py:1378} INFO - 
--------------------------------------------------------------------------------
[2023-03-22 03:07:26,896] {taskinstance.py:1397} INFO - Executing <Task(PythonOperator): download_price> on 2023-03-22 03:02:25.916668+00:00
[2023-03-22 03:07:26,902] {standard_task_runner.py:52} INFO - Started process 603 to run task
[2023-03-22 03:07:26,906] {standard_task_runner.py:79} INFO - Running: ['***', 'tasks', 'run', 'download_stock', 'download_price', 'scheduled__2023-03-22T03:02:25.916668+00:00', '--job-id', '205', '--raw', '--subdir', 'DAGS_FOLDER/download_stock_price.py', '--cfg-path', '/tmp/tmpyvas81bh', '--error-file', '/tmp/tmptpbmbkox']
[2023-03-22 03:07:26,908] {standard_task_runner.py:80} INFO - Job 205: Subtask download_price
[2023-03-22 03:07:26,981] {task_command.py:371} INFO - Running <TaskInstance: download_stock.download_price scheduled__2023-03-22T03:02:25.916668+00:00 [running]> on host b83d0a86610b
[2023-03-22 03:07:27,053] {taskinstance.py:1591} INFO - Exporting the following env vars:
AIRFLOW_CTX_DAG_EMAIL=***@example.com
AIRFLOW_CTX_DAG_OWNER=***
AIRFLOW_CTX_DAG_ID=download_stock
AIRFLOW_CTX_TASK_ID=download_price
AIRFLOW_CTX_EXECUTION_DATE=2023-03-22T03:02:25.916668+00:00
AIRFLOW_CTX_TRY_NUMBER=1
AIRFLOW_CTX_DAG_RUN_ID=scheduled__2023-03-22T03:02:25.916668+00:00
[2023-03-22 03:07:27,062] {logging_mixin.py:115} INFO - None
[2023-03-22 03:07:28,044] {logging_mixin.py:115} INFO - Finished downloading IBM data.
[2023-03-22 03:07:28,971] {logging_mixin.py:115} INFO - Finished downloading GE data.
[2023-03-22 03:07:29,800] {logging_mixin.py:115} INFO - Finished downloading AAPL data.
[2023-03-22 03:07:30,519] {logging_mixin.py:115} INFO - Finished downloading MSFT data.
[2023-03-22 03:07:30,519] {python.py:173} INFO - Done. Returned value was: None
[2023-03-22 03:07:30,531] {taskinstance.py:1420} INFO - Marking task as SUCCESS. dag_id=download_stock, task_id=download_price, execution_date=20230322T030225, start_date=20230322T030726, end_date=20230322T030730
[2023-03-22 03:07:30,582] {local_task_job.py:156} INFO - Task exited with return code 0
[2023-03-22 03:07:30,618] {local_task_job.py:273} INFO - 0 downstream tasks scheduled from follow-on schedule check
