[2023-03-23T00:35:29.259+0000] {taskinstance.py:1084} INFO - Dependencies all met for dep_context=non-requeueable deps ti=<TaskInstance: sql_dags.write_to_mysql scheduled__2023-03-23T00:30:27.239509+00:00 [queued]>
[2023-03-23T00:35:29.270+0000] {taskinstance.py:1084} INFO - Dependencies all met for dep_context=requeueable deps ti=<TaskInstance: sql_dags.write_to_mysql scheduled__2023-03-23T00:30:27.239509+00:00 [queued]>
[2023-03-23T00:35:29.271+0000] {taskinstance.py:1282} INFO - 
--------------------------------------------------------------------------------
[2023-03-23T00:35:29.272+0000] {taskinstance.py:1283} INFO - Starting attempt 1 of 2
[2023-03-23T00:35:29.272+0000] {taskinstance.py:1284} INFO - 
--------------------------------------------------------------------------------
[2023-03-23T00:35:29.289+0000] {taskinstance.py:1303} INFO - Executing <Task(PythonOperator): write_to_mysql> on 2023-03-23 00:30:27.239509+00:00
[2023-03-23T00:35:29.296+0000] {standard_task_runner.py:55} INFO - Started process 3471 to run task
[2023-03-23T00:35:29.301+0000] {standard_task_runner.py:82} INFO - Running: ['***', 'tasks', 'run', 'sql_dags', 'write_to_mysql', 'scheduled__2023-03-23T00:30:27.239509+00:00', '--job-id', '459', '--raw', '--subdir', 'DAGS_FOLDER/sql_dags.py', '--cfg-path', '/tmp/tmp0sv48bbq']
[2023-03-23T00:35:29.302+0000] {standard_task_runner.py:83} INFO - Job 459: Subtask write_to_mysql
[2023-03-23T00:35:29.565+0000] {task_command.py:388} INFO - Running <TaskInstance: sql_dags.write_to_mysql scheduled__2023-03-23T00:30:27.239509+00:00 [running]> on host aeff5136c067
[2023-03-23T00:35:29.647+0000] {taskinstance.py:1511} INFO - Exporting the following env vars:
AIRFLOW_CTX_DAG_EMAIL=***@example.com
AIRFLOW_CTX_DAG_OWNER=***
AIRFLOW_CTX_DAG_ID=sql_dags
AIRFLOW_CTX_TASK_ID=write_to_mysql
AIRFLOW_CTX_EXECUTION_DATE=2023-03-23T00:30:27.239509+00:00
AIRFLOW_CTX_TRY_NUMBER=1
AIRFLOW_CTX_DAG_RUN_ID=scheduled__2023-03-23T00:30:27.239509+00:00
[2023-03-23T00:35:30.492+0000] {logging_mixin.py:137} INFO - Index(['date', 'stock_name', 'open', 'high', 'low', 'close', 'volume',
       'dividends', 'stock_splits'],
      dtype='object')
[2023-03-23T00:35:30.511+0000] {logging_mixin.py:137} INFO -                                                date  ... stock_splits
Date                                                 ...             
1962-01-02 00:00:00-05:00 1962-01-02 00:00:00-05:00  ...          0.0
1962-01-03 00:00:00-05:00 1962-01-03 00:00:00-05:00  ...          0.0
1962-01-04 00:00:00-05:00 1962-01-04 00:00:00-05:00  ...          0.0
1962-01-05 00:00:00-05:00 1962-01-05 00:00:00-05:00  ...          0.0
1962-01-08 00:00:00-05:00 1962-01-08 00:00:00-05:00  ...          0.0
...                                             ...  ...          ...
2023-03-16 00:00:00-04:00 2023-03-16 00:00:00-04:00  ...          0.0
2023-03-17 00:00:00-04:00 2023-03-17 00:00:00-04:00  ...          0.0
2023-03-20 00:00:00-04:00 2023-03-20 00:00:00-04:00  ...          0.0
2023-03-21 00:00:00-04:00 2023-03-21 00:00:00-04:00  ...          0.0
2023-03-22 00:00:00-04:00 2023-03-22 00:00:00-04:00  ...          0.0

[15411 rows x 9 columns]
[2023-03-23T00:35:31.133+0000] {logging_mixin.py:137} INFO - Finished downloading IBM data.
[2023-03-23T00:35:31.772+0000] {logging_mixin.py:137} INFO - Index(['date', 'stock_name', 'open', 'high', 'low', 'close', 'volume',
       'dividends', 'stock_splits'],
      dtype='object')
[2023-03-23T00:35:31.790+0000] {logging_mixin.py:137} INFO -                                                date  ... stock_splits
Date                                                 ...             
1962-01-02 00:00:00-05:00 1962-01-02 00:00:00-05:00  ...          0.0
1962-01-03 00:00:00-05:00 1962-01-03 00:00:00-05:00  ...          0.0
1962-01-04 00:00:00-05:00 1962-01-04 00:00:00-05:00  ...          0.0
1962-01-05 00:00:00-05:00 1962-01-05 00:00:00-05:00  ...          0.0
1962-01-08 00:00:00-05:00 1962-01-08 00:00:00-05:00  ...          0.0
...                                             ...  ...          ...
2023-03-16 00:00:00-04:00 2023-03-16 00:00:00-04:00  ...          0.0
2023-03-17 00:00:00-04:00 2023-03-17 00:00:00-04:00  ...          0.0
2023-03-20 00:00:00-04:00 2023-03-20 00:00:00-04:00  ...          0.0
2023-03-21 00:00:00-04:00 2023-03-21 00:00:00-04:00  ...          0.0
2023-03-22 00:00:00-04:00 2023-03-22 00:00:00-04:00  ...          0.0

[15411 rows x 9 columns]
[2023-03-23T00:35:32.432+0000] {logging_mixin.py:137} INFO - Finished downloading GE data.
[2023-03-23T00:35:32.830+0000] {logging_mixin.py:137} INFO - Index(['date', 'stock_name', 'open', 'high', 'low', 'close', 'volume',
       'dividends', 'stock_splits'],
      dtype='object')
[2023-03-23T00:35:32.847+0000] {logging_mixin.py:137} INFO -                                                date  ... stock_splits
Date                                                 ...             
1980-12-12 00:00:00-05:00 1980-12-12 00:00:00-05:00  ...          0.0
1980-12-15 00:00:00-05:00 1980-12-15 00:00:00-05:00  ...          0.0
1980-12-16 00:00:00-05:00 1980-12-16 00:00:00-05:00  ...          0.0
1980-12-17 00:00:00-05:00 1980-12-17 00:00:00-05:00  ...          0.0
1980-12-18 00:00:00-05:00 1980-12-18 00:00:00-05:00  ...          0.0
...                                             ...  ...          ...
2023-03-16 00:00:00-04:00 2023-03-16 00:00:00-04:00  ...          0.0
2023-03-17 00:00:00-04:00 2023-03-17 00:00:00-04:00  ...          0.0
2023-03-20 00:00:00-04:00 2023-03-20 00:00:00-04:00  ...          0.0
2023-03-21 00:00:00-04:00 2023-03-21 00:00:00-04:00  ...          0.0
2023-03-22 00:00:00-04:00 2023-03-22 00:00:00-04:00  ...          0.0

[10658 rows x 9 columns]
[2023-03-23T00:35:33.288+0000] {logging_mixin.py:137} INFO - Finished downloading AAPL data.
[2023-03-23T00:35:33.615+0000] {logging_mixin.py:137} INFO - Index(['date', 'stock_name', 'open', 'high', 'low', 'close', 'volume',
       'dividends', 'stock_splits'],
      dtype='object')
[2023-03-23T00:35:33.632+0000] {logging_mixin.py:137} INFO -                                                date  ... stock_splits
Date                                                 ...             
1986-03-13 00:00:00-05:00 1986-03-13 00:00:00-05:00  ...          0.0
1986-03-14 00:00:00-05:00 1986-03-14 00:00:00-05:00  ...          0.0
1986-03-17 00:00:00-05:00 1986-03-17 00:00:00-05:00  ...          0.0
1986-03-18 00:00:00-05:00 1986-03-18 00:00:00-05:00  ...          0.0
1986-03-19 00:00:00-05:00 1986-03-19 00:00:00-05:00  ...          0.0
...                                             ...  ...          ...
2023-03-16 00:00:00-04:00 2023-03-16 00:00:00-04:00  ...          0.0
2023-03-17 00:00:00-04:00 2023-03-17 00:00:00-04:00  ...          0.0
2023-03-20 00:00:00-04:00 2023-03-20 00:00:00-04:00  ...          0.0
2023-03-21 00:00:00-04:00 2023-03-21 00:00:00-04:00  ...          0.0
2023-03-22 00:00:00-04:00 2023-03-22 00:00:00-04:00  ...          0.0

[9332 rows x 9 columns]
[2023-03-23T00:35:34.010+0000] {logging_mixin.py:137} INFO - Finished downloading MSFT data.
[2023-03-23T00:35:34.011+0000] {python.py:177} INFO - Done. Returned value was: None
[2023-03-23T00:35:34.023+0000] {taskinstance.py:1326} INFO - Marking task as SUCCESS. dag_id=sql_dags, task_id=write_to_mysql, execution_date=20230323T003027, start_date=20230323T003529, end_date=20230323T003534
[2023-03-23T00:35:34.070+0000] {local_task_job.py:212} INFO - Task exited with return code 0
[2023-03-23T00:35:34.258+0000] {taskinstance.py:2585} INFO - 0 downstream tasks scheduled from follow-on schedule check
