[2023-03-22 02:57:27,221] {taskinstance.py:1179} INFO - Dependencies all met for <TaskInstance: download_stock.download_price scheduled__2023-03-22T02:52:25.916668+00:00 [queued]>
[2023-03-22 02:57:27,231] {taskinstance.py:1179} INFO - Dependencies all met for <TaskInstance: download_stock.download_price scheduled__2023-03-22T02:52:25.916668+00:00 [queued]>
[2023-03-22 02:57:27,232] {taskinstance.py:1376} INFO - 
--------------------------------------------------------------------------------
[2023-03-22 02:57:27,232] {taskinstance.py:1377} INFO - Starting attempt 1 of 2
[2023-03-22 02:57:27,233] {taskinstance.py:1378} INFO - 
--------------------------------------------------------------------------------
[2023-03-22 02:57:27,376] {taskinstance.py:1397} INFO - Executing <Task(PythonOperator): download_price> on 2023-03-22 02:52:25.916668+00:00
[2023-03-22 02:57:27,382] {standard_task_runner.py:52} INFO - Started process 426 to run task
[2023-03-22 02:57:27,387] {standard_task_runner.py:79} INFO - Running: ['***', 'tasks', 'run', 'download_stock', 'download_price', 'scheduled__2023-03-22T02:52:25.916668+00:00', '--job-id', '203', '--raw', '--subdir', 'DAGS_FOLDER/download_stock_price.py', '--cfg-path', '/tmp/tmpb4ndi6p0', '--error-file', '/tmp/tmplp4auwqn']
[2023-03-22 02:57:27,390] {standard_task_runner.py:80} INFO - Job 203: Subtask download_price
[2023-03-22 02:57:27,468] {task_command.py:371} INFO - Running <TaskInstance: download_stock.download_price scheduled__2023-03-22T02:52:25.916668+00:00 [running]> on host b83d0a86610b
[2023-03-22 02:57:27,538] {taskinstance.py:1591} INFO - Exporting the following env vars:
AIRFLOW_CTX_DAG_EMAIL=***@example.com
AIRFLOW_CTX_DAG_OWNER=***
AIRFLOW_CTX_DAG_ID=download_stock
AIRFLOW_CTX_TASK_ID=download_price
AIRFLOW_CTX_EXECUTION_DATE=2023-03-22T02:52:25.916668+00:00
AIRFLOW_CTX_TRY_NUMBER=1
AIRFLOW_CTX_DAG_RUN_ID=scheduled__2023-03-22T02:52:25.916668+00:00
[2023-03-22 02:57:27,547] {logging_mixin.py:115} INFO - None
[2023-03-22 02:57:28,635] {logging_mixin.py:115} INFO - Finished downloading IBM data.
[2023-03-22 02:57:29,670] {logging_mixin.py:115} INFO - Finished downloading GE data.
[2023-03-22 02:57:30,475] {logging_mixin.py:115} INFO - Finished downloading AAPL data.
[2023-03-22 02:57:31,469] {logging_mixin.py:115} INFO - Finished downloading MSFT data.
[2023-03-22 02:57:31,470] {python.py:173} INFO - Done. Returned value was: None
[2023-03-22 02:57:31,482] {taskinstance.py:1420} INFO - Marking task as SUCCESS. dag_id=download_stock, task_id=download_price, execution_date=20230322T025225, start_date=20230322T025727, end_date=20230322T025731
[2023-03-22 02:57:31,519] {local_task_job.py:156} INFO - Task exited with return code 0
[2023-03-22 02:57:31,562] {local_task_job.py:273} INFO - 0 downstream tasks scheduled from follow-on schedule check
