[2023-03-22 04:32:27,385] {taskinstance.py:1179} INFO - Dependencies all met for <TaskInstance: download_stock.download_price scheduled__2023-03-22T04:27:25.916668+00:00 [queued]>
[2023-03-22 04:32:27,393] {taskinstance.py:1179} INFO - Dependencies all met for <TaskInstance: download_stock.download_price scheduled__2023-03-22T04:27:25.916668+00:00 [queued]>
[2023-03-22 04:32:27,394] {taskinstance.py:1376} INFO - 
--------------------------------------------------------------------------------
[2023-03-22 04:32:27,394] {taskinstance.py:1377} INFO - Starting attempt 1 of 2
[2023-03-22 04:32:27,395] {taskinstance.py:1378} INFO - 
--------------------------------------------------------------------------------
[2023-03-22 04:32:27,408] {taskinstance.py:1397} INFO - Executing <Task(PythonOperator): download_price> on 2023-03-22 04:27:25.916668+00:00
[2023-03-22 04:32:27,413] {standard_task_runner.py:52} INFO - Started process 1322 to run task
[2023-03-22 04:32:27,417] {standard_task_runner.py:79} INFO - Running: ['***', 'tasks', 'run', 'download_stock', 'download_price', 'scheduled__2023-03-22T04:27:25.916668+00:00', '--job-id', '228', '--raw', '--subdir', 'DAGS_FOLDER/download_stock_price.py', '--cfg-path', '/tmp/tmph_t49bj1', '--error-file', '/tmp/tmpamlbcsbh']
[2023-03-22 04:32:27,419] {standard_task_runner.py:80} INFO - Job 228: Subtask download_price
[2023-03-22 04:32:27,487] {task_command.py:371} INFO - Running <TaskInstance: download_stock.download_price scheduled__2023-03-22T04:27:25.916668+00:00 [running]> on host f5fe9057b95b
[2023-03-22 04:32:27,559] {taskinstance.py:1591} INFO - Exporting the following env vars:
AIRFLOW_CTX_DAG_EMAIL=***@example.com
AIRFLOW_CTX_DAG_OWNER=***
AIRFLOW_CTX_DAG_ID=download_stock
AIRFLOW_CTX_TASK_ID=download_price
AIRFLOW_CTX_EXECUTION_DATE=2023-03-22T04:27:25.916668+00:00
AIRFLOW_CTX_TRY_NUMBER=1
AIRFLOW_CTX_DAG_RUN_ID=scheduled__2023-03-22T04:27:25.916668+00:00
[2023-03-22 04:32:27,568] {logging_mixin.py:115} INFO - None
[2023-03-22 04:32:28,895] {logging_mixin.py:115} INFO - Finished downloading IBM data.
[2023-03-22 04:32:30,002] {logging_mixin.py:115} INFO - Finished downloading GE data.
[2023-03-22 04:32:30,732] {logging_mixin.py:115} INFO - Finished downloading AAPL data.
[2023-03-22 04:32:31,395] {logging_mixin.py:115} INFO - Finished downloading MSFT data.
[2023-03-22 04:32:31,396] {python.py:173} INFO - Done. Returned value was: None
[2023-03-22 04:32:31,408] {taskinstance.py:1420} INFO - Marking task as SUCCESS. dag_id=download_stock, task_id=download_price, execution_date=20230322T042725, start_date=20230322T043227, end_date=20230322T043231
[2023-03-22 04:32:31,476] {local_task_job.py:156} INFO - Task exited with return code 0
[2023-03-22 04:32:31,522] {local_task_job.py:273} INFO - 0 downstream tasks scheduled from follow-on schedule check
