[2023-03-22T08:00:26.095+0000] {taskinstance.py:1084} INFO - Dependencies all met for dep_context=non-requeueable deps ti=<TaskInstance: sql_dags.write_to_mysql scheduled__2023-03-22T07:50:21.033809+00:00 [queued]>
[2023-03-22T08:00:26.105+0000] {taskinstance.py:1084} INFO - Dependencies all met for dep_context=requeueable deps ti=<TaskInstance: sql_dags.write_to_mysql scheduled__2023-03-22T07:50:21.033809+00:00 [queued]>
[2023-03-22T08:00:26.106+0000] {taskinstance.py:1282} INFO - 
--------------------------------------------------------------------------------
[2023-03-22T08:00:26.107+0000] {taskinstance.py:1283} INFO - Starting attempt 2 of 2
[2023-03-22T08:00:26.108+0000] {taskinstance.py:1284} INFO - 
--------------------------------------------------------------------------------
[2023-03-22T08:00:26.127+0000] {taskinstance.py:1303} INFO - Executing <Task(PythonOperator): write_to_mysql> on 2023-03-22 07:50:21.033809+00:00
[2023-03-22T08:00:26.134+0000] {standard_task_runner.py:55} INFO - Started process 1471 to run task
[2023-03-22T08:00:26.147+0000] {standard_task_runner.py:82} INFO - Running: ['***', 'tasks', 'run', 'sql_dags', 'write_to_mysql', 'scheduled__2023-03-22T07:50:21.033809+00:00', '--job-id', '425', '--raw', '--subdir', 'DAGS_FOLDER/sql_dags.py', '--cfg-path', '/tmp/tmp2z50iqny']
[2023-03-22T08:00:26.149+0000] {standard_task_runner.py:83} INFO - Job 425: Subtask write_to_mysql
[2023-03-22T08:00:26.439+0000] {task_command.py:388} INFO - Running <TaskInstance: sql_dags.write_to_mysql scheduled__2023-03-22T07:50:21.033809+00:00 [running]> on host aeff5136c067
[2023-03-22T08:00:26.519+0000] {taskinstance.py:1511} INFO - Exporting the following env vars:
AIRFLOW_CTX_DAG_EMAIL=***@example.com
AIRFLOW_CTX_DAG_OWNER=***
AIRFLOW_CTX_DAG_ID=sql_dags
AIRFLOW_CTX_TASK_ID=write_to_mysql
AIRFLOW_CTX_EXECUTION_DATE=2023-03-22T07:50:21.033809+00:00
AIRFLOW_CTX_TRY_NUMBER=2
AIRFLOW_CTX_DAG_RUN_ID=scheduled__2023-03-22T07:50:21.033809+00:00
[2023-03-22T08:00:27.100+0000] {logging_mixin.py:137} INFO - Index(['stock_name', 'open', 'high', 'low', 'close', 'volume', 'dividends',
       'stock splits'],
      dtype='object')
[2023-03-22T08:00:27.101+0000] {logging_mixin.py:137} INFO - Finished downloading IBM data.
[2023-03-22T08:00:27.699+0000] {logging_mixin.py:137} INFO - Index(['stock_name', 'open', 'high', 'low', 'close', 'volume', 'dividends',
       'stock splits'],
      dtype='object')
[2023-03-22T08:00:27.700+0000] {logging_mixin.py:137} INFO - Finished downloading GE data.
[2023-03-22T08:00:32.345+0000] {logging_mixin.py:137} INFO - Index(['stock_name', 'open', 'high', 'low', 'close', 'volume', 'dividends',
       'stock splits'],
      dtype='object')
[2023-03-22T08:00:32.346+0000] {logging_mixin.py:137} INFO - Finished downloading AAPL data.
[2023-03-22T08:00:34.053+0000] {logging_mixin.py:137} INFO - Index(['stock_name', 'open', 'high', 'low', 'close', 'volume', 'dividends',
       'stock splits'],
      dtype='object')
[2023-03-22T08:00:34.054+0000] {logging_mixin.py:137} INFO - Finished downloading MSFT data.
[2023-03-22T08:00:34.055+0000] {python.py:177} INFO - Done. Returned value was: None
[2023-03-22T08:00:34.065+0000] {taskinstance.py:1326} INFO - Marking task as SUCCESS. dag_id=sql_dags, task_id=write_to_mysql, execution_date=20230322T075021, start_date=20230322T080026, end_date=20230322T080034
[2023-03-22T08:00:34.106+0000] {local_task_job.py:212} INFO - Task exited with return code 0
[2023-03-22T08:00:34.127+0000] {taskinstance.py:2585} INFO - 0 downstream tasks scheduled from follow-on schedule check
