[2023-03-21 05:50:11,918] {taskinstance.py:1179} INFO - Dependencies all met for <TaskInstance: download_stock.download_price manual__2023-03-21T05:50:10.681493+00:00 [queued]>
[2023-03-21 05:50:11,927] {taskinstance.py:1179} INFO - Dependencies all met for <TaskInstance: download_stock.download_price manual__2023-03-21T05:50:10.681493+00:00 [queued]>
[2023-03-21 05:50:11,928] {taskinstance.py:1376} INFO - 
--------------------------------------------------------------------------------
[2023-03-21 05:50:11,928] {taskinstance.py:1377} INFO - Starting attempt 1 of 2
[2023-03-21 05:50:11,929] {taskinstance.py:1378} INFO - 
--------------------------------------------------------------------------------
[2023-03-21 05:50:11,942] {taskinstance.py:1397} INFO - Executing <Task(PythonOperator): download_price> on 2023-03-21 05:50:10.681493+00:00
[2023-03-21 05:50:11,948] {standard_task_runner.py:52} INFO - Started process 2345 to run task
[2023-03-21 05:50:11,952] {standard_task_runner.py:79} INFO - Running: ['***', 'tasks', 'run', 'download_stock', 'download_price', 'manual__2023-03-21T05:50:10.681493+00:00', '--job-id', '172', '--raw', '--subdir', 'DAGS_FOLDER/download_stock_price.py', '--cfg-path', '/tmp/tmp98r36c48', '--error-file', '/tmp/tmpk1rs3ta0']
[2023-03-21 05:50:11,954] {standard_task_runner.py:80} INFO - Job 172: Subtask download_price
[2023-03-21 05:50:12,027] {task_command.py:371} INFO - Running <TaskInstance: download_stock.download_price manual__2023-03-21T05:50:10.681493+00:00 [running]> on host 6b2dd5cdd356
[2023-03-21 05:50:12,099] {taskinstance.py:1591} INFO - Exporting the following env vars:
AIRFLOW_CTX_DAG_EMAIL=***@example.com
AIRFLOW_CTX_DAG_OWNER=***
AIRFLOW_CTX_DAG_ID=download_stock
AIRFLOW_CTX_TASK_ID=download_price
AIRFLOW_CTX_EXECUTION_DATE=2023-03-21T05:50:10.681493+00:00
AIRFLOW_CTX_TRY_NUMBER=1
AIRFLOW_CTX_DAG_RUN_ID=manual__2023-03-21T05:50:10.681493+00:00
[2023-03-21 05:50:12,109] {logging_mixin.py:115} INFO - None
[2023-03-21 05:50:13,424] {logging_mixin.py:115} INFO - Finished downloading IBM data.
[2023-03-21 05:50:14,662] {logging_mixin.py:115} INFO - Finished downloading GE data.
[2023-03-21 05:50:15,393] {logging_mixin.py:115} INFO - Finished downloading AAPL data.
[2023-03-21 05:50:16,126] {logging_mixin.py:115} INFO - Finished downloading MSFT data.
[2023-03-21 05:50:16,126] {python.py:173} INFO - Done. Returned value was: None
[2023-03-21 05:50:16,140] {taskinstance.py:1420} INFO - Marking task as SUCCESS. dag_id=download_stock, task_id=download_price, execution_date=20230321T055010, start_date=20230321T055011, end_date=20230321T055016
[2023-03-21 05:50:16,212] {local_task_job.py:156} INFO - Task exited with return code 0
[2023-03-21 05:50:16,249] {local_task_job.py:273} INFO - 0 downstream tasks scheduled from follow-on schedule check
