[2023-03-22 03:02:26,787] {taskinstance.py:1179} INFO - Dependencies all met for <TaskInstance: download_stock.download_price scheduled__2023-03-22T02:57:25.916668+00:00 [queued]>
[2023-03-22 03:02:26,796] {taskinstance.py:1179} INFO - Dependencies all met for <TaskInstance: download_stock.download_price scheduled__2023-03-22T02:57:25.916668+00:00 [queued]>
[2023-03-22 03:02:26,797] {taskinstance.py:1376} INFO - 
--------------------------------------------------------------------------------
[2023-03-22 03:02:26,798] {taskinstance.py:1377} INFO - Starting attempt 1 of 2
[2023-03-22 03:02:26,798] {taskinstance.py:1378} INFO - 
--------------------------------------------------------------------------------
[2023-03-22 03:02:26,811] {taskinstance.py:1397} INFO - Executing <Task(PythonOperator): download_price> on 2023-03-22 02:57:25.916668+00:00
[2023-03-22 03:02:26,817] {standard_task_runner.py:52} INFO - Started process 510 to run task
[2023-03-22 03:02:26,821] {standard_task_runner.py:79} INFO - Running: ['***', 'tasks', 'run', 'download_stock', 'download_price', 'scheduled__2023-03-22T02:57:25.916668+00:00', '--job-id', '204', '--raw', '--subdir', 'DAGS_FOLDER/download_stock_price.py', '--cfg-path', '/tmp/tmpr2uuzolg', '--error-file', '/tmp/tmp7h0yj0ja']
[2023-03-22 03:02:26,823] {standard_task_runner.py:80} INFO - Job 204: Subtask download_price
[2023-03-22 03:02:26,897] {task_command.py:371} INFO - Running <TaskInstance: download_stock.download_price scheduled__2023-03-22T02:57:25.916668+00:00 [running]> on host b83d0a86610b
[2023-03-22 03:02:26,968] {taskinstance.py:1591} INFO - Exporting the following env vars:
AIRFLOW_CTX_DAG_EMAIL=***@example.com
AIRFLOW_CTX_DAG_OWNER=***
AIRFLOW_CTX_DAG_ID=download_stock
AIRFLOW_CTX_TASK_ID=download_price
AIRFLOW_CTX_EXECUTION_DATE=2023-03-22T02:57:25.916668+00:00
AIRFLOW_CTX_TRY_NUMBER=1
AIRFLOW_CTX_DAG_RUN_ID=scheduled__2023-03-22T02:57:25.916668+00:00
[2023-03-22 03:02:26,978] {logging_mixin.py:115} INFO - None
[2023-03-22 03:02:28,419] {logging_mixin.py:115} INFO - Finished downloading IBM data.
[2023-03-22 03:02:29,717] {logging_mixin.py:115} INFO - Finished downloading GE data.
[2023-03-22 03:02:30,446] {logging_mixin.py:115} INFO - Finished downloading AAPL data.
[2023-03-22 03:02:31,293] {logging_mixin.py:115} INFO - Finished downloading MSFT data.
[2023-03-22 03:02:31,293] {python.py:173} INFO - Done. Returned value was: None
[2023-03-22 03:02:31,306] {taskinstance.py:1420} INFO - Marking task as SUCCESS. dag_id=download_stock, task_id=download_price, execution_date=20230322T025725, start_date=20230322T030226, end_date=20230322T030231
[2023-03-22 03:02:31,352] {local_task_job.py:156} INFO - Task exited with return code 0
[2023-03-22 03:02:31,385] {local_task_job.py:273} INFO - 0 downstream tasks scheduled from follow-on schedule check
