[2023-03-21 03:07:41,817] {taskinstance.py:1179} INFO - Dependencies all met for <TaskInstance: download_stock.download_price scheduled__2023-03-21T03:02:40.470172+00:00 [queued]>
[2023-03-21 03:07:41,825] {taskinstance.py:1179} INFO - Dependencies all met for <TaskInstance: download_stock.download_price scheduled__2023-03-21T03:02:40.470172+00:00 [queued]>
[2023-03-21 03:07:41,825] {taskinstance.py:1376} INFO - 
--------------------------------------------------------------------------------
[2023-03-21 03:07:41,826] {taskinstance.py:1377} INFO - Starting attempt 1 of 2
[2023-03-21 03:07:41,826] {taskinstance.py:1378} INFO - 
--------------------------------------------------------------------------------
[2023-03-21 03:07:41,838] {taskinstance.py:1397} INFO - Executing <Task(PythonOperator): download_price> on 2023-03-21 03:02:40.470172+00:00
[2023-03-21 03:07:41,843] {standard_task_runner.py:52} INFO - Started process 788 to run task
[2023-03-21 03:07:41,846] {standard_task_runner.py:79} INFO - Running: ['***', 'tasks', 'run', 'download_stock', 'download_price', 'scheduled__2023-03-21T03:02:40.470172+00:00', '--job-id', '90', '--raw', '--subdir', 'DAGS_FOLDER/download_stock_price.py', '--cfg-path', '/tmp/tmpdip4o84u', '--error-file', '/tmp/tmpaikuy0_4']
[2023-03-21 03:07:41,848] {standard_task_runner.py:80} INFO - Job 90: Subtask download_price
[2023-03-21 03:07:41,918] {task_command.py:371} INFO - Running <TaskInstance: download_stock.download_price scheduled__2023-03-21T03:02:40.470172+00:00 [running]> on host 6b2dd5cdd356
[2023-03-21 03:07:41,982] {taskinstance.py:1591} INFO - Exporting the following env vars:
AIRFLOW_CTX_DAG_EMAIL=***@example.com
AIRFLOW_CTX_DAG_OWNER=***
AIRFLOW_CTX_DAG_ID=download_stock
AIRFLOW_CTX_TASK_ID=download_price
AIRFLOW_CTX_EXECUTION_DATE=2023-03-21T03:02:40.470172+00:00
AIRFLOW_CTX_TRY_NUMBER=1
AIRFLOW_CTX_DAG_RUN_ID=scheduled__2023-03-21T03:02:40.470172+00:00
[2023-03-21 03:07:42,636] {logging_mixin.py:115} INFO - <class 'pandas.core.frame.DataFrame'>
[2023-03-21 03:07:42,637] {logging_mixin.py:115} INFO - (9330, 7)
[2023-03-21 03:07:42,638] {python.py:173} INFO - Done. Returned value was: None
[2023-03-21 03:07:42,662] {taskinstance.py:1420} INFO - Marking task as SUCCESS. dag_id=download_stock, task_id=download_price, execution_date=20230321T030240, start_date=20230321T030741, end_date=20230321T030742
[2023-03-21 03:07:42,720] {local_task_job.py:156} INFO - Task exited with return code 0
[2023-03-21 03:07:42,750] {local_task_job.py:273} INFO - 0 downstream tasks scheduled from follow-on schedule check
