[2023-03-22 06:29:51,077] {taskinstance.py:1179} INFO - Dependencies all met for <TaskInstance: download_stock.download_price scheduled__2023-03-22T06:24:41.779399+00:00 [queued]>
[2023-03-22 06:29:51,088] {taskinstance.py:1179} INFO - Dependencies all met for <TaskInstance: download_stock.download_price scheduled__2023-03-22T06:24:41.779399+00:00 [queued]>
[2023-03-22 06:29:51,089] {taskinstance.py:1376} INFO - 
--------------------------------------------------------------------------------
[2023-03-22 06:29:51,090] {taskinstance.py:1377} INFO - Starting attempt 1 of 2
[2023-03-22 06:29:51,091] {taskinstance.py:1378} INFO - 
--------------------------------------------------------------------------------
[2023-03-22 06:29:51,108] {taskinstance.py:1397} INFO - Executing <Task(PythonOperator): download_price> on 2023-03-22 06:24:41.779399+00:00
[2023-03-22 06:29:51,115] {standard_task_runner.py:52} INFO - Started process 58 to run task
[2023-03-22 06:29:51,123] {standard_task_runner.py:79} INFO - Running: ['***', 'tasks', 'run', 'download_stock', 'download_price', 'scheduled__2023-03-22T06:24:41.779399+00:00', '--job-id', '282', '--raw', '--subdir', 'DAGS_FOLDER/download_stock_price.py', '--cfg-path', '/tmp/tmp8ieszj50', '--error-file', '/tmp/tmp1qvpsm6b']
[2023-03-22 06:29:51,126] {standard_task_runner.py:80} INFO - Job 282: Subtask download_price
[2023-03-22 06:29:51,217] {task_command.py:371} INFO - Running <TaskInstance: download_stock.download_price scheduled__2023-03-22T06:24:41.779399+00:00 [running]> on host 92d03027b2df
[2023-03-22 06:29:51,362] {taskinstance.py:1591} INFO - Exporting the following env vars:
AIRFLOW_CTX_DAG_EMAIL=***@example.com
AIRFLOW_CTX_DAG_OWNER=***
AIRFLOW_CTX_DAG_ID=download_stock
AIRFLOW_CTX_TASK_ID=download_price
AIRFLOW_CTX_EXECUTION_DATE=2023-03-22T06:24:41.779399+00:00
AIRFLOW_CTX_TRY_NUMBER=1
AIRFLOW_CTX_DAG_RUN_ID=scheduled__2023-03-22T06:24:41.779399+00:00
[2023-03-22 06:29:51,760] {logging_mixin.py:115} INFO - None
[2023-03-22 06:29:53,035] {logging_mixin.py:115} INFO - Finished downloading IBM data.
[2023-03-22 06:29:54,208] {logging_mixin.py:115} INFO - Finished downloading GE data.
[2023-03-22 06:29:55,151] {logging_mixin.py:115} INFO - Finished downloading AAPL data.
[2023-03-22 06:29:55,952] {logging_mixin.py:115} INFO - Finished downloading MSFT data.
[2023-03-22 06:29:55,953] {python.py:173} INFO - Done. Returned value was: None
[2023-03-22 06:29:55,967] {taskinstance.py:1420} INFO - Marking task as SUCCESS. dag_id=download_stock, task_id=download_price, execution_date=20230322T062441, start_date=20230322T062951, end_date=20230322T062955
[2023-03-22 06:29:56,020] {local_task_job.py:156} INFO - Task exited with return code 0
[2023-03-22 06:29:56,055] {local_task_job.py:273} INFO - 0 downstream tasks scheduled from follow-on schedule check
