[2023-03-21 05:50:56,791] {taskinstance.py:1179} INFO - Dependencies all met for <TaskInstance: download_stock.download_price manual__2023-03-21T05:50:55.684560+00:00 [queued]>
[2023-03-21 05:50:56,800] {taskinstance.py:1179} INFO - Dependencies all met for <TaskInstance: download_stock.download_price manual__2023-03-21T05:50:55.684560+00:00 [queued]>
[2023-03-21 05:50:56,801] {taskinstance.py:1376} INFO - 
--------------------------------------------------------------------------------
[2023-03-21 05:50:56,801] {taskinstance.py:1377} INFO - Starting attempt 1 of 2
[2023-03-21 05:50:56,802] {taskinstance.py:1378} INFO - 
--------------------------------------------------------------------------------
[2023-03-21 05:50:56,814] {taskinstance.py:1397} INFO - Executing <Task(PythonOperator): download_price> on 2023-03-21 05:50:55.684560+00:00
[2023-03-21 05:50:56,819] {standard_task_runner.py:52} INFO - Started process 2366 to run task
[2023-03-21 05:50:56,823] {standard_task_runner.py:79} INFO - Running: ['***', 'tasks', 'run', 'download_stock', 'download_price', 'manual__2023-03-21T05:50:55.684560+00:00', '--job-id', '173', '--raw', '--subdir', 'DAGS_FOLDER/download_stock_price.py', '--cfg-path', '/tmp/tmpn0cfti_u', '--error-file', '/tmp/tmpw6w10jh7']
[2023-03-21 05:50:56,825] {standard_task_runner.py:80} INFO - Job 173: Subtask download_price
[2023-03-21 05:50:56,892] {task_command.py:371} INFO - Running <TaskInstance: download_stock.download_price manual__2023-03-21T05:50:55.684560+00:00 [running]> on host 6b2dd5cdd356
[2023-03-21 05:50:56,963] {taskinstance.py:1591} INFO - Exporting the following env vars:
AIRFLOW_CTX_DAG_EMAIL=***@example.com
AIRFLOW_CTX_DAG_OWNER=***
AIRFLOW_CTX_DAG_ID=download_stock
AIRFLOW_CTX_TASK_ID=download_price
AIRFLOW_CTX_EXECUTION_DATE=2023-03-21T05:50:55.684560+00:00
AIRFLOW_CTX_TRY_NUMBER=1
AIRFLOW_CTX_DAG_RUN_ID=manual__2023-03-21T05:50:55.684560+00:00
[2023-03-21 05:50:56,974] {logging_mixin.py:115} INFO - None
[2023-03-21 05:50:58,194] {logging_mixin.py:115} INFO - Finished downloading IBM data.
[2023-03-21 05:50:59,118] {logging_mixin.py:115} INFO - Finished downloading GE data.
[2023-03-21 05:50:59,780] {logging_mixin.py:115} INFO - Finished downloading AAPL data.
[2023-03-21 05:51:00,460] {logging_mixin.py:115} INFO - Finished downloading MSFT data.
[2023-03-21 05:51:00,461] {python.py:173} INFO - Done. Returned value was: None
[2023-03-21 05:51:00,476] {taskinstance.py:1420} INFO - Marking task as SUCCESS. dag_id=download_stock, task_id=download_price, execution_date=20230321T055055, start_date=20230321T055056, end_date=20230321T055100
[2023-03-21 05:51:00,536] {local_task_job.py:156} INFO - Task exited with return code 0
[2023-03-21 05:51:00,570] {local_task_job.py:273} INFO - 0 downstream tasks scheduled from follow-on schedule check
