[2023-03-22T07:47:22.842+0000] {taskinstance.py:1084} INFO - Dependencies all met for dep_context=non-requeueable deps ti=<TaskInstance: sql_dags.load_from_mysql scheduled__2023-03-22T07:37:18.863324+00:00 [queued]>
[2023-03-22T07:47:22.866+0000] {taskinstance.py:1084} INFO - Dependencies all met for dep_context=requeueable deps ti=<TaskInstance: sql_dags.load_from_mysql scheduled__2023-03-22T07:37:18.863324+00:00 [queued]>
[2023-03-22T07:47:22.867+0000] {taskinstance.py:1282} INFO - 
--------------------------------------------------------------------------------
[2023-03-22T07:47:22.868+0000] {taskinstance.py:1283} INFO - Starting attempt 2 of 2
[2023-03-22T07:47:22.869+0000] {taskinstance.py:1284} INFO - 
--------------------------------------------------------------------------------
[2023-03-22T07:47:22.894+0000] {taskinstance.py:1303} INFO - Executing <Task(PythonOperator): load_from_mysql> on 2023-03-22 07:37:18.863324+00:00
[2023-03-22T07:47:22.906+0000] {standard_task_runner.py:55} INFO - Started process 1062 to run task
[2023-03-22T07:47:22.914+0000] {standard_task_runner.py:82} INFO - Running: ['***', 'tasks', 'run', 'sql_dags', 'load_from_mysql', 'scheduled__2023-03-22T07:37:18.863324+00:00', '--job-id', '401', '--raw', '--subdir', 'DAGS_FOLDER/sql_dags.py', '--cfg-path', '/tmp/tmpjzg_xcmo']
[2023-03-22T07:47:22.915+0000] {standard_task_runner.py:83} INFO - Job 401: Subtask load_from_mysql
[2023-03-22T07:47:23.306+0000] {task_command.py:388} INFO - Running <TaskInstance: sql_dags.load_from_mysql scheduled__2023-03-22T07:37:18.863324+00:00 [running]> on host aeff5136c067
[2023-03-22T07:47:23.452+0000] {taskinstance.py:1511} INFO - Exporting the following env vars:
AIRFLOW_CTX_DAG_EMAIL=***@example.com
AIRFLOW_CTX_DAG_OWNER=***
AIRFLOW_CTX_DAG_ID=sql_dags
AIRFLOW_CTX_TASK_ID=load_from_mysql
AIRFLOW_CTX_EXECUTION_DATE=2023-03-22T07:37:18.863324+00:00
AIRFLOW_CTX_TRY_NUMBER=2
AIRFLOW_CTX_DAG_RUN_ID=scheduled__2023-03-22T07:37:18.863324+00:00
[2023-03-22T07:47:23.489+0000] {logging_mixin.py:137} INFO - Empty DataFrame
Columns: [stock_name, open, high, low, close, volume, dividends, stock, splits]
Index: []
[2023-03-22T07:47:23.490+0000] {python.py:177} INFO - Done. Returned value was: None
[2023-03-22T07:47:23.501+0000] {taskinstance.py:1326} INFO - Marking task as SUCCESS. dag_id=sql_dags, task_id=load_from_mysql, execution_date=20230322T073718, start_date=20230322T074722, end_date=20230322T074723
[2023-03-22T07:47:23.570+0000] {local_task_job.py:212} INFO - Task exited with return code 0
[2023-03-22T07:47:23.750+0000] {taskinstance.py:2585} INFO - 0 downstream tasks scheduled from follow-on schedule check
