[2023-03-22T07:58:39.809+0000] {taskinstance.py:1084} INFO - Dependencies all met for dep_context=non-requeueable deps ti=<TaskInstance: sql_dags.write_to_mysql scheduled__2023-03-22T07:53:38.488645+00:00 [queued]>
[2023-03-22T07:58:39.820+0000] {taskinstance.py:1084} INFO - Dependencies all met for dep_context=requeueable deps ti=<TaskInstance: sql_dags.write_to_mysql scheduled__2023-03-22T07:53:38.488645+00:00 [queued]>
[2023-03-22T07:58:39.821+0000] {taskinstance.py:1282} INFO - 
--------------------------------------------------------------------------------
[2023-03-22T07:58:39.822+0000] {taskinstance.py:1283} INFO - Starting attempt 1 of 2
[2023-03-22T07:58:39.822+0000] {taskinstance.py:1284} INFO - 
--------------------------------------------------------------------------------
[2023-03-22T07:58:39.838+0000] {taskinstance.py:1303} INFO - Executing <Task(PythonOperator): write_to_mysql> on 2023-03-22 07:53:38.488645+00:00
[2023-03-22T07:58:39.845+0000] {standard_task_runner.py:55} INFO - Started process 1417 to run task
[2023-03-22T07:58:39.850+0000] {standard_task_runner.py:82} INFO - Running: ['***', 'tasks', 'run', 'sql_dags', 'write_to_mysql', 'scheduled__2023-03-22T07:53:38.488645+00:00', '--job-id', '421', '--raw', '--subdir', 'DAGS_FOLDER/sql_dags.py', '--cfg-path', '/tmp/tmp8cy614xd']
[2023-03-22T07:58:39.851+0000] {standard_task_runner.py:83} INFO - Job 421: Subtask write_to_mysql
[2023-03-22T07:58:40.137+0000] {task_command.py:388} INFO - Running <TaskInstance: sql_dags.write_to_mysql scheduled__2023-03-22T07:53:38.488645+00:00 [running]> on host aeff5136c067
[2023-03-22T07:58:40.216+0000] {taskinstance.py:1511} INFO - Exporting the following env vars:
AIRFLOW_CTX_DAG_EMAIL=***@example.com
AIRFLOW_CTX_DAG_OWNER=***
AIRFLOW_CTX_DAG_ID=sql_dags
AIRFLOW_CTX_TASK_ID=write_to_mysql
AIRFLOW_CTX_EXECUTION_DATE=2023-03-22T07:53:38.488645+00:00
AIRFLOW_CTX_TRY_NUMBER=1
AIRFLOW_CTX_DAG_RUN_ID=scheduled__2023-03-22T07:53:38.488645+00:00
[2023-03-22T07:58:40.962+0000] {logging_mixin.py:137} INFO - DatetimeIndex(['1962-01-02 00:00:00-05:00', '1962-01-03 00:00:00-05:00',
               '1962-01-04 00:00:00-05:00', '1962-01-05 00:00:00-05:00',
               '1962-01-08 00:00:00-05:00', '1962-01-09 00:00:00-05:00',
               '1962-01-10 00:00:00-05:00', '1962-01-11 00:00:00-05:00',
               '1962-01-12 00:00:00-05:00', '1962-01-15 00:00:00-05:00',
               ...
               '2023-03-08 00:00:00-05:00', '2023-03-09 00:00:00-05:00',
               '2023-03-10 00:00:00-05:00', '2023-03-13 00:00:00-04:00',
               '2023-03-14 00:00:00-04:00', '2023-03-15 00:00:00-04:00',
               '2023-03-16 00:00:00-04:00', '2023-03-17 00:00:00-04:00',
               '2023-03-20 00:00:00-04:00', '2023-03-21 00:00:00-04:00'],
              dtype='datetime64[ns, America/New_York]', name='Date', length=15410, freq=None)
[2023-03-22T07:58:40.964+0000] {logging_mixin.py:137} INFO - Finished downloading IBM data.
[2023-03-22T07:58:41.690+0000] {logging_mixin.py:137} INFO - DatetimeIndex(['1962-01-02 00:00:00-05:00', '1962-01-03 00:00:00-05:00',
               '1962-01-04 00:00:00-05:00', '1962-01-05 00:00:00-05:00',
               '1962-01-08 00:00:00-05:00', '1962-01-09 00:00:00-05:00',
               '1962-01-10 00:00:00-05:00', '1962-01-11 00:00:00-05:00',
               '1962-01-12 00:00:00-05:00', '1962-01-15 00:00:00-05:00',
               ...
               '2023-03-08 00:00:00-05:00', '2023-03-09 00:00:00-05:00',
               '2023-03-10 00:00:00-05:00', '2023-03-13 00:00:00-04:00',
               '2023-03-14 00:00:00-04:00', '2023-03-15 00:00:00-04:00',
               '2023-03-16 00:00:00-04:00', '2023-03-17 00:00:00-04:00',
               '2023-03-20 00:00:00-04:00', '2023-03-21 00:00:00-04:00'],
              dtype='datetime64[ns, America/New_York]', name='Date', length=15410, freq=None)
[2023-03-22T07:58:41.692+0000] {logging_mixin.py:137} INFO - Finished downloading GE data.
[2023-03-22T07:58:42.189+0000] {logging_mixin.py:137} INFO - DatetimeIndex(['1980-12-12 00:00:00-05:00', '1980-12-15 00:00:00-05:00',
               '1980-12-16 00:00:00-05:00', '1980-12-17 00:00:00-05:00',
               '1980-12-18 00:00:00-05:00', '1980-12-19 00:00:00-05:00',
               '1980-12-22 00:00:00-05:00', '1980-12-23 00:00:00-05:00',
               '1980-12-24 00:00:00-05:00', '1980-12-26 00:00:00-05:00',
               ...
               '2023-03-08 00:00:00-05:00', '2023-03-09 00:00:00-05:00',
               '2023-03-10 00:00:00-05:00', '2023-03-13 00:00:00-04:00',
               '2023-03-14 00:00:00-04:00', '2023-03-15 00:00:00-04:00',
               '2023-03-16 00:00:00-04:00', '2023-03-17 00:00:00-04:00',
               '2023-03-20 00:00:00-04:00', '2023-03-21 00:00:00-04:00'],
              dtype='datetime64[ns, America/New_York]', name='Date', length=10657, freq=None)
[2023-03-22T07:58:42.190+0000] {logging_mixin.py:137} INFO - Finished downloading AAPL data.
[2023-03-22T07:58:42.651+0000] {logging_mixin.py:137} INFO - DatetimeIndex(['1986-03-13 00:00:00-05:00', '1986-03-14 00:00:00-05:00',
               '1986-03-17 00:00:00-05:00', '1986-03-18 00:00:00-05:00',
               '1986-03-19 00:00:00-05:00', '1986-03-20 00:00:00-05:00',
               '1986-03-21 00:00:00-05:00', '1986-03-24 00:00:00-05:00',
               '1986-03-25 00:00:00-05:00', '1986-03-26 00:00:00-05:00',
               ...
               '2023-03-08 00:00:00-05:00', '2023-03-09 00:00:00-05:00',
               '2023-03-10 00:00:00-05:00', '2023-03-13 00:00:00-04:00',
               '2023-03-14 00:00:00-04:00', '2023-03-15 00:00:00-04:00',
               '2023-03-16 00:00:00-04:00', '2023-03-17 00:00:00-04:00',
               '2023-03-20 00:00:00-04:00', '2023-03-21 00:00:00-04:00'],
              dtype='datetime64[ns, America/New_York]', name='Date', length=9331, freq=None)
[2023-03-22T07:58:42.652+0000] {logging_mixin.py:137} INFO - Finished downloading MSFT data.
[2023-03-22T07:58:42.653+0000] {python.py:177} INFO - Done. Returned value was: None
[2023-03-22T07:58:42.670+0000] {taskinstance.py:1326} INFO - Marking task as SUCCESS. dag_id=sql_dags, task_id=write_to_mysql, execution_date=20230322T075338, start_date=20230322T075839, end_date=20230322T075842
[2023-03-22T07:58:42.763+0000] {local_task_job.py:212} INFO - Task exited with return code 0
[2023-03-22T07:58:42.944+0000] {taskinstance.py:2585} INFO - 0 downstream tasks scheduled from follow-on schedule check
