[2023-03-22T08:00:43.177+0000] {taskinstance.py:1084} INFO - Dependencies all met for dep_context=non-requeueable deps ti=<TaskInstance: sql_dags.write_to_mysql manual__2023-03-22T07:55:39.456561+00:00 [queued]>
[2023-03-22T08:00:43.186+0000] {taskinstance.py:1084} INFO - Dependencies all met for dep_context=requeueable deps ti=<TaskInstance: sql_dags.write_to_mysql manual__2023-03-22T07:55:39.456561+00:00 [queued]>
[2023-03-22T08:00:43.187+0000] {taskinstance.py:1282} INFO - 
--------------------------------------------------------------------------------
[2023-03-22T08:00:43.187+0000] {taskinstance.py:1283} INFO - Starting attempt 2 of 2
[2023-03-22T08:00:43.188+0000] {taskinstance.py:1284} INFO - 
--------------------------------------------------------------------------------
[2023-03-22T08:00:43.202+0000] {taskinstance.py:1303} INFO - Executing <Task(PythonOperator): write_to_mysql> on 2023-03-22 07:55:39.456561+00:00
[2023-03-22T08:00:43.208+0000] {standard_task_runner.py:55} INFO - Started process 1488 to run task
[2023-03-22T08:00:43.213+0000] {standard_task_runner.py:82} INFO - Running: ['***', 'tasks', 'run', 'sql_dags', 'write_to_mysql', 'manual__2023-03-22T07:55:39.456561+00:00', '--job-id', '426', '--raw', '--subdir', 'DAGS_FOLDER/sql_dags.py', '--cfg-path', '/tmp/tmpuhbzkjd4']
[2023-03-22T08:00:43.214+0000] {standard_task_runner.py:83} INFO - Job 426: Subtask write_to_mysql
[2023-03-22T08:00:43.468+0000] {task_command.py:388} INFO - Running <TaskInstance: sql_dags.write_to_mysql manual__2023-03-22T07:55:39.456561+00:00 [running]> on host aeff5136c067
[2023-03-22T08:00:43.549+0000] {taskinstance.py:1511} INFO - Exporting the following env vars:
AIRFLOW_CTX_DAG_EMAIL=***@example.com
AIRFLOW_CTX_DAG_OWNER=***
AIRFLOW_CTX_DAG_ID=sql_dags
AIRFLOW_CTX_TASK_ID=write_to_mysql
AIRFLOW_CTX_EXECUTION_DATE=2023-03-22T07:55:39.456561+00:00
AIRFLOW_CTX_TRY_NUMBER=2
AIRFLOW_CTX_DAG_RUN_ID=manual__2023-03-22T07:55:39.456561+00:00
[2023-03-22T08:00:44.317+0000] {logging_mixin.py:137} INFO - Index(['stock_name', 'open', 'high', 'low', 'close', 'volume', 'dividends',
       'stock splits'],
      dtype='object')
[2023-03-22T08:00:44.318+0000] {logging_mixin.py:137} INFO - Finished downloading IBM data.
[2023-03-22T08:00:44.956+0000] {logging_mixin.py:137} INFO - Index(['stock_name', 'open', 'high', 'low', 'close', 'volume', 'dividends',
       'stock splits'],
      dtype='object')
[2023-03-22T08:00:44.957+0000] {logging_mixin.py:137} INFO - Finished downloading GE data.
[2023-03-22T08:00:45.361+0000] {logging_mixin.py:137} INFO - Index(['stock_name', 'open', 'high', 'low', 'close', 'volume', 'dividends',
       'stock splits'],
      dtype='object')
[2023-03-22T08:00:45.363+0000] {logging_mixin.py:137} INFO - Finished downloading AAPL data.
[2023-03-22T08:00:45.911+0000] {logging_mixin.py:137} INFO - Index(['stock_name', 'open', 'high', 'low', 'close', 'volume', 'dividends',
       'stock splits'],
      dtype='object')
[2023-03-22T08:00:45.912+0000] {logging_mixin.py:137} INFO - Finished downloading MSFT data.
[2023-03-22T08:00:45.913+0000] {python.py:177} INFO - Done. Returned value was: None
[2023-03-22T08:00:45.923+0000] {taskinstance.py:1326} INFO - Marking task as SUCCESS. dag_id=sql_dags, task_id=write_to_mysql, execution_date=20230322T075539, start_date=20230322T080043, end_date=20230322T080045
[2023-03-22T08:00:45.984+0000] {local_task_job.py:212} INFO - Task exited with return code 0
[2023-03-22T08:00:46.165+0000] {taskinstance.py:2585} INFO - 0 downstream tasks scheduled from follow-on schedule check
