[2023-03-21 05:34:48,537] {taskinstance.py:1179} INFO - Dependencies all met for <TaskInstance: download_stock.download_price scheduled__2023-03-21T05:29:47.336204+00:00 [queued]>
[2023-03-21 05:34:48,548] {taskinstance.py:1179} INFO - Dependencies all met for <TaskInstance: download_stock.download_price scheduled__2023-03-21T05:29:47.336204+00:00 [queued]>
[2023-03-21 05:34:48,549] {taskinstance.py:1376} INFO - 
--------------------------------------------------------------------------------
[2023-03-21 05:34:48,550] {taskinstance.py:1377} INFO - Starting attempt 1 of 2
[2023-03-21 05:34:48,550] {taskinstance.py:1378} INFO - 
--------------------------------------------------------------------------------
[2023-03-21 05:34:48,565] {taskinstance.py:1397} INFO - Executing <Task(PythonOperator): download_price> on 2023-03-21 05:29:47.336204+00:00
[2023-03-21 05:34:48,571] {standard_task_runner.py:52} INFO - Started process 2060 to run task
[2023-03-21 05:34:48,575] {standard_task_runner.py:79} INFO - Running: ['***', 'tasks', 'run', 'download_stock', 'download_price', 'scheduled__2023-03-21T05:29:47.336204+00:00', '--job-id', '164', '--raw', '--subdir', 'DAGS_FOLDER/download_stock_price.py', '--cfg-path', '/tmp/tmpnsrykc7o', '--error-file', '/tmp/tmp06prqaoi']
[2023-03-21 05:34:48,577] {standard_task_runner.py:80} INFO - Job 164: Subtask download_price
[2023-03-21 05:34:48,657] {task_command.py:371} INFO - Running <TaskInstance: download_stock.download_price scheduled__2023-03-21T05:29:47.336204+00:00 [running]> on host 6b2dd5cdd356
[2023-03-21 05:34:48,743] {taskinstance.py:1591} INFO - Exporting the following env vars:
AIRFLOW_CTX_DAG_EMAIL=***@example.com
AIRFLOW_CTX_DAG_OWNER=***
AIRFLOW_CTX_DAG_ID=download_stock
AIRFLOW_CTX_TASK_ID=download_price
AIRFLOW_CTX_EXECUTION_DATE=2023-03-21T05:29:47.336204+00:00
AIRFLOW_CTX_TRY_NUMBER=1
AIRFLOW_CTX_DAG_RUN_ID=scheduled__2023-03-21T05:29:47.336204+00:00
[2023-03-21 05:34:49,369] {logging_mixin.py:115} INFO - <class 'pandas.core.frame.DataFrame'>
[2023-03-21 05:34:49,369] {logging_mixin.py:115} INFO - (9330, 7)
[2023-03-21 05:34:49,370] {logging_mixin.py:115} INFO - /opt/***
[2023-03-21 05:34:49,604] {logging_mixin.py:115} INFO - Finished downloading MSFT data.
[2023-03-21 05:34:49,605] {python.py:173} INFO - Done. Returned value was: None
[2023-03-21 05:34:49,618] {taskinstance.py:1420} INFO - Marking task as SUCCESS. dag_id=download_stock, task_id=download_price, execution_date=20230321T052947, start_date=20230321T053448, end_date=20230321T053449
[2023-03-21 05:34:49,676] {local_task_job.py:156} INFO - Task exited with return code 0
[2023-03-21 05:34:49,713] {local_task_job.py:273} INFO - 0 downstream tasks scheduled from follow-on schedule check
