[2023-03-21 02:37:42,003] {taskinstance.py:1179} INFO - Dependencies all met for <TaskInstance: download_stock.download_price scheduled__2023-03-21T02:32:40.470172+00:00 [queued]>
[2023-03-21 02:37:42,018] {taskinstance.py:1179} INFO - Dependencies all met for <TaskInstance: download_stock.download_price scheduled__2023-03-21T02:32:40.470172+00:00 [queued]>
[2023-03-21 02:37:42,018] {taskinstance.py:1376} INFO - 
--------------------------------------------------------------------------------
[2023-03-21 02:37:42,019] {taskinstance.py:1377} INFO - Starting attempt 1 of 2
[2023-03-21 02:37:42,020] {taskinstance.py:1378} INFO - 
--------------------------------------------------------------------------------
[2023-03-21 02:37:42,169] {taskinstance.py:1397} INFO - Executing <Task(PythonOperator): download_price> on 2023-03-21 02:32:40.470172+00:00
[2023-03-21 02:37:42,176] {standard_task_runner.py:52} INFO - Started process 257 to run task
[2023-03-21 02:37:42,181] {standard_task_runner.py:79} INFO - Running: ['***', 'tasks', 'run', 'download_stock', 'download_price', 'scheduled__2023-03-21T02:32:40.470172+00:00', '--job-id', '84', '--raw', '--subdir', 'DAGS_FOLDER/download_stock_price.py', '--cfg-path', '/tmp/tmpiv3krb9g', '--error-file', '/tmp/tmp29_t8qtn']
[2023-03-21 02:37:42,184] {standard_task_runner.py:80} INFO - Job 84: Subtask download_price
[2023-03-21 02:37:42,267] {task_command.py:371} INFO - Running <TaskInstance: download_stock.download_price scheduled__2023-03-21T02:32:40.470172+00:00 [running]> on host 6b2dd5cdd356
[2023-03-21 02:37:42,354] {taskinstance.py:1591} INFO - Exporting the following env vars:
AIRFLOW_CTX_DAG_EMAIL=***@example.com
AIRFLOW_CTX_DAG_OWNER=***
AIRFLOW_CTX_DAG_ID=download_stock
AIRFLOW_CTX_TASK_ID=download_price
AIRFLOW_CTX_EXECUTION_DATE=2023-03-21T02:32:40.470172+00:00
AIRFLOW_CTX_TRY_NUMBER=1
AIRFLOW_CTX_DAG_RUN_ID=scheduled__2023-03-21T02:32:40.470172+00:00
[2023-03-21 02:37:42,821] {logging_mixin.py:115} INFO - <class 'pandas.core.frame.DataFrame'>
[2023-03-21 02:37:42,822] {logging_mixin.py:115} INFO - (9330, 7)
[2023-03-21 02:37:42,822] {python.py:173} INFO - Done. Returned value was: None
[2023-03-21 02:37:42,834] {taskinstance.py:1420} INFO - Marking task as SUCCESS. dag_id=download_stock, task_id=download_price, execution_date=20230321T023240, start_date=20230321T023742, end_date=20230321T023742
[2023-03-21 02:37:42,883] {local_task_job.py:156} INFO - Task exited with return code 0
[2023-03-21 02:37:42,917] {local_task_job.py:273} INFO - 0 downstream tasks scheduled from follow-on schedule check
