[2023-03-22T07:42:52.947+0000] {taskinstance.py:1084} INFO - Dependencies all met for dep_context=non-requeueable deps ti=<TaskInstance: sql_dags.load_from_mysql scheduled__2023-03-22T07:37:50.825987+00:00 [queued]>
[2023-03-22T07:42:52.956+0000] {taskinstance.py:1084} INFO - Dependencies all met for dep_context=requeueable deps ti=<TaskInstance: sql_dags.load_from_mysql scheduled__2023-03-22T07:37:50.825987+00:00 [queued]>
[2023-03-22T07:42:52.957+0000] {taskinstance.py:1282} INFO - 
--------------------------------------------------------------------------------
[2023-03-22T07:42:52.958+0000] {taskinstance.py:1283} INFO - Starting attempt 1 of 2
[2023-03-22T07:42:52.958+0000] {taskinstance.py:1284} INFO - 
--------------------------------------------------------------------------------
[2023-03-22T07:42:52.973+0000] {taskinstance.py:1303} INFO - Executing <Task(PythonOperator): load_from_mysql> on 2023-03-22 07:37:50.825987+00:00
[2023-03-22T07:42:52.979+0000] {standard_task_runner.py:55} INFO - Started process 920 to run task
[2023-03-22T07:42:52.983+0000] {standard_task_runner.py:82} INFO - Running: ['***', 'tasks', 'run', 'sql_dags', 'load_from_mysql', 'scheduled__2023-03-22T07:37:50.825987+00:00', '--job-id', '391', '--raw', '--subdir', 'DAGS_FOLDER/sql_dags.py', '--cfg-path', '/tmp/tmpn0xtm086']
[2023-03-22T07:42:52.984+0000] {standard_task_runner.py:83} INFO - Job 391: Subtask load_from_mysql
[2023-03-22T07:42:53.250+0000] {task_command.py:388} INFO - Running <TaskInstance: sql_dags.load_from_mysql scheduled__2023-03-22T07:37:50.825987+00:00 [running]> on host aeff5136c067
[2023-03-22T07:42:53.373+0000] {taskinstance.py:1511} INFO - Exporting the following env vars:
AIRFLOW_CTX_DAG_EMAIL=***@example.com
AIRFLOW_CTX_DAG_OWNER=***
AIRFLOW_CTX_DAG_ID=sql_dags
AIRFLOW_CTX_TASK_ID=load_from_mysql
AIRFLOW_CTX_EXECUTION_DATE=2023-03-22T07:37:50.825987+00:00
AIRFLOW_CTX_TRY_NUMBER=1
AIRFLOW_CTX_DAG_RUN_ID=scheduled__2023-03-22T07:37:50.825987+00:00
[2023-03-22T07:42:53.411+0000] {logging_mixin.py:137} INFO - Empty DataFrame
Columns: [stock_name, open, high, low, close, volume, dividends, stock, splits]
Index: []
[2023-03-22T07:42:53.412+0000] {python.py:177} INFO - Done. Returned value was: None
[2023-03-22T07:42:53.424+0000] {taskinstance.py:1326} INFO - Marking task as SUCCESS. dag_id=sql_dags, task_id=load_from_mysql, execution_date=20230322T073750, start_date=20230322T074252, end_date=20230322T074253
[2023-03-22T07:42:53.477+0000] {local_task_job.py:212} INFO - Task exited with return code 0
[2023-03-22T07:42:53.661+0000] {taskinstance.py:2585} INFO - 0 downstream tasks scheduled from follow-on schedule check
