[2023-03-17 08:07:36,985] {taskinstance.py:1179} INFO - Dependencies all met for <TaskInstance: download_stock.download_price scheduled__2023-03-17T08:02:35.682729+00:00 [queued]>
[2023-03-17 08:07:36,995] {taskinstance.py:1179} INFO - Dependencies all met for <TaskInstance: download_stock.download_price scheduled__2023-03-17T08:02:35.682729+00:00 [queued]>
[2023-03-17 08:07:36,996] {taskinstance.py:1376} INFO - 
--------------------------------------------------------------------------------
[2023-03-17 08:07:36,996] {taskinstance.py:1377} INFO - Starting attempt 1 of 2
[2023-03-17 08:07:36,997] {taskinstance.py:1378} INFO - 
--------------------------------------------------------------------------------
[2023-03-17 08:07:37,011] {taskinstance.py:1397} INFO - Executing <Task(PythonOperator): download_price> on 2023-03-17 08:02:35.682729+00:00
[2023-03-17 08:07:37,017] {standard_task_runner.py:52} INFO - Started process 1089 to run task
[2023-03-17 08:07:37,021] {standard_task_runner.py:79} INFO - Running: ['***', 'tasks', 'run', 'download_stock', 'download_price', 'scheduled__2023-03-17T08:02:35.682729+00:00', '--job-id', '58', '--raw', '--subdir', 'DAGS_FOLDER/download_stock_price.py', '--cfg-path', '/tmp/tmp3usf8xcu', '--error-file', '/tmp/tmp4g4_rkth']
[2023-03-17 08:07:37,024] {standard_task_runner.py:80} INFO - Job 58: Subtask download_price
[2023-03-17 08:07:37,117] {task_command.py:371} INFO - Running <TaskInstance: download_stock.download_price scheduled__2023-03-17T08:02:35.682729+00:00 [running]> on host 6b2dd5cdd356
[2023-03-17 08:07:37,194] {taskinstance.py:1591} INFO - Exporting the following env vars:
AIRFLOW_CTX_DAG_EMAIL=***@example.com
AIRFLOW_CTX_DAG_OWNER=***
AIRFLOW_CTX_DAG_ID=download_stock
AIRFLOW_CTX_TASK_ID=download_price
AIRFLOW_CTX_EXECUTION_DATE=2023-03-17T08:02:35.682729+00:00
AIRFLOW_CTX_TRY_NUMBER=1
AIRFLOW_CTX_DAG_RUN_ID=scheduled__2023-03-17T08:02:35.682729+00:00
[2023-03-17 08:07:37,773] {logging_mixin.py:115} INFO - <class 'pandas.core.frame.DataFrame'>
[2023-03-17 08:07:37,774] {logging_mixin.py:115} INFO - (9328, 7)
[2023-03-17 08:07:37,774] {python.py:173} INFO - Done. Returned value was: None
[2023-03-17 08:07:37,788] {taskinstance.py:1420} INFO - Marking task as SUCCESS. dag_id=download_stock, task_id=download_price, execution_date=20230317T080235, start_date=20230317T080736, end_date=20230317T080737
[2023-03-17 08:07:37,851] {local_task_job.py:156} INFO - Task exited with return code 0
[2023-03-17 08:07:37,887] {local_task_job.py:273} INFO - 0 downstream tasks scheduled from follow-on schedule check
