[2023-03-22 04:17:27,532] {taskinstance.py:1179} INFO - Dependencies all met for <TaskInstance: download_stock.download_price scheduled__2023-03-22T04:12:25.916668+00:00 [queued]>
[2023-03-22 04:17:27,541] {taskinstance.py:1179} INFO - Dependencies all met for <TaskInstance: download_stock.download_price scheduled__2023-03-22T04:12:25.916668+00:00 [queued]>
[2023-03-22 04:17:27,542] {taskinstance.py:1376} INFO - 
--------------------------------------------------------------------------------
[2023-03-22 04:17:27,542] {taskinstance.py:1377} INFO - Starting attempt 1 of 2
[2023-03-22 04:17:27,543] {taskinstance.py:1378} INFO - 
--------------------------------------------------------------------------------
[2023-03-22 04:17:27,557] {taskinstance.py:1397} INFO - Executing <Task(PythonOperator): download_price> on 2023-03-22 04:12:25.916668+00:00
[2023-03-22 04:17:27,563] {standard_task_runner.py:52} INFO - Started process 1061 to run task
[2023-03-22 04:17:27,567] {standard_task_runner.py:79} INFO - Running: ['***', 'tasks', 'run', 'download_stock', 'download_price', 'scheduled__2023-03-22T04:12:25.916668+00:00', '--job-id', '225', '--raw', '--subdir', 'DAGS_FOLDER/download_stock_price.py', '--cfg-path', '/tmp/tmpsk49eb9z', '--error-file', '/tmp/tmp3y2kkhp5']
[2023-03-22 04:17:27,569] {standard_task_runner.py:80} INFO - Job 225: Subtask download_price
[2023-03-22 04:17:27,639] {task_command.py:371} INFO - Running <TaskInstance: download_stock.download_price scheduled__2023-03-22T04:12:25.916668+00:00 [running]> on host f5fe9057b95b
[2023-03-22 04:17:27,707] {taskinstance.py:1591} INFO - Exporting the following env vars:
AIRFLOW_CTX_DAG_EMAIL=***@example.com
AIRFLOW_CTX_DAG_OWNER=***
AIRFLOW_CTX_DAG_ID=download_stock
AIRFLOW_CTX_TASK_ID=download_price
AIRFLOW_CTX_EXECUTION_DATE=2023-03-22T04:12:25.916668+00:00
AIRFLOW_CTX_TRY_NUMBER=1
AIRFLOW_CTX_DAG_RUN_ID=scheduled__2023-03-22T04:12:25.916668+00:00
[2023-03-22 04:17:27,717] {logging_mixin.py:115} INFO - None
[2023-03-22 04:17:28,978] {logging_mixin.py:115} INFO - Finished downloading IBM data.
[2023-03-22 04:17:30,011] {logging_mixin.py:115} INFO - Finished downloading GE data.
[2023-03-22 04:17:30,809] {logging_mixin.py:115} INFO - Finished downloading AAPL data.
[2023-03-22 04:17:31,489] {logging_mixin.py:115} INFO - Finished downloading MSFT data.
[2023-03-22 04:17:31,489] {python.py:173} INFO - Done. Returned value was: None
[2023-03-22 04:17:31,502] {taskinstance.py:1420} INFO - Marking task as SUCCESS. dag_id=download_stock, task_id=download_price, execution_date=20230322T041225, start_date=20230322T041727, end_date=20230322T041731
[2023-03-22 04:17:31,557] {local_task_job.py:156} INFO - Task exited with return code 0
[2023-03-22 04:17:31,593] {local_task_job.py:273} INFO - 0 downstream tasks scheduled from follow-on schedule check
