[2023-03-21 04:00:05,373] {taskinstance.py:1179} INFO - Dependencies all met for <TaskInstance: download_stock.download_price manual__2023-03-21T04:00:03.127540+00:00 [queued]>
[2023-03-21 04:00:05,386] {taskinstance.py:1179} INFO - Dependencies all met for <TaskInstance: download_stock.download_price manual__2023-03-21T04:00:03.127540+00:00 [queued]>
[2023-03-21 04:00:05,387] {taskinstance.py:1376} INFO - 
--------------------------------------------------------------------------------
[2023-03-21 04:00:05,387] {taskinstance.py:1377} INFO - Starting attempt 1 of 2
[2023-03-21 04:00:05,388] {taskinstance.py:1378} INFO - 
--------------------------------------------------------------------------------
[2023-03-21 04:00:05,410] {taskinstance.py:1397} INFO - Executing <Task(PythonOperator): download_price> on 2023-03-21 04:00:03.127540+00:00
[2023-03-21 04:00:05,417] {standard_task_runner.py:52} INFO - Started process 372 to run task
[2023-03-21 04:00:05,423] {standard_task_runner.py:79} INFO - Running: ['***', 'tasks', 'run', 'download_stock', 'download_price', 'manual__2023-03-21T04:00:03.127540+00:00', '--job-id', '145', '--raw', '--subdir', 'DAGS_FOLDER/download_stock_price.py', '--cfg-path', '/tmp/tmpzucqucyi', '--error-file', '/tmp/tmpj_s3km9j']
[2023-03-21 04:00:05,428] {standard_task_runner.py:80} INFO - Job 145: Subtask download_price
[2023-03-21 04:00:05,560] {task_command.py:371} INFO - Running <TaskInstance: download_stock.download_price manual__2023-03-21T04:00:03.127540+00:00 [running]> on host 6b2dd5cdd356
[2023-03-21 04:00:05,689] {taskinstance.py:1591} INFO - Exporting the following env vars:
AIRFLOW_CTX_DAG_EMAIL=***@example.com
AIRFLOW_CTX_DAG_OWNER=***
AIRFLOW_CTX_DAG_ID=download_stock
AIRFLOW_CTX_TASK_ID=download_price
AIRFLOW_CTX_EXECUTION_DATE=2023-03-21T04:00:03.127540+00:00
AIRFLOW_CTX_TRY_NUMBER=1
AIRFLOW_CTX_DAG_RUN_ID=manual__2023-03-21T04:00:03.127540+00:00
[2023-03-21 04:00:06,371] {logging_mixin.py:115} INFO - <class 'pandas.core.frame.DataFrame'>
[2023-03-21 04:00:06,372] {logging_mixin.py:115} INFO - (9330, 7)
[2023-03-21 04:00:06,372] {logging_mixin.py:115} INFO - /opt/***
[2023-03-21 04:00:06,707] {logging_mixin.py:115} INFO - Finished downloading MSFT data.
[2023-03-21 04:00:06,708] {python.py:173} INFO - Done. Returned value was: None
[2023-03-21 04:00:06,721] {taskinstance.py:1420} INFO - Marking task as SUCCESS. dag_id=download_stock, task_id=download_price, execution_date=20230321T040003, start_date=20230321T040005, end_date=20230321T040006
[2023-03-21 04:00:06,764] {local_task_job.py:156} INFO - Task exited with return code 0
[2023-03-21 04:00:06,796] {local_task_job.py:273} INFO - 0 downstream tasks scheduled from follow-on schedule check
