[2023-03-23T00:28:56.258+0000] {taskinstance.py:1084} INFO - Dependencies all met for dep_context=non-requeueable deps ti=<TaskInstance: sql_dags.write_to_mysql manual__2023-03-23T00:28:54.413139+00:00 [queued]>
[2023-03-23T00:28:56.272+0000] {taskinstance.py:1084} INFO - Dependencies all met for dep_context=requeueable deps ti=<TaskInstance: sql_dags.write_to_mysql manual__2023-03-23T00:28:54.413139+00:00 [queued]>
[2023-03-23T00:28:56.273+0000] {taskinstance.py:1282} INFO - 
--------------------------------------------------------------------------------
[2023-03-23T00:28:56.274+0000] {taskinstance.py:1283} INFO - Starting attempt 1 of 2
[2023-03-23T00:28:56.275+0000] {taskinstance.py:1284} INFO - 
--------------------------------------------------------------------------------
[2023-03-23T00:28:56.297+0000] {taskinstance.py:1303} INFO - Executing <Task(PythonOperator): write_to_mysql> on 2023-03-23 00:28:54.413139+00:00
[2023-03-23T00:28:56.308+0000] {standard_task_runner.py:55} INFO - Started process 3285 to run task
[2023-03-23T00:28:56.317+0000] {standard_task_runner.py:82} INFO - Running: ['***', 'tasks', 'run', 'sql_dags', 'write_to_mysql', 'manual__2023-03-23T00:28:54.413139+00:00', '--job-id', '453', '--raw', '--subdir', 'DAGS_FOLDER/sql_dags.py', '--cfg-path', '/tmp/tmp4sdodfpu']
[2023-03-23T00:28:56.319+0000] {standard_task_runner.py:83} INFO - Job 453: Subtask write_to_mysql
[2023-03-23T00:28:56.639+0000] {task_command.py:388} INFO - Running <TaskInstance: sql_dags.write_to_mysql manual__2023-03-23T00:28:54.413139+00:00 [running]> on host aeff5136c067
[2023-03-23T00:28:56.729+0000] {taskinstance.py:1511} INFO - Exporting the following env vars:
AIRFLOW_CTX_DAG_EMAIL=***@example.com
AIRFLOW_CTX_DAG_OWNER=***
AIRFLOW_CTX_DAG_ID=sql_dags
AIRFLOW_CTX_TASK_ID=write_to_mysql
AIRFLOW_CTX_EXECUTION_DATE=2023-03-23T00:28:54.413139+00:00
AIRFLOW_CTX_TRY_NUMBER=1
AIRFLOW_CTX_DAG_RUN_ID=manual__2023-03-23T00:28:54.413139+00:00
[2023-03-23T00:28:57.305+0000] {logging_mixin.py:137} INFO - Index(['stock_name', 'open', 'high', 'low', 'close', 'volume', 'dividends',
       'stock splits'],
      dtype='object')
[2023-03-23T00:28:57.306+0000] {logging_mixin.py:137} INFO - Finished downloading IBM data.
[2023-03-23T00:28:58.363+0000] {logging_mixin.py:137} INFO - Index(['stock_name', 'open', 'high', 'low', 'close', 'volume', 'dividends',
       'stock splits'],
      dtype='object')
[2023-03-23T00:28:58.363+0000] {logging_mixin.py:137} INFO - Finished downloading GE data.
[2023-03-23T00:28:58.843+0000] {logging_mixin.py:137} INFO - Index(['stock_name', 'open', 'high', 'low', 'close', 'volume', 'dividends',
       'stock splits'],
      dtype='object')
[2023-03-23T00:28:58.844+0000] {logging_mixin.py:137} INFO - Finished downloading AAPL data.
[2023-03-23T00:28:59.188+0000] {logging_mixin.py:137} INFO - Index(['stock_name', 'open', 'high', 'low', 'close', 'volume', 'dividends',
       'stock splits'],
      dtype='object')
[2023-03-23T00:28:59.189+0000] {logging_mixin.py:137} INFO - Finished downloading MSFT data.
[2023-03-23T00:28:59.190+0000] {python.py:177} INFO - Done. Returned value was: None
[2023-03-23T00:28:59.202+0000] {taskinstance.py:1326} INFO - Marking task as SUCCESS. dag_id=sql_dags, task_id=write_to_mysql, execution_date=20230323T002854, start_date=20230323T002856, end_date=20230323T002859
[2023-03-23T00:28:59.279+0000] {local_task_job.py:212} INFO - Task exited with return code 0
[2023-03-23T00:28:59.475+0000] {taskinstance.py:2585} INFO - 0 downstream tasks scheduled from follow-on schedule check
