[2023-03-21 06:14:48,452] {taskinstance.py:1179} INFO - Dependencies all met for <TaskInstance: download_stock.download_price scheduled__2023-03-21T06:09:47.491033+00:00 [queued]>
[2023-03-21 06:14:48,461] {taskinstance.py:1179} INFO - Dependencies all met for <TaskInstance: download_stock.download_price scheduled__2023-03-21T06:09:47.491033+00:00 [queued]>
[2023-03-21 06:14:48,462] {taskinstance.py:1376} INFO - 
--------------------------------------------------------------------------------
[2023-03-21 06:14:48,462] {taskinstance.py:1377} INFO - Starting attempt 1 of 2
[2023-03-21 06:14:48,463] {taskinstance.py:1378} INFO - 
--------------------------------------------------------------------------------
[2023-03-21 06:14:48,475] {taskinstance.py:1397} INFO - Executing <Task(PythonOperator): download_price> on 2023-03-21 06:09:47.491033+00:00
[2023-03-21 06:14:48,480] {standard_task_runner.py:52} INFO - Started process 2788 to run task
[2023-03-21 06:14:48,483] {standard_task_runner.py:79} INFO - Running: ['***', 'tasks', 'run', 'download_stock', 'download_price', 'scheduled__2023-03-21T06:09:47.491033+00:00', '--job-id', '179', '--raw', '--subdir', 'DAGS_FOLDER/download_stock_price.py', '--cfg-path', '/tmp/tmptmv7q1pz', '--error-file', '/tmp/tmpz1vh6nxq']
[2023-03-21 06:14:48,486] {standard_task_runner.py:80} INFO - Job 179: Subtask download_price
[2023-03-21 06:14:48,554] {task_command.py:371} INFO - Running <TaskInstance: download_stock.download_price scheduled__2023-03-21T06:09:47.491033+00:00 [running]> on host 6b2dd5cdd356
[2023-03-21 06:14:48,624] {taskinstance.py:1591} INFO - Exporting the following env vars:
AIRFLOW_CTX_DAG_EMAIL=***@example.com
AIRFLOW_CTX_DAG_OWNER=***
AIRFLOW_CTX_DAG_ID=download_stock
AIRFLOW_CTX_TASK_ID=download_price
AIRFLOW_CTX_EXECUTION_DATE=2023-03-21T06:09:47.491033+00:00
AIRFLOW_CTX_TRY_NUMBER=1
AIRFLOW_CTX_DAG_RUN_ID=scheduled__2023-03-21T06:09:47.491033+00:00
[2023-03-21 06:14:48,634] {logging_mixin.py:115} INFO - None
[2023-03-21 06:14:49,894] {logging_mixin.py:115} INFO - Finished downloading IBM data.
[2023-03-21 06:14:50,972] {logging_mixin.py:115} INFO - Finished downloading GE data.
[2023-03-21 06:14:51,743] {logging_mixin.py:115} INFO - Finished downloading AAPL data.
[2023-03-21 06:14:52,361] {logging_mixin.py:115} INFO - Finished downloading MSFT data.
[2023-03-21 06:14:52,361] {python.py:173} INFO - Done. Returned value was: None
[2023-03-21 06:14:52,374] {taskinstance.py:1420} INFO - Marking task as SUCCESS. dag_id=download_stock, task_id=download_price, execution_date=20230321T060947, start_date=20230321T061448, end_date=20230321T061452
[2023-03-21 06:14:52,434] {local_task_job.py:156} INFO - Task exited with return code 0
[2023-03-21 06:14:52,471] {local_task_job.py:273} INFO - 0 downstream tasks scheduled from follow-on schedule check
