[2023-03-21 03:17:41,640] {taskinstance.py:1179} INFO - Dependencies all met for <TaskInstance: download_stock.download_price scheduled__2023-03-21T03:12:40.470172+00:00 [queued]>
[2023-03-21 03:17:41,651] {taskinstance.py:1179} INFO - Dependencies all met for <TaskInstance: download_stock.download_price scheduled__2023-03-21T03:12:40.470172+00:00 [queued]>
[2023-03-21 03:17:41,652] {taskinstance.py:1376} INFO - 
--------------------------------------------------------------------------------
[2023-03-21 03:17:41,653] {taskinstance.py:1377} INFO - Starting attempt 1 of 2
[2023-03-21 03:17:41,654] {taskinstance.py:1378} INFO - 
--------------------------------------------------------------------------------
[2023-03-21 03:17:41,671] {taskinstance.py:1397} INFO - Executing <Task(PythonOperator): download_price> on 2023-03-21 03:12:40.470172+00:00
[2023-03-21 03:17:41,677] {standard_task_runner.py:52} INFO - Started process 965 to run task
[2023-03-21 03:17:41,681] {standard_task_runner.py:79} INFO - Running: ['***', 'tasks', 'run', 'download_stock', 'download_price', 'scheduled__2023-03-21T03:12:40.470172+00:00', '--job-id', '92', '--raw', '--subdir', 'DAGS_FOLDER/download_stock_price.py', '--cfg-path', '/tmp/tmpcdwvc4qr', '--error-file', '/tmp/tmpn_loc4pg']
[2023-03-21 03:17:41,684] {standard_task_runner.py:80} INFO - Job 92: Subtask download_price
[2023-03-21 03:17:41,761] {task_command.py:371} INFO - Running <TaskInstance: download_stock.download_price scheduled__2023-03-21T03:12:40.470172+00:00 [running]> on host 6b2dd5cdd356
[2023-03-21 03:17:41,836] {taskinstance.py:1591} INFO - Exporting the following env vars:
AIRFLOW_CTX_DAG_EMAIL=***@example.com
AIRFLOW_CTX_DAG_OWNER=***
AIRFLOW_CTX_DAG_ID=download_stock
AIRFLOW_CTX_TASK_ID=download_price
AIRFLOW_CTX_EXECUTION_DATE=2023-03-21T03:12:40.470172+00:00
AIRFLOW_CTX_TRY_NUMBER=1
AIRFLOW_CTX_DAG_RUN_ID=scheduled__2023-03-21T03:12:40.470172+00:00
[2023-03-21 03:17:42,447] {logging_mixin.py:115} INFO - <class 'pandas.core.frame.DataFrame'>
[2023-03-21 03:17:42,448] {logging_mixin.py:115} INFO - (9330, 7)
[2023-03-21 03:17:42,449] {python.py:173} INFO - Done. Returned value was: None
[2023-03-21 03:17:42,465] {taskinstance.py:1420} INFO - Marking task as SUCCESS. dag_id=download_stock, task_id=download_price, execution_date=20230321T031240, start_date=20230321T031741, end_date=20230321T031742
[2023-03-21 03:17:42,503] {local_task_job.py:156} INFO - Task exited with return code 0
[2023-03-21 03:17:42,538] {local_task_job.py:273} INFO - 0 downstream tasks scheduled from follow-on schedule check
