[2023-03-23T00:25:21.562+0000] {taskinstance.py:1084} INFO - Dependencies all met for dep_context=non-requeueable deps ti=<TaskInstance: sql_dags.write_to_mysql scheduled__2023-03-23T00:20:18.054625+00:00 [queued]>
[2023-03-23T00:25:21.583+0000] {taskinstance.py:1084} INFO - Dependencies all met for dep_context=requeueable deps ti=<TaskInstance: sql_dags.write_to_mysql scheduled__2023-03-23T00:20:18.054625+00:00 [queued]>
[2023-03-23T00:25:21.584+0000] {taskinstance.py:1282} INFO - 
--------------------------------------------------------------------------------
[2023-03-23T00:25:21.586+0000] {taskinstance.py:1283} INFO - Starting attempt 1 of 2
[2023-03-23T00:25:21.588+0000] {taskinstance.py:1284} INFO - 
--------------------------------------------------------------------------------
[2023-03-23T00:25:21.644+0000] {taskinstance.py:1303} INFO - Executing <Task(PythonOperator): write_to_mysql> on 2023-03-23 00:20:18.054625+00:00
[2023-03-23T00:25:21.664+0000] {standard_task_runner.py:55} INFO - Started process 3186 to run task
[2023-03-23T00:25:21.686+0000] {standard_task_runner.py:82} INFO - Running: ['***', 'tasks', 'run', 'sql_dags', 'write_to_mysql', 'scheduled__2023-03-23T00:20:18.054625+00:00', '--job-id', '447', '--raw', '--subdir', 'DAGS_FOLDER/sql_dags.py', '--cfg-path', '/tmp/tmptrva15_k']
[2023-03-23T00:25:21.688+0000] {standard_task_runner.py:83} INFO - Job 447: Subtask write_to_mysql
[2023-03-23T00:25:21.980+0000] {task_command.py:388} INFO - Running <TaskInstance: sql_dags.write_to_mysql scheduled__2023-03-23T00:20:18.054625+00:00 [running]> on host aeff5136c067
[2023-03-23T00:25:22.183+0000] {taskinstance.py:1511} INFO - Exporting the following env vars:
AIRFLOW_CTX_DAG_EMAIL=***@example.com
AIRFLOW_CTX_DAG_OWNER=***
AIRFLOW_CTX_DAG_ID=sql_dags
AIRFLOW_CTX_TASK_ID=write_to_mysql
AIRFLOW_CTX_EXECUTION_DATE=2023-03-23T00:20:18.054625+00:00
AIRFLOW_CTX_TRY_NUMBER=1
AIRFLOW_CTX_DAG_RUN_ID=scheduled__2023-03-23T00:20:18.054625+00:00
[2023-03-23T00:25:24.234+0000] {logging_mixin.py:137} INFO - Index(['stock_name', 'open', 'high', 'low', 'close', 'volume', 'dividends',
       'stock splits'],
      dtype='object')
[2023-03-23T00:25:24.235+0000] {logging_mixin.py:137} INFO - Finished downloading IBM data.
[2023-03-23T00:25:25.128+0000] {logging_mixin.py:137} INFO - Index(['stock_name', 'open', 'high', 'low', 'close', 'volume', 'dividends',
       'stock splits'],
      dtype='object')
[2023-03-23T00:25:25.130+0000] {logging_mixin.py:137} INFO - Finished downloading GE data.
[2023-03-23T00:25:25.876+0000] {logging_mixin.py:137} INFO - Index(['stock_name', 'open', 'high', 'low', 'close', 'volume', 'dividends',
       'stock splits'],
      dtype='object')
[2023-03-23T00:25:25.877+0000] {logging_mixin.py:137} INFO - Finished downloading AAPL data.
[2023-03-23T00:25:26.329+0000] {logging_mixin.py:137} INFO - Index(['stock_name', 'open', 'high', 'low', 'close', 'volume', 'dividends',
       'stock splits'],
      dtype='object')
[2023-03-23T00:25:26.330+0000] {logging_mixin.py:137} INFO - Finished downloading MSFT data.
[2023-03-23T00:25:26.332+0000] {python.py:177} INFO - Done. Returned value was: None
[2023-03-23T00:25:26.351+0000] {taskinstance.py:1326} INFO - Marking task as SUCCESS. dag_id=sql_dags, task_id=write_to_mysql, execution_date=20230323T002018, start_date=20230323T002521, end_date=20230323T002526
[2023-03-23T00:25:26.430+0000] {local_task_job.py:212} INFO - Task exited with return code 0
[2023-03-23T00:25:26.461+0000] {taskinstance.py:2585} INFO - 0 downstream tasks scheduled from follow-on schedule check
