[2023-03-23T00:31:44.011+0000] {taskinstance.py:1084} INFO - Dependencies all met for dep_context=non-requeueable deps ti=<TaskInstance: sql_dags.write_to_mysql manual__2023-03-23T00:31:42.585834+00:00 [queued]>
[2023-03-23T00:31:44.021+0000] {taskinstance.py:1084} INFO - Dependencies all met for dep_context=requeueable deps ti=<TaskInstance: sql_dags.write_to_mysql manual__2023-03-23T00:31:42.585834+00:00 [queued]>
[2023-03-23T00:31:44.022+0000] {taskinstance.py:1282} INFO - 
--------------------------------------------------------------------------------
[2023-03-23T00:31:44.022+0000] {taskinstance.py:1283} INFO - Starting attempt 1 of 2
[2023-03-23T00:31:44.023+0000] {taskinstance.py:1284} INFO - 
--------------------------------------------------------------------------------
[2023-03-23T00:31:44.038+0000] {taskinstance.py:1303} INFO - Executing <Task(PythonOperator): write_to_mysql> on 2023-03-23 00:31:42.585834+00:00
[2023-03-23T00:31:44.044+0000] {standard_task_runner.py:55} INFO - Started process 3364 to run task
[2023-03-23T00:31:44.049+0000] {standard_task_runner.py:82} INFO - Running: ['***', 'tasks', 'run', 'sql_dags', 'write_to_mysql', 'manual__2023-03-23T00:31:42.585834+00:00', '--job-id', '456', '--raw', '--subdir', 'DAGS_FOLDER/sql_dags.py', '--cfg-path', '/tmp/tmp98vpg6xm']
[2023-03-23T00:31:44.051+0000] {standard_task_runner.py:83} INFO - Job 456: Subtask write_to_mysql
[2023-03-23T00:31:44.542+0000] {task_command.py:388} INFO - Running <TaskInstance: sql_dags.write_to_mysql manual__2023-03-23T00:31:42.585834+00:00 [running]> on host aeff5136c067
[2023-03-23T00:31:44.637+0000] {taskinstance.py:1511} INFO - Exporting the following env vars:
AIRFLOW_CTX_DAG_EMAIL=***@example.com
AIRFLOW_CTX_DAG_OWNER=***
AIRFLOW_CTX_DAG_ID=sql_dags
AIRFLOW_CTX_TASK_ID=write_to_mysql
AIRFLOW_CTX_EXECUTION_DATE=2023-03-23T00:31:42.585834+00:00
AIRFLOW_CTX_TRY_NUMBER=1
AIRFLOW_CTX_DAG_RUN_ID=manual__2023-03-23T00:31:42.585834+00:00
[2023-03-23T00:31:45.446+0000] {logging_mixin.py:137} INFO - Index(['date', 'stock_name', 'open', 'high', 'low', 'close', 'volume',
       'dividends', 'stock_splits'],
      dtype='object')
[2023-03-23T00:31:45.447+0000] {logging_mixin.py:137} INFO - Finished downloading IBM data.
[2023-03-23T00:31:46.161+0000] {logging_mixin.py:137} INFO - Index(['date', 'stock_name', 'open', 'high', 'low', 'close', 'volume',
       'dividends', 'stock_splits'],
      dtype='object')
[2023-03-23T00:31:46.162+0000] {logging_mixin.py:137} INFO - Finished downloading GE data.
[2023-03-23T00:31:46.651+0000] {logging_mixin.py:137} INFO - Index(['date', 'stock_name', 'open', 'high', 'low', 'close', 'volume',
       'dividends', 'stock_splits'],
      dtype='object')
[2023-03-23T00:31:46.653+0000] {logging_mixin.py:137} INFO - Finished downloading AAPL data.
[2023-03-23T00:31:47.134+0000] {logging_mixin.py:137} INFO - Index(['date', 'stock_name', 'open', 'high', 'low', 'close', 'volume',
       'dividends', 'stock_splits'],
      dtype='object')
[2023-03-23T00:31:47.135+0000] {logging_mixin.py:137} INFO - Finished downloading MSFT data.
[2023-03-23T00:31:47.136+0000] {python.py:177} INFO - Done. Returned value was: None
[2023-03-23T00:31:47.149+0000] {taskinstance.py:1326} INFO - Marking task as SUCCESS. dag_id=sql_dags, task_id=write_to_mysql, execution_date=20230323T003142, start_date=20230323T003144, end_date=20230323T003147
[2023-03-23T00:31:47.192+0000] {local_task_job.py:212} INFO - Task exited with return code 0
[2023-03-23T00:31:47.390+0000] {taskinstance.py:2585} INFO - 0 downstream tasks scheduled from follow-on schedule check
