[2023-03-21 05:44:49,211] {taskinstance.py:1179} INFO - Dependencies all met for <TaskInstance: download_stock.download_price scheduled__2023-03-21T05:39:47.491033+00:00 [queued]>
[2023-03-21 05:44:49,220] {taskinstance.py:1179} INFO - Dependencies all met for <TaskInstance: download_stock.download_price scheduled__2023-03-21T05:39:47.491033+00:00 [queued]>
[2023-03-21 05:44:49,221] {taskinstance.py:1376} INFO - 
--------------------------------------------------------------------------------
[2023-03-21 05:44:49,222] {taskinstance.py:1377} INFO - Starting attempt 1 of 2
[2023-03-21 05:44:49,222] {taskinstance.py:1378} INFO - 
--------------------------------------------------------------------------------
[2023-03-21 05:44:49,236] {taskinstance.py:1397} INFO - Executing <Task(PythonOperator): download_price> on 2023-03-21 05:39:47.491033+00:00
[2023-03-21 05:44:49,241] {standard_task_runner.py:52} INFO - Started process 2246 to run task
[2023-03-21 05:44:49,246] {standard_task_runner.py:79} INFO - Running: ['***', 'tasks', 'run', 'download_stock', 'download_price', 'scheduled__2023-03-21T05:39:47.491033+00:00', '--job-id', '169', '--raw', '--subdir', 'DAGS_FOLDER/download_stock_price.py', '--cfg-path', '/tmp/tmpx3cq_8kg', '--error-file', '/tmp/tmphb58jgiw']
[2023-03-21 05:44:49,248] {standard_task_runner.py:80} INFO - Job 169: Subtask download_price
[2023-03-21 05:44:49,323] {task_command.py:371} INFO - Running <TaskInstance: download_stock.download_price scheduled__2023-03-21T05:39:47.491033+00:00 [running]> on host 6b2dd5cdd356
[2023-03-21 05:44:49,404] {taskinstance.py:1591} INFO - Exporting the following env vars:
AIRFLOW_CTX_DAG_EMAIL=***@example.com
AIRFLOW_CTX_DAG_OWNER=***
AIRFLOW_CTX_DAG_ID=download_stock
AIRFLOW_CTX_TASK_ID=download_price
AIRFLOW_CTX_EXECUTION_DATE=2023-03-21T05:39:47.491033+00:00
AIRFLOW_CTX_TRY_NUMBER=1
AIRFLOW_CTX_DAG_RUN_ID=scheduled__2023-03-21T05:39:47.491033+00:00
[2023-03-21 05:44:50,633] {logging_mixin.py:115} INFO - Finished downloading IBM data.
[2023-03-21 05:44:51,620] {logging_mixin.py:115} INFO - Finished downloading GE data.
[2023-03-21 05:44:52,308] {logging_mixin.py:115} INFO - Finished downloading AAPL data.
[2023-03-21 05:44:53,064] {logging_mixin.py:115} INFO - Finished downloading MSFT data.
[2023-03-21 05:44:53,064] {python.py:173} INFO - Done. Returned value was: None
[2023-03-21 05:44:53,077] {taskinstance.py:1420} INFO - Marking task as SUCCESS. dag_id=download_stock, task_id=download_price, execution_date=20230321T053947, start_date=20230321T054449, end_date=20230321T054453
[2023-03-21 05:44:53,109] {local_task_job.py:156} INFO - Task exited with return code 0
[2023-03-21 05:44:53,146] {local_task_job.py:273} INFO - 0 downstream tasks scheduled from follow-on schedule check
