[2023-03-21 07:14:48,569] {taskinstance.py:1179} INFO - Dependencies all met for <TaskInstance: download_stock.download_price scheduled__2023-03-21T07:09:47.491033+00:00 [queued]>
[2023-03-21 07:14:48,577] {taskinstance.py:1179} INFO - Dependencies all met for <TaskInstance: download_stock.download_price scheduled__2023-03-21T07:09:47.491033+00:00 [queued]>
[2023-03-21 07:14:48,578] {taskinstance.py:1376} INFO - 
--------------------------------------------------------------------------------
[2023-03-21 07:14:48,578] {taskinstance.py:1377} INFO - Starting attempt 1 of 2
[2023-03-21 07:14:48,579] {taskinstance.py:1378} INFO - 
--------------------------------------------------------------------------------
[2023-03-21 07:14:48,591] {taskinstance.py:1397} INFO - Executing <Task(PythonOperator): download_price> on 2023-03-21 07:09:47.491033+00:00
[2023-03-21 07:14:48,597] {standard_task_runner.py:52} INFO - Started process 3850 to run task
[2023-03-21 07:14:48,601] {standard_task_runner.py:79} INFO - Running: ['***', 'tasks', 'run', 'download_stock', 'download_price', 'scheduled__2023-03-21T07:09:47.491033+00:00', '--job-id', '191', '--raw', '--subdir', 'DAGS_FOLDER/download_stock_price.py', '--cfg-path', '/tmp/tmp_7cyrvdz', '--error-file', '/tmp/tmp_srgwl_0']
[2023-03-21 07:14:48,603] {standard_task_runner.py:80} INFO - Job 191: Subtask download_price
[2023-03-21 07:14:48,677] {task_command.py:371} INFO - Running <TaskInstance: download_stock.download_price scheduled__2023-03-21T07:09:47.491033+00:00 [running]> on host 6b2dd5cdd356
[2023-03-21 07:14:48,752] {taskinstance.py:1591} INFO - Exporting the following env vars:
AIRFLOW_CTX_DAG_EMAIL=***@example.com
AIRFLOW_CTX_DAG_OWNER=***
AIRFLOW_CTX_DAG_ID=download_stock
AIRFLOW_CTX_TASK_ID=download_price
AIRFLOW_CTX_EXECUTION_DATE=2023-03-21T07:09:47.491033+00:00
AIRFLOW_CTX_TRY_NUMBER=1
AIRFLOW_CTX_DAG_RUN_ID=scheduled__2023-03-21T07:09:47.491033+00:00
[2023-03-21 07:14:48,762] {logging_mixin.py:115} INFO - None
[2023-03-21 07:14:50,008] {logging_mixin.py:115} INFO - Finished downloading IBM data.
[2023-03-21 07:14:51,017] {logging_mixin.py:115} INFO - Finished downloading GE data.
[2023-03-21 07:14:51,744] {logging_mixin.py:115} INFO - Finished downloading AAPL data.
[2023-03-21 07:14:52,421] {logging_mixin.py:115} INFO - Finished downloading MSFT data.
[2023-03-21 07:14:52,422] {python.py:173} INFO - Done. Returned value was: None
[2023-03-21 07:14:52,434] {taskinstance.py:1420} INFO - Marking task as SUCCESS. dag_id=download_stock, task_id=download_price, execution_date=20230321T070947, start_date=20230321T071448, end_date=20230321T071452
[2023-03-21 07:14:52,480] {local_task_job.py:156} INFO - Task exited with return code 0
[2023-03-21 07:14:52,516] {local_task_job.py:273} INFO - 0 downstream tasks scheduled from follow-on schedule check
