[2023-03-21 05:49:48,871] {taskinstance.py:1179} INFO - Dependencies all met for <TaskInstance: download_stock.download_price scheduled__2023-03-21T05:44:47.491033+00:00 [queued]>
[2023-03-21 05:49:48,879] {taskinstance.py:1179} INFO - Dependencies all met for <TaskInstance: download_stock.download_price scheduled__2023-03-21T05:44:47.491033+00:00 [queued]>
[2023-03-21 05:49:48,880] {taskinstance.py:1376} INFO - 
--------------------------------------------------------------------------------
[2023-03-21 05:49:48,880] {taskinstance.py:1377} INFO - Starting attempt 1 of 2
[2023-03-21 05:49:48,881] {taskinstance.py:1378} INFO - 
--------------------------------------------------------------------------------
[2023-03-21 05:49:48,894] {taskinstance.py:1397} INFO - Executing <Task(PythonOperator): download_price> on 2023-03-21 05:44:47.491033+00:00
[2023-03-21 05:49:48,900] {standard_task_runner.py:52} INFO - Started process 2342 to run task
[2023-03-21 05:49:48,904] {standard_task_runner.py:79} INFO - Running: ['***', 'tasks', 'run', 'download_stock', 'download_price', 'scheduled__2023-03-21T05:44:47.491033+00:00', '--job-id', '171', '--raw', '--subdir', 'DAGS_FOLDER/download_stock_price.py', '--cfg-path', '/tmp/tmprt96ql93', '--error-file', '/tmp/tmph2x8nm5_']
[2023-03-21 05:49:48,906] {standard_task_runner.py:80} INFO - Job 171: Subtask download_price
[2023-03-21 05:49:48,979] {task_command.py:371} INFO - Running <TaskInstance: download_stock.download_price scheduled__2023-03-21T05:44:47.491033+00:00 [running]> on host 6b2dd5cdd356
[2023-03-21 05:49:49,053] {taskinstance.py:1591} INFO - Exporting the following env vars:
AIRFLOW_CTX_DAG_EMAIL=***@example.com
AIRFLOW_CTX_DAG_OWNER=***
AIRFLOW_CTX_DAG_ID=download_stock
AIRFLOW_CTX_TASK_ID=download_price
AIRFLOW_CTX_EXECUTION_DATE=2023-03-21T05:44:47.491033+00:00
AIRFLOW_CTX_TRY_NUMBER=1
AIRFLOW_CTX_DAG_RUN_ID=scheduled__2023-03-21T05:44:47.491033+00:00
[2023-03-21 05:49:49,063] {logging_mixin.py:115} INFO - None
[2023-03-21 05:49:50,312] {logging_mixin.py:115} INFO - Finished downloading IBM data.
[2023-03-21 05:49:51,299] {logging_mixin.py:115} INFO - Finished downloading GE data.
[2023-03-21 05:49:52,109] {logging_mixin.py:115} INFO - Finished downloading AAPL data.
[2023-03-21 05:49:52,652] {logging_mixin.py:115} INFO - Finished downloading MSFT data.
[2023-03-21 05:49:52,652] {python.py:173} INFO - Done. Returned value was: None
[2023-03-21 05:49:52,666] {taskinstance.py:1420} INFO - Marking task as SUCCESS. dag_id=download_stock, task_id=download_price, execution_date=20230321T054447, start_date=20230321T054948, end_date=20230321T054952
[2023-03-21 05:49:52,720] {local_task_job.py:156} INFO - Task exited with return code 0
[2023-03-21 05:49:52,754] {local_task_job.py:273} INFO - 0 downstream tasks scheduled from follow-on schedule check
