[2023-03-17 07:42:37,354] {taskinstance.py:1179} INFO - Dependencies all met for <TaskInstance: download_stock.download_price scheduled__2023-03-17T07:37:35.682729+00:00 [queued]>
[2023-03-17 07:42:37,362] {taskinstance.py:1179} INFO - Dependencies all met for <TaskInstance: download_stock.download_price scheduled__2023-03-17T07:37:35.682729+00:00 [queued]>
[2023-03-17 07:42:37,363] {taskinstance.py:1376} INFO - 
--------------------------------------------------------------------------------
[2023-03-17 07:42:37,363] {taskinstance.py:1377} INFO - Starting attempt 1 of 2
[2023-03-17 07:42:37,364] {taskinstance.py:1378} INFO - 
--------------------------------------------------------------------------------
[2023-03-17 07:42:37,376] {taskinstance.py:1397} INFO - Executing <Task(PythonOperator): download_price> on 2023-03-17 07:37:35.682729+00:00
[2023-03-17 07:42:37,381] {standard_task_runner.py:52} INFO - Started process 641 to run task
[2023-03-17 07:42:37,384] {standard_task_runner.py:79} INFO - Running: ['***', 'tasks', 'run', 'download_stock', 'download_price', 'scheduled__2023-03-17T07:37:35.682729+00:00', '--job-id', '53', '--raw', '--subdir', 'DAGS_FOLDER/download_stock_price.py', '--cfg-path', '/tmp/tmphxht8k84', '--error-file', '/tmp/tmph0hyaqj5']
[2023-03-17 07:42:37,387] {standard_task_runner.py:80} INFO - Job 53: Subtask download_price
[2023-03-17 07:42:37,455] {task_command.py:371} INFO - Running <TaskInstance: download_stock.download_price scheduled__2023-03-17T07:37:35.682729+00:00 [running]> on host 6b2dd5cdd356
[2023-03-17 07:42:37,518] {taskinstance.py:1591} INFO - Exporting the following env vars:
AIRFLOW_CTX_DAG_EMAIL=***@example.com
AIRFLOW_CTX_DAG_OWNER=***
AIRFLOW_CTX_DAG_ID=download_stock
AIRFLOW_CTX_TASK_ID=download_price
AIRFLOW_CTX_EXECUTION_DATE=2023-03-17T07:37:35.682729+00:00
AIRFLOW_CTX_TRY_NUMBER=1
AIRFLOW_CTX_DAG_RUN_ID=scheduled__2023-03-17T07:37:35.682729+00:00
[2023-03-17 07:42:38,174] {logging_mixin.py:115} INFO - <class 'pandas.core.frame.DataFrame'>
[2023-03-17 07:42:38,175] {logging_mixin.py:115} INFO - (9328, 7)
[2023-03-17 07:42:38,176] {python.py:173} INFO - Done. Returned value was: None
[2023-03-17 07:42:38,189] {taskinstance.py:1420} INFO - Marking task as SUCCESS. dag_id=download_stock, task_id=download_price, execution_date=20230317T073735, start_date=20230317T074237, end_date=20230317T074238
[2023-03-17 07:42:38,250] {local_task_job.py:156} INFO - Task exited with return code 0
[2023-03-17 07:42:38,284] {local_task_job.py:273} INFO - 0 downstream tasks scheduled from follow-on schedule check
