[2023-03-22T07:43:28.998+0000] {taskinstance.py:1084} INFO - Dependencies all met for dep_context=non-requeueable deps ti=<TaskInstance: sql_dags.load_from_mysql scheduled__2023-03-22T07:33:25.054449+00:00 [queued]>
[2023-03-22T07:43:29.015+0000] {taskinstance.py:1084} INFO - Dependencies all met for dep_context=requeueable deps ti=<TaskInstance: sql_dags.load_from_mysql scheduled__2023-03-22T07:33:25.054449+00:00 [queued]>
[2023-03-22T07:43:29.016+0000] {taskinstance.py:1282} INFO - 
--------------------------------------------------------------------------------
[2023-03-22T07:43:29.017+0000] {taskinstance.py:1283} INFO - Starting attempt 2 of 2
[2023-03-22T07:43:29.018+0000] {taskinstance.py:1284} INFO - 
--------------------------------------------------------------------------------
[2023-03-22T07:43:29.036+0000] {taskinstance.py:1303} INFO - Executing <Task(PythonOperator): load_from_mysql> on 2023-03-22 07:33:25.054449+00:00
[2023-03-22T07:43:29.044+0000] {standard_task_runner.py:55} INFO - Started process 937 to run task
[2023-03-22T07:43:29.050+0000] {standard_task_runner.py:82} INFO - Running: ['***', 'tasks', 'run', 'sql_dags', 'load_from_mysql', 'scheduled__2023-03-22T07:33:25.054449+00:00', '--job-id', '392', '--raw', '--subdir', 'DAGS_FOLDER/sql_dags.py', '--cfg-path', '/tmp/tmprjlpywjq']
[2023-03-22T07:43:29.051+0000] {standard_task_runner.py:83} INFO - Job 392: Subtask load_from_mysql
[2023-03-22T07:43:29.341+0000] {task_command.py:388} INFO - Running <TaskInstance: sql_dags.load_from_mysql scheduled__2023-03-22T07:33:25.054449+00:00 [running]> on host aeff5136c067
[2023-03-22T07:43:29.420+0000] {taskinstance.py:1511} INFO - Exporting the following env vars:
AIRFLOW_CTX_DAG_EMAIL=***@example.com
AIRFLOW_CTX_DAG_OWNER=***
AIRFLOW_CTX_DAG_ID=sql_dags
AIRFLOW_CTX_TASK_ID=load_from_mysql
AIRFLOW_CTX_EXECUTION_DATE=2023-03-22T07:33:25.054449+00:00
AIRFLOW_CTX_TRY_NUMBER=2
AIRFLOW_CTX_DAG_RUN_ID=scheduled__2023-03-22T07:33:25.054449+00:00
[2023-03-22T07:43:29.460+0000] {logging_mixin.py:137} INFO - Empty DataFrame
Columns: [stock_name, open, high, low, close, volume, dividends, stock, splits]
Index: []
[2023-03-22T07:43:29.461+0000] {python.py:177} INFO - Done. Returned value was: None
[2023-03-22T07:43:29.476+0000] {taskinstance.py:1326} INFO - Marking task as SUCCESS. dag_id=sql_dags, task_id=load_from_mysql, execution_date=20230322T073325, start_date=20230322T074329, end_date=20230322T074329
[2023-03-22T07:43:29.543+0000] {local_task_job.py:212} INFO - Task exited with return code 0
[2023-03-22T07:43:29.726+0000] {taskinstance.py:2585} INFO - 0 downstream tasks scheduled from follow-on schedule check
