[2023-03-21 07:04:49,036] {taskinstance.py:1179} INFO - Dependencies all met for <TaskInstance: download_stock.download_price scheduled__2023-03-21T06:59:47.491033+00:00 [queued]>
[2023-03-21 07:04:49,045] {taskinstance.py:1179} INFO - Dependencies all met for <TaskInstance: download_stock.download_price scheduled__2023-03-21T06:59:47.491033+00:00 [queued]>
[2023-03-21 07:04:49,046] {taskinstance.py:1376} INFO - 
--------------------------------------------------------------------------------
[2023-03-21 07:04:49,046] {taskinstance.py:1377} INFO - Starting attempt 1 of 2
[2023-03-21 07:04:49,047] {taskinstance.py:1378} INFO - 
--------------------------------------------------------------------------------
[2023-03-21 07:04:49,059] {taskinstance.py:1397} INFO - Executing <Task(PythonOperator): download_price> on 2023-03-21 06:59:47.491033+00:00
[2023-03-21 07:04:49,064] {standard_task_runner.py:52} INFO - Started process 3673 to run task
[2023-03-21 07:04:49,068] {standard_task_runner.py:79} INFO - Running: ['***', 'tasks', 'run', 'download_stock', 'download_price', 'scheduled__2023-03-21T06:59:47.491033+00:00', '--job-id', '189', '--raw', '--subdir', 'DAGS_FOLDER/download_stock_price.py', '--cfg-path', '/tmp/tmpwbr41em6', '--error-file', '/tmp/tmpe4j6wrtk']
[2023-03-21 07:04:49,071] {standard_task_runner.py:80} INFO - Job 189: Subtask download_price
[2023-03-21 07:04:49,150] {task_command.py:371} INFO - Running <TaskInstance: download_stock.download_price scheduled__2023-03-21T06:59:47.491033+00:00 [running]> on host 6b2dd5cdd356
[2023-03-21 07:04:49,231] {taskinstance.py:1591} INFO - Exporting the following env vars:
AIRFLOW_CTX_DAG_EMAIL=***@example.com
AIRFLOW_CTX_DAG_OWNER=***
AIRFLOW_CTX_DAG_ID=download_stock
AIRFLOW_CTX_TASK_ID=download_price
AIRFLOW_CTX_EXECUTION_DATE=2023-03-21T06:59:47.491033+00:00
AIRFLOW_CTX_TRY_NUMBER=1
AIRFLOW_CTX_DAG_RUN_ID=scheduled__2023-03-21T06:59:47.491033+00:00
[2023-03-21 07:04:49,243] {logging_mixin.py:115} INFO - None
[2023-03-21 07:04:50,563] {logging_mixin.py:115} INFO - Finished downloading IBM data.
[2023-03-21 07:04:51,633] {logging_mixin.py:115} INFO - Finished downloading GE data.
[2023-03-21 07:04:52,466] {logging_mixin.py:115} INFO - Finished downloading AAPL data.
[2023-03-21 07:04:53,142] {logging_mixin.py:115} INFO - Finished downloading MSFT data.
[2023-03-21 07:04:53,142] {python.py:173} INFO - Done. Returned value was: None
[2023-03-21 07:04:53,154] {taskinstance.py:1420} INFO - Marking task as SUCCESS. dag_id=download_stock, task_id=download_price, execution_date=20230321T065947, start_date=20230321T070449, end_date=20230321T070453
[2023-03-21 07:04:53,203] {local_task_job.py:156} INFO - Task exited with return code 0
[2023-03-21 07:04:53,237] {local_task_job.py:273} INFO - 0 downstream tasks scheduled from follow-on schedule check
